<?xml version="1.0" encoding="UTF-8"?>
<!-- Generated by org.testng.reporters.JUnitXMLReporter -->
<testsuite ignored="0" hostname="NAIM" failures="0" tests="50" name="Test" time="470.762" errors="0" timestamp="2023-08-21T03:27:08 EDT">
  <testcase classname="webDriverPractice.test.R0017ReadExcelData" name="@BeforeMethod setup" time="0.001">
    <failure type="java.io.FileNotFoundException" message="C:\Users\naimn\DEV\IDE\eclipse\seleniumWebDriverPractice\src\main\java\webDriverPractice\initialization\Book1.xlsx (The system cannot find the path specified)">
      <![CDATA[java.io.FileNotFoundException: C:\Users\naimn\DEV\IDE\eclipse\seleniumWebDriverPractice\src\main\java\webDriverPractice\initialization\Book1.xlsx (The system cannot find the path specified)
at java.base/java.io.FileInputStream.open0(Native Method)
at java.base/java.io.FileInputStream.open(FileInputStream.java:216)
at java.base/java.io.FileInputStream.<init>(FileInputStream.java:157)
at java.base/java.io.FileInputStream.<init>(FileInputStream.java:111)
at webDriverPractice.test.R0017ReadExcelData.setup(R0017ReadExcelData.java:20)
at java.base/java.util.concurrent.ThreadPoolExecutor.runWorker(ThreadPoolExecutor.java:1136)
at java.base/java.util.concurrent.ThreadPoolExecutor$Worker.run(ThreadPoolExecutor.java:635)
at java.base/java.lang.Thread.run(Thread.java:833)
... Removed 16 stack frames]]>
    </failure>
  </testcase> <!-- @BeforeMethod setup -->
  <testcase classname="webDriverPractice.test.R0008TakeScreenShots" name="@BeforeMethod setupInitialComponents" time="4.807">
    <failure type="java.lang.IllegalArgumentException" message="http://:-1/json/version could not be parsed into a proper Uri, missing host">
      <![CDATA[java.lang.IllegalArgumentException: http://:-1/json/version could not be parsed into a proper Uri, missing host
at org.asynchttpclient.uri.Uri.create(Uri.java:73)
at org.asynchttpclient.uri.Uri.create(Uri.java:62)
at org.asynchttpclient.RequestBuilderBase.setUrl(RequestBuilderBase.java:147)
at org.asynchttpclient.Dsl.request(Dsl.java:73)
at org.openqa.selenium.remote.http.netty.NettyMessages.toNettyRequest(NettyMessages.java:57)
at org.openqa.selenium.remote.http.netty.NettyHttpHandler.makeCall(NettyHttpHandler.java:55)
at org.openqa.selenium.remote.http.AddSeleniumUserAgent.lambda$apply$0(AddSeleniumUserAgent.java:42)
at org.openqa.selenium.remote.http.Filter.lambda$andFinally$1(Filter.java:55)
at org.openqa.selenium.remote.http.netty.NettyHttpHandler.execute(NettyHttpHandler.java:48)
at org.openqa.selenium.remote.http.netty.NettyClient.execute(NettyClient.java:96)
at org.openqa.selenium.devtools.CdpEndpointFinder.getCdpEndPoint(CdpEndpointFinder.java:58)
at org.openqa.selenium.chromium.ChromiumDriver.lambda$new$3(ChromiumDriver.java:144)
at java.base/java.util.Optional.flatMap(Optional.java:289)
at org.openqa.selenium.chromium.ChromiumDriver.<init>(ChromiumDriver.java:144)
at org.openqa.selenium.chrome.ChromeDriver.<init>(ChromeDriver.java:88)
at org.openqa.selenium.chrome.ChromeDriver.<init>(ChromeDriver.java:83)
at org.openqa.selenium.chrome.ChromeDriver.<init>(ChromeDriver.java:72)
at webDriverPractice.utilities.InitialComponents.launchBrowser(InitialComponents.java:58)
at webDriverPractice.test.R0008TakeScreenShots.setupInitialComponents(R0008TakeScreenShots.java:25)
at java.base/java.util.concurrent.ThreadPoolExecutor.runWorker(ThreadPoolExecutor.java:1136)
at java.base/java.util.concurrent.ThreadPoolExecutor$Worker.run(ThreadPoolExecutor.java:635)
at java.base/java.lang.Thread.run(Thread.java:833)
... Removed 16 stack frames]]>
    </failure>
  </testcase> <!-- @BeforeMethod setupInitialComponents -->
  <testcase classname="webDriverPractice.test.R0008TakeScreenShots" name="@AfterMethod quitBrowser" time="0.0">
    <skipped/>
  </testcase> <!-- @AfterMethod quitBrowser -->
  <testcase classname="webDriverPractice.test.R0008TakeScreenShots" name="@BeforeMethod setupInitialComponents" time="0.0">
    <skipped/>
  </testcase> <!-- @BeforeMethod setupInitialComponents -->
  <testcase classname="webDriverPractice.test.R0008TakeScreenShots" name="@AfterMethod quitBrowser" time="0.0">
    <skipped/>
  </testcase> <!-- @AfterMethod quitBrowser -->
  <testcase classname="webDriverPractice.test.R0006AlertClass" name="@BeforeMethod setupInitialComponents" time="57.941">
    <failure type="java.lang.IllegalArgumentException" message="http://:-1/json/version could not be parsed into a proper Uri, missing host">
      <![CDATA[java.lang.IllegalArgumentException: http://:-1/json/version could not be parsed into a proper Uri, missing host
at org.asynchttpclient.uri.Uri.create(Uri.java:73)
at org.asynchttpclient.uri.Uri.create(Uri.java:62)
at org.asynchttpclient.RequestBuilderBase.setUrl(RequestBuilderBase.java:147)
at org.asynchttpclient.Dsl.request(Dsl.java:73)
at org.openqa.selenium.remote.http.netty.NettyMessages.toNettyRequest(NettyMessages.java:57)
at org.openqa.selenium.remote.http.netty.NettyHttpHandler.makeCall(NettyHttpHandler.java:55)
at org.openqa.selenium.remote.http.AddSeleniumUserAgent.lambda$apply$0(AddSeleniumUserAgent.java:42)
at org.openqa.selenium.remote.http.Filter.lambda$andFinally$1(Filter.java:55)
at org.openqa.selenium.remote.http.netty.NettyHttpHandler.execute(NettyHttpHandler.java:48)
at org.openqa.selenium.remote.http.netty.NettyClient.execute(NettyClient.java:96)
at org.openqa.selenium.devtools.CdpEndpointFinder.getCdpEndPoint(CdpEndpointFinder.java:58)
at org.openqa.selenium.chromium.ChromiumDriver.lambda$new$3(ChromiumDriver.java:144)
at java.base/java.util.Optional.flatMap(Optional.java:289)
at org.openqa.selenium.chromium.ChromiumDriver.<init>(ChromiumDriver.java:144)
at org.openqa.selenium.chrome.ChromeDriver.<init>(ChromeDriver.java:88)
at org.openqa.selenium.chrome.ChromeDriver.<init>(ChromeDriver.java:83)
at org.openqa.selenium.chrome.ChromeDriver.<init>(ChromeDriver.java:72)
at webDriverPractice.utilities.InitialComponents.launchBrowser(InitialComponents.java:58)
at webDriverPractice.test.R0006AlertClass.setupInitialComponents(R0006AlertClass.java:16)
at java.base/java.util.concurrent.ThreadPoolExecutor.runWorker(ThreadPoolExecutor.java:1136)
at java.base/java.util.concurrent.ThreadPoolExecutor$Worker.run(ThreadPoolExecutor.java:635)
at java.base/java.lang.Thread.run(Thread.java:833)
... Removed 16 stack frames]]>
    </failure>
  </testcase> <!-- @BeforeMethod setupInitialComponents -->
  <testcase classname="webDriverPractice.test.R0006AlertClass" name="@AfterMethod quitBrowser" time="0.0">
    <skipped/>
  </testcase> <!-- @AfterMethod quitBrowser -->
  <testcase classname="webDriverPractice.test.R0018checkBoxHandling" name="@BeforeMethod setupInitialComponents" time="7.15">
    <failure type="java.lang.IllegalArgumentException" message="http://:-1/json/version could not be parsed into a proper Uri, missing host">
      <![CDATA[java.lang.IllegalArgumentException: http://:-1/json/version could not be parsed into a proper Uri, missing host
at org.asynchttpclient.uri.Uri.create(Uri.java:73)
at org.asynchttpclient.uri.Uri.create(Uri.java:62)
at org.asynchttpclient.RequestBuilderBase.setUrl(RequestBuilderBase.java:147)
at org.asynchttpclient.Dsl.request(Dsl.java:73)
at org.openqa.selenium.remote.http.netty.NettyMessages.toNettyRequest(NettyMessages.java:57)
at org.openqa.selenium.remote.http.netty.NettyHttpHandler.makeCall(NettyHttpHandler.java:55)
at org.openqa.selenium.remote.http.AddSeleniumUserAgent.lambda$apply$0(AddSeleniumUserAgent.java:42)
at org.openqa.selenium.remote.http.Filter.lambda$andFinally$1(Filter.java:55)
at org.openqa.selenium.remote.http.netty.NettyHttpHandler.execute(NettyHttpHandler.java:48)
at org.openqa.selenium.remote.http.netty.NettyClient.execute(NettyClient.java:96)
at org.openqa.selenium.devtools.CdpEndpointFinder.getCdpEndPoint(CdpEndpointFinder.java:58)
at org.openqa.selenium.chromium.ChromiumDriver.lambda$new$3(ChromiumDriver.java:144)
at java.base/java.util.Optional.flatMap(Optional.java:289)
at org.openqa.selenium.chromium.ChromiumDriver.<init>(ChromiumDriver.java:144)
at org.openqa.selenium.chrome.ChromeDriver.<init>(ChromeDriver.java:88)
at org.openqa.selenium.chrome.ChromeDriver.<init>(ChromeDriver.java:83)
at org.openqa.selenium.chrome.ChromeDriver.<init>(ChromeDriver.java:72)
at webDriverPractice.utilities.InitialComponents.launchBrowser(InitialComponents.java:58)
at webDriverPractice.test.R0018checkBoxHandling.setupInitialComponents(R0018checkBoxHandling.java:18)
at java.base/java.util.concurrent.ThreadPoolExecutor.runWorker(ThreadPoolExecutor.java:1136)
at java.base/java.util.concurrent.ThreadPoolExecutor$Worker.run(ThreadPoolExecutor.java:635)
at java.base/java.lang.Thread.run(Thread.java:833)
... Removed 16 stack frames]]>
    </failure>
  </testcase> <!-- @BeforeMethod setupInitialComponents -->
  <testcase classname="webDriverPractice.test.R0018checkBoxHandling" name="@AfterMethod quitBrowser" time="0.0">
    <skipped/>
  </testcase> <!-- @AfterMethod quitBrowser -->
  <testcase classname="webDriverPractice.test.R0018checkBoxHandling" name="@BeforeMethod setupInitialComponents" time="0.0">
    <skipped/>
  </testcase> <!-- @BeforeMethod setupInitialComponents -->
  <testcase classname="webDriverPractice.test.R0018checkBoxHandling" name="@AfterMethod quitBrowser" time="0.0">
    <skipped/>
  </testcase> <!-- @AfterMethod quitBrowser -->
  <testcase classname="webDriverPractice.test.R0007TabAndWindow" name="@BeforeMethod setupInitialComponents" time="3.465">
    <failure type="java.lang.IllegalArgumentException" message="http://:-1/json/version could not be parsed into a proper Uri, missing host">
      <![CDATA[java.lang.IllegalArgumentException: http://:-1/json/version could not be parsed into a proper Uri, missing host
at org.asynchttpclient.uri.Uri.create(Uri.java:73)
at org.asynchttpclient.uri.Uri.create(Uri.java:62)
at org.asynchttpclient.RequestBuilderBase.setUrl(RequestBuilderBase.java:147)
at org.asynchttpclient.Dsl.request(Dsl.java:73)
at org.openqa.selenium.remote.http.netty.NettyMessages.toNettyRequest(NettyMessages.java:57)
at org.openqa.selenium.remote.http.netty.NettyHttpHandler.makeCall(NettyHttpHandler.java:55)
at org.openqa.selenium.remote.http.AddSeleniumUserAgent.lambda$apply$0(AddSeleniumUserAgent.java:42)
at org.openqa.selenium.remote.http.Filter.lambda$andFinally$1(Filter.java:55)
at org.openqa.selenium.remote.http.netty.NettyHttpHandler.execute(NettyHttpHandler.java:48)
at org.openqa.selenium.remote.http.netty.NettyClient.execute(NettyClient.java:96)
at org.openqa.selenium.devtools.CdpEndpointFinder.getCdpEndPoint(CdpEndpointFinder.java:58)
at org.openqa.selenium.chromium.ChromiumDriver.lambda$new$3(ChromiumDriver.java:144)
at java.base/java.util.Optional.flatMap(Optional.java:289)
at org.openqa.selenium.chromium.ChromiumDriver.<init>(ChromiumDriver.java:144)
at org.openqa.selenium.chrome.ChromeDriver.<init>(ChromeDriver.java:88)
at org.openqa.selenium.chrome.ChromeDriver.<init>(ChromeDriver.java:83)
at org.openqa.selenium.chrome.ChromeDriver.<init>(ChromeDriver.java:72)
at webDriverPractice.utilities.InitialComponents.launchBrowser(InitialComponents.java:58)
at webDriverPractice.test.R0007TabAndWindow.setupInitialComponents(R0007TabAndWindow.java:20)
at java.base/java.util.concurrent.ThreadPoolExecutor.runWorker(ThreadPoolExecutor.java:1136)
at java.base/java.util.concurrent.ThreadPoolExecutor$Worker.run(ThreadPoolExecutor.java:635)
at java.base/java.lang.Thread.run(Thread.java:833)
... Removed 16 stack frames]]>
    </failure>
  </testcase> <!-- @BeforeMethod setupInitialComponents -->
  <testcase classname="webDriverPractice.test.R0007TabAndWindow" name="@AfterMethod quitBrowser" time="0.0">
    <skipped/>
  </testcase> <!-- @AfterMethod quitBrowser -->
  <testcase classname="webDriverPractice.test.RelativeXpath" name="@AfterMethod quitDriver" time="28.069">
    <failure type="org.openqa.selenium.WebDriverException" message="Timed out waiting for driver server to stop.
Build info: version: &amp;apos;4.11.0&amp;apos;, revision: &amp;apos;040bc5406b&amp;apos;
System info: os.name: &amp;apos;Windows 11&amp;apos;, os.arch: &amp;apos;amd64&amp;apos;, os.version: &amp;apos;10.0&amp;apos;, java.version: &amp;apos;17.0.7&amp;apos;
Driver info: org.openqa.selenium.chrome.ChromeDriver
Command: [48301ffe7c5209cf6b81a5f6153e384b, quit {}]
Capabilities {acceptInsecureCerts: true, browserName: chrome, browserVersion: 115.0.5790.170, chrome: {chromedriverVersion: 115.0.5790.170 (cc0d30c2ca5..., userDataDir: C:\Users\naimn\AppData\Loca...}, goog:chromeOptions: {debuggerAddress: localhost:52400}, networkConnectionEnabled: false, pageLoadStrategy: normal, platformName: windows, proxy: Proxy(), se:cdp: ws://localhost:52400/devtoo..., se:cdpVersion: 115.0.5790.170, setWindowRect: true, strictFileInteractability: false, timeouts: {implicit: 0, pageLoad: 300000, script: 30000}, unhandledPromptBehavior: dismiss and notify, webauthn:extension:credBlob: true, webauthn:extension:largeBlob: true, webauthn:extension:minPinLength: true, webauthn:extension:prf: true, webauthn:virtualAuthenticators: true}
Session ID: 48301ffe7c5209cf6b81a5f6153e384b">
      <![CDATA[org.openqa.selenium.WebDriverException: Timed out waiting for driver server to stop.
Build info: version: '4.11.0', revision: '040bc5406b'
System info: os.name: 'Windows 11', os.arch: 'amd64', os.version: '10.0', java.version: '17.0.7'
Driver info: org.openqa.selenium.chrome.ChromeDriver
Command: [48301ffe7c5209cf6b81a5f6153e384b, quit {}]
Capabilities {acceptInsecureCerts: true, browserName: chrome, browserVersion: 115.0.5790.170, chrome: {chromedriverVersion: 115.0.5790.170 (cc0d30c2ca5..., userDataDir: C:\Users\naimn\AppData\Loca...}, goog:chromeOptions: {debuggerAddress: localhost:52400}, networkConnectionEnabled: false, pageLoadStrategy: normal, platformName: windows, proxy: Proxy(), se:cdp: ws://localhost:52400/devtoo..., se:cdpVersion: 115.0.5790.170, setWindowRect: true, strictFileInteractability: false, timeouts: {implicit: 0, pageLoad: 300000, script: 30000}, unhandledPromptBehavior: dismiss and notify, webauthn:extension:credBlob: true, webauthn:extension:largeBlob: true, webauthn:extension:minPinLength: true, webauthn:extension:prf: true, webauthn:virtualAuthenticators: true}
Session ID: 48301ffe7c5209cf6b81a5f6153e384b
at org.openqa.selenium.remote.service.DriverCommandExecutor.execute(DriverCommandExecutor.java:161)
at org.openqa.selenium.remote.RemoteWebDriver.execute(RemoteWebDriver.java:518)
at org.openqa.selenium.remote.RemoteWebDriver.execute(RemoteWebDriver.java:591)
at org.openqa.selenium.remote.RemoteWebDriver.execute(RemoteWebDriver.java:595)
at org.openqa.selenium.remote.RemoteWebDriver.quit(RemoteWebDriver.java:433)
at org.openqa.selenium.chromium.ChromiumDriver.quit(ChromiumDriver.java:351)
at org.openqa.selenium.support.ThreadGuard$WebDriverInvocationHandler.invokeUnderlying(ThreadGuard.java:99)
at org.openqa.selenium.support.ThreadGuard$WebDriverInvocationHandler.invoke(ThreadGuard.java:91)
at jdk.proxy2/jdk.proxy2.$Proxy11.quit(Unknown Source)
at webDriverPractice.test.RelativeXpath.quitDriver(RelativeXpath.java:60)
at java.base/java.util.concurrent.ThreadPoolExecutor.runWorker(ThreadPoolExecutor.java:1136)
at java.base/java.util.concurrent.ThreadPoolExecutor$Worker.run(ThreadPoolExecutor.java:635)
at java.base/java.lang.Thread.run(Thread.java:833)
Caused by: java.util.concurrent.ExecutionException: org.openqa.selenium.TimeoutException: Process timed out after waiting for 20000 ms.
Build info: version: '4.11.0', revision: '040bc5406b'
System info: os.name: 'Windows 11', os.arch: 'amd64', os.version: '10.0', java.version: '17.0.7'
Driver info: driver.version: unknown
at java.base/java.util.concurrent.CompletableFuture.reportGet(CompletableFuture.java:396)
at java.base/java.util.concurrent.CompletableFuture.get(CompletableFuture.java:2096)
at org.openqa.selenium.remote.service.DriverCommandExecutor.execute(DriverCommandExecutor.java:157)
... 33 more
Caused by: org.openqa.selenium.TimeoutException: Process timed out after waiting for 20000 ms.
Build info: version: '4.11.0', revision: '040bc5406b'
System info: os.name: 'Windows 11', os.arch: 'amd64', os.version: '10.0', java.version: '17.0.7'
Driver info: driver.version: unknown
at org.openqa.selenium.os.OsProcess.waitFor(OsProcess.java:183)
at org.openqa.selenium.os.CommandLine.waitFor(CommandLine.java:117)
at org.openqa.selenium.remote.service.DriverCommandExecutor.lambda$execute$2(DriverCommandExecutor.java:148)
at java.base/java.util.concurrent.CompletableFuture$AsyncSupply.run(CompletableFuture.java:1768)
... 3 more
... Removed 21 stack frames]]>
    </failure>
  </testcase> <!-- @AfterMethod quitDriver -->
  <testcase classname="webDriverPractice.test.RelativeXpath" name="@BeforeMethod setupInitialComponent" time="0.0">
    <skipped/>
  </testcase> <!-- @BeforeMethod setupInitialComponent -->
  <testcase classname="webDriverPractice.test.RelativeXpath" name="@AfterMethod quitDriver" time="0.0">
    <skipped/>
  </testcase> <!-- @AfterMethod quitDriver -->
  <testcase classname="webDriverPractice.test.RelativeXpath" name="@BeforeMethod setupInitialComponent" time="0.0">
    <skipped/>
  </testcase> <!-- @BeforeMethod setupInitialComponent -->
  <testcase classname="webDriverPractice.test.RelativeXpath" name="@AfterMethod quitDriver" time="0.0">
    <skipped/>
  </testcase> <!-- @AfterMethod quitDriver -->
  <testcase classname="webDriverPractice.test.R0005DrawBorder" name="@BeforeMethod setupInitialComponents" time="7.734">
    <failure type="java.lang.IllegalArgumentException" message="http://:-1/json/version could not be parsed into a proper Uri, missing host">
      <![CDATA[java.lang.IllegalArgumentException: http://:-1/json/version could not be parsed into a proper Uri, missing host
at org.asynchttpclient.uri.Uri.create(Uri.java:73)
at org.asynchttpclient.uri.Uri.create(Uri.java:62)
at org.asynchttpclient.RequestBuilderBase.setUrl(RequestBuilderBase.java:147)
at org.asynchttpclient.Dsl.request(Dsl.java:73)
at org.openqa.selenium.remote.http.netty.NettyMessages.toNettyRequest(NettyMessages.java:57)
at org.openqa.selenium.remote.http.netty.NettyHttpHandler.makeCall(NettyHttpHandler.java:55)
at org.openqa.selenium.remote.http.AddSeleniumUserAgent.lambda$apply$0(AddSeleniumUserAgent.java:42)
at org.openqa.selenium.remote.http.Filter.lambda$andFinally$1(Filter.java:55)
at org.openqa.selenium.remote.http.netty.NettyHttpHandler.execute(NettyHttpHandler.java:48)
at org.openqa.selenium.remote.http.netty.NettyClient.execute(NettyClient.java:96)
at org.openqa.selenium.devtools.CdpEndpointFinder.getCdpEndPoint(CdpEndpointFinder.java:58)
at org.openqa.selenium.chromium.ChromiumDriver.lambda$new$3(ChromiumDriver.java:144)
at java.base/java.util.Optional.flatMap(Optional.java:289)
at org.openqa.selenium.chromium.ChromiumDriver.<init>(ChromiumDriver.java:144)
at org.openqa.selenium.chrome.ChromeDriver.<init>(ChromeDriver.java:88)
at org.openqa.selenium.chrome.ChromeDriver.<init>(ChromeDriver.java:83)
at org.openqa.selenium.chrome.ChromeDriver.<init>(ChromeDriver.java:72)
at webDriverPractice.utilities.InitialComponents.launchBrowser(InitialComponents.java:58)
at webDriverPractice.test.R0005DrawBorder.setupInitialComponents(R0005DrawBorder.java:18)
at java.base/java.util.concurrent.ThreadPoolExecutor.runWorker(ThreadPoolExecutor.java:1136)
at java.base/java.util.concurrent.ThreadPoolExecutor$Worker.run(ThreadPoolExecutor.java:635)
at java.base/java.lang.Thread.run(Thread.java:833)
... Removed 16 stack frames]]>
    </failure>
  </testcase> <!-- @BeforeMethod setupInitialComponents -->
  <testcase classname="webDriverPractice.test.R0005DrawBorder" name="@AfterMethod quitBrowser" time="0.0">
    <skipped/>
  </testcase> <!-- @AfterMethod quitBrowser -->
  <testcase classname="webDriverPractice.test.R0004DropDown" name="@BeforeMethod setupInitialComponents" time="8.658">
    <failure type="java.lang.IllegalArgumentException" message="http://:-1/json/version could not be parsed into a proper Uri, missing host">
      <![CDATA[java.lang.IllegalArgumentException: http://:-1/json/version could not be parsed into a proper Uri, missing host
at org.asynchttpclient.uri.Uri.create(Uri.java:73)
at org.asynchttpclient.uri.Uri.create(Uri.java:62)
at org.asynchttpclient.RequestBuilderBase.setUrl(RequestBuilderBase.java:147)
at org.asynchttpclient.Dsl.request(Dsl.java:73)
at org.openqa.selenium.remote.http.netty.NettyMessages.toNettyRequest(NettyMessages.java:57)
at org.openqa.selenium.remote.http.netty.NettyHttpHandler.makeCall(NettyHttpHandler.java:55)
at org.openqa.selenium.remote.http.AddSeleniumUserAgent.lambda$apply$0(AddSeleniumUserAgent.java:42)
at org.openqa.selenium.remote.http.Filter.lambda$andFinally$1(Filter.java:55)
at org.openqa.selenium.remote.http.netty.NettyHttpHandler.execute(NettyHttpHandler.java:48)
at org.openqa.selenium.remote.http.netty.NettyClient.execute(NettyClient.java:96)
at org.openqa.selenium.devtools.CdpEndpointFinder.getCdpEndPoint(CdpEndpointFinder.java:58)
at org.openqa.selenium.chromium.ChromiumDriver.lambda$new$3(ChromiumDriver.java:144)
at java.base/java.util.Optional.flatMap(Optional.java:289)
at org.openqa.selenium.chromium.ChromiumDriver.<init>(ChromiumDriver.java:144)
at org.openqa.selenium.chrome.ChromeDriver.<init>(ChromeDriver.java:88)
at org.openqa.selenium.chrome.ChromeDriver.<init>(ChromeDriver.java:83)
at org.openqa.selenium.chrome.ChromeDriver.<init>(ChromeDriver.java:72)
at webDriverPractice.utilities.InitialComponents.launchBrowser(InitialComponents.java:58)
at webDriverPractice.test.R0004DropDown.setupInitialComponents(R0004DropDown.java:25)
at java.base/java.util.concurrent.ThreadPoolExecutor.runWorker(ThreadPoolExecutor.java:1136)
at java.base/java.util.concurrent.ThreadPoolExecutor$Worker.run(ThreadPoolExecutor.java:635)
at java.base/java.lang.Thread.run(Thread.java:833)
... Removed 16 stack frames]]>
    </failure>
  </testcase> <!-- @BeforeMethod setupInitialComponents -->
  <testcase classname="webDriverPractice.test.R0004DropDown" name="@AfterMethod quitBrowser" time="0.0">
    <skipped/>
  </testcase> <!-- @AfterMethod quitBrowser -->
  <testcase classname="webDriverPractice.test.R0004DropDown" name="@BeforeMethod setupInitialComponents" time="0.0">
    <skipped/>
  </testcase> <!-- @BeforeMethod setupInitialComponents -->
  <testcase classname="webDriverPractice.test.R0004DropDown" name="@AfterMethod quitBrowser" time="0.0">
    <skipped/>
  </testcase> <!-- @AfterMethod quitBrowser -->
  <testcase classname="webDriverPractice.test.R0009Synchronization" name="@BeforeMethod setupInitialComponents" time="6.568">
    <failure type="java.lang.IllegalArgumentException" message="http://:-1/json/version could not be parsed into a proper Uri, missing host">
      <![CDATA[java.lang.IllegalArgumentException: http://:-1/json/version could not be parsed into a proper Uri, missing host
at org.asynchttpclient.uri.Uri.create(Uri.java:73)
at org.asynchttpclient.uri.Uri.create(Uri.java:62)
at org.asynchttpclient.RequestBuilderBase.setUrl(RequestBuilderBase.java:147)
at org.asynchttpclient.Dsl.request(Dsl.java:73)
at org.openqa.selenium.remote.http.netty.NettyMessages.toNettyRequest(NettyMessages.java:57)
at org.openqa.selenium.remote.http.netty.NettyHttpHandler.makeCall(NettyHttpHandler.java:55)
at org.openqa.selenium.remote.http.AddSeleniumUserAgent.lambda$apply$0(AddSeleniumUserAgent.java:42)
at org.openqa.selenium.remote.http.Filter.lambda$andFinally$1(Filter.java:55)
at org.openqa.selenium.remote.http.netty.NettyHttpHandler.execute(NettyHttpHandler.java:48)
at org.openqa.selenium.remote.http.netty.NettyClient.execute(NettyClient.java:96)
at org.openqa.selenium.devtools.CdpEndpointFinder.getCdpEndPoint(CdpEndpointFinder.java:58)
at org.openqa.selenium.chromium.ChromiumDriver.lambda$new$3(ChromiumDriver.java:144)
at java.base/java.util.Optional.flatMap(Optional.java:289)
at org.openqa.selenium.chromium.ChromiumDriver.<init>(ChromiumDriver.java:144)
at org.openqa.selenium.chrome.ChromeDriver.<init>(ChromeDriver.java:88)
at org.openqa.selenium.chrome.ChromeDriver.<init>(ChromeDriver.java:83)
at org.openqa.selenium.chrome.ChromeDriver.<init>(ChromeDriver.java:72)
at webDriverPractice.utilities.InitialComponents.launchBrowser(InitialComponents.java:58)
at webDriverPractice.test.R0009Synchronization.setupInitialComponents(R0009Synchronization.java:24)
at java.base/java.util.concurrent.ThreadPoolExecutor.runWorker(ThreadPoolExecutor.java:1136)
at java.base/java.util.concurrent.ThreadPoolExecutor$Worker.run(ThreadPoolExecutor.java:635)
at java.base/java.lang.Thread.run(Thread.java:833)
... Removed 16 stack frames]]>
    </failure>
  </testcase> <!-- @BeforeMethod setupInitialComponents -->
  <testcase classname="webDriverPractice.test.R0009Synchronization" name="@AfterMethod quitBrowser" time="0.0">
    <skipped/>
  </testcase> <!-- @AfterMethod quitBrowser -->
  <testcase classname="webDriverPractice.test.R0009Synchronization" name="@BeforeMethod setupInitialComponents" time="0.0">
    <skipped/>
  </testcase> <!-- @BeforeMethod setupInitialComponents -->
  <testcase classname="webDriverPractice.test.R0009Synchronization" name="@AfterMethod quitBrowser" time="0.0">
    <skipped/>
  </testcase> <!-- @AfterMethod quitBrowser -->
  <testcase classname="webDriverPractice.test.R0009Synchronization" name="@BeforeMethod setupInitialComponents" time="0.0">
    <skipped/>
  </testcase> <!-- @BeforeMethod setupInitialComponents -->
  <testcase classname="webDriverPractice.test.R0009Synchronization" name="@AfterMethod quitBrowser" time="0.0">
    <skipped/>
  </testcase> <!-- @AfterMethod quitBrowser -->
  <testcase classname="webDriverPractice.test.R0015WebTableHandling" name="@BeforeMethod setupInitialComponents" time="5.631">
    <failure type="java.lang.IllegalArgumentException" message="http://:-1/json/version could not be parsed into a proper Uri, missing host">
      <![CDATA[java.lang.IllegalArgumentException: http://:-1/json/version could not be parsed into a proper Uri, missing host
at org.asynchttpclient.uri.Uri.create(Uri.java:73)
at org.asynchttpclient.uri.Uri.create(Uri.java:62)
at org.asynchttpclient.RequestBuilderBase.setUrl(RequestBuilderBase.java:147)
at org.asynchttpclient.Dsl.request(Dsl.java:73)
at org.openqa.selenium.remote.http.netty.NettyMessages.toNettyRequest(NettyMessages.java:57)
at org.openqa.selenium.remote.http.netty.NettyHttpHandler.makeCall(NettyHttpHandler.java:55)
at org.openqa.selenium.remote.http.AddSeleniumUserAgent.lambda$apply$0(AddSeleniumUserAgent.java:42)
at org.openqa.selenium.remote.http.Filter.lambda$andFinally$1(Filter.java:55)
at org.openqa.selenium.remote.http.netty.NettyHttpHandler.execute(NettyHttpHandler.java:48)
at org.openqa.selenium.remote.http.netty.NettyClient.execute(NettyClient.java:96)
at org.openqa.selenium.devtools.CdpEndpointFinder.getCdpEndPoint(CdpEndpointFinder.java:58)
at org.openqa.selenium.chromium.ChromiumDriver.lambda$new$3(ChromiumDriver.java:144)
at java.base/java.util.Optional.flatMap(Optional.java:289)
at org.openqa.selenium.chromium.ChromiumDriver.<init>(ChromiumDriver.java:144)
at org.openqa.selenium.chrome.ChromeDriver.<init>(ChromeDriver.java:88)
at org.openqa.selenium.chrome.ChromeDriver.<init>(ChromeDriver.java:83)
at org.openqa.selenium.chrome.ChromeDriver.<init>(ChromeDriver.java:72)
at webDriverPractice.utilities.InitialComponents.launchBrowser(InitialComponents.java:58)
at webDriverPractice.test.R0015WebTableHandling.setupInitialComponents(R0015WebTableHandling.java:18)
at java.base/java.util.concurrent.ThreadPoolExecutor.runWorker(ThreadPoolExecutor.java:1136)
at java.base/java.util.concurrent.ThreadPoolExecutor$Worker.run(ThreadPoolExecutor.java:635)
at java.base/java.lang.Thread.run(Thread.java:833)
... Removed 16 stack frames]]>
    </failure>
  </testcase> <!-- @BeforeMethod setupInitialComponents -->
  <testcase classname="webDriverPractice.test.R0015WebTableHandling" name="@AfterMethod quitBrowser" time="0.0">
    <skipped/>
  </testcase> <!-- @AfterMethod quitBrowser -->
  <testcase classname="webDriverPractice.test.R0016CalederHandling$R0015_WebTableHandling" name="@BeforeMethod setupInitialComponents" time="4.159">
    <failure type="java.lang.IllegalArgumentException" message="http://:-1/json/version could not be parsed into a proper Uri, missing host">
      <![CDATA[java.lang.IllegalArgumentException: http://:-1/json/version could not be parsed into a proper Uri, missing host
at org.asynchttpclient.uri.Uri.create(Uri.java:73)
at org.asynchttpclient.uri.Uri.create(Uri.java:62)
at org.asynchttpclient.RequestBuilderBase.setUrl(RequestBuilderBase.java:147)
at org.asynchttpclient.Dsl.request(Dsl.java:73)
at org.openqa.selenium.remote.http.netty.NettyMessages.toNettyRequest(NettyMessages.java:57)
at org.openqa.selenium.remote.http.netty.NettyHttpHandler.makeCall(NettyHttpHandler.java:55)
at org.openqa.selenium.remote.http.AddSeleniumUserAgent.lambda$apply$0(AddSeleniumUserAgent.java:42)
at org.openqa.selenium.remote.http.Filter.lambda$andFinally$1(Filter.java:55)
at org.openqa.selenium.remote.http.netty.NettyHttpHandler.execute(NettyHttpHandler.java:48)
at org.openqa.selenium.remote.http.netty.NettyClient.execute(NettyClient.java:96)
at org.openqa.selenium.devtools.CdpEndpointFinder.getCdpEndPoint(CdpEndpointFinder.java:58)
at org.openqa.selenium.chromium.ChromiumDriver.lambda$new$3(ChromiumDriver.java:144)
at java.base/java.util.Optional.flatMap(Optional.java:289)
at org.openqa.selenium.chromium.ChromiumDriver.<init>(ChromiumDriver.java:144)
at org.openqa.selenium.chrome.ChromeDriver.<init>(ChromeDriver.java:88)
at org.openqa.selenium.chrome.ChromeDriver.<init>(ChromeDriver.java:83)
at org.openqa.selenium.chrome.ChromeDriver.<init>(ChromeDriver.java:72)
at webDriverPractice.utilities.InitialComponents.launchBrowser(InitialComponents.java:58)
at webDriverPractice.test.R0016CalederHandling$R0015_WebTableHandling.setupInitialComponents(R0016CalederHandling.java:35)
at java.base/java.util.concurrent.ThreadPoolExecutor.runWorker(ThreadPoolExecutor.java:1136)
at java.base/java.util.concurrent.ThreadPoolExecutor$Worker.run(ThreadPoolExecutor.java:635)
at java.base/java.lang.Thread.run(Thread.java:833)
... Removed 16 stack frames]]>
    </failure>
  </testcase> <!-- @BeforeMethod setupInitialComponents -->
  <testcase classname="webDriverPractice.test.R0016CalederHandling$R0015_WebTableHandling" name="@AfterMethod quitBrowser" time="0.0">
    <skipped/>
  </testcase> <!-- @AfterMethod quitBrowser -->
  <testcase classname="webDriverPractice.test.R0014JavaScriptExecutor" name="@BeforeMethod setupInitialComponents" time="3.401">
    <failure type="java.lang.IllegalArgumentException" message="http://:-1/json/version could not be parsed into a proper Uri, missing host">
      <![CDATA[java.lang.IllegalArgumentException: http://:-1/json/version could not be parsed into a proper Uri, missing host
at org.asynchttpclient.uri.Uri.create(Uri.java:73)
at org.asynchttpclient.uri.Uri.create(Uri.java:62)
at org.asynchttpclient.RequestBuilderBase.setUrl(RequestBuilderBase.java:147)
at org.asynchttpclient.Dsl.request(Dsl.java:73)
at org.openqa.selenium.remote.http.netty.NettyMessages.toNettyRequest(NettyMessages.java:57)
at org.openqa.selenium.remote.http.netty.NettyHttpHandler.makeCall(NettyHttpHandler.java:55)
at org.openqa.selenium.remote.http.AddSeleniumUserAgent.lambda$apply$0(AddSeleniumUserAgent.java:42)
at org.openqa.selenium.remote.http.Filter.lambda$andFinally$1(Filter.java:55)
at org.openqa.selenium.remote.http.netty.NettyHttpHandler.execute(NettyHttpHandler.java:48)
at org.openqa.selenium.remote.http.netty.NettyClient.execute(NettyClient.java:96)
at org.openqa.selenium.devtools.CdpEndpointFinder.getCdpEndPoint(CdpEndpointFinder.java:58)
at org.openqa.selenium.chromium.ChromiumDriver.lambda$new$3(ChromiumDriver.java:144)
at java.base/java.util.Optional.flatMap(Optional.java:289)
at org.openqa.selenium.chromium.ChromiumDriver.<init>(ChromiumDriver.java:144)
at org.openqa.selenium.chrome.ChromeDriver.<init>(ChromeDriver.java:88)
at org.openqa.selenium.chrome.ChromeDriver.<init>(ChromeDriver.java:83)
at org.openqa.selenium.chrome.ChromeDriver.<init>(ChromeDriver.java:72)
at webDriverPractice.utilities.InitialComponents.launchBrowser(InitialComponents.java:58)
at webDriverPractice.test.R0014JavaScriptExecutor.setupInitialComponents(R0014JavaScriptExecutor.java:17)
at java.base/java.util.concurrent.ThreadPoolExecutor.runWorker(ThreadPoolExecutor.java:1136)
at java.base/java.util.concurrent.ThreadPoolExecutor$Worker.run(ThreadPoolExecutor.java:635)
at java.base/java.lang.Thread.run(Thread.java:833)
... Removed 16 stack frames]]>
    </failure>
  </testcase> <!-- @BeforeMethod setupInitialComponents -->
  <testcase classname="webDriverPractice.test.R0014JavaScriptExecutor" name="@AfterMethod quitBrowser" time="0.0">
    <skipped/>
  </testcase> <!-- @AfterMethod quitBrowser -->
  <testcase classname="webDriverPractice.test.R0012SecurityCertification" name="@AfterMethod quitBrowser" time="34.09">
    <failure type="org.openqa.selenium.WebDriverException" message="Timed out waiting for driver server to stop.
Build info: version: &amp;apos;4.11.0&amp;apos;, revision: &amp;apos;040bc5406b&amp;apos;
System info: os.name: &amp;apos;Windows 11&amp;apos;, os.arch: &amp;apos;amd64&amp;apos;, os.version: &amp;apos;10.0&amp;apos;, java.version: &amp;apos;17.0.7&amp;apos;
Driver info: org.openqa.selenium.chrome.ChromeDriver
Command: [21639748539045a76f66a34bfdcfa923, quit {}]
Capabilities {acceptInsecureCerts: true, browserName: chrome, browserVersion: 115.0.5790.170, chrome: {chromedriverVersion: 115.0.5790.170 (cc0d30c2ca5..., userDataDir: C:\Users\naimn\AppData\Loca...}, goog:chromeOptions: {debuggerAddress: localhost:52424}, networkConnectionEnabled: false, pageLoadStrategy: normal, platformName: windows, proxy: Proxy(), se:cdp: ws://localhost:52424/devtoo..., se:cdpVersion: 115.0.5790.170, setWindowRect: true, strictFileInteractability: false, timeouts: {implicit: 0, pageLoad: 300000, script: 30000}, unhandledPromptBehavior: dismiss and notify, webauthn:extension:credBlob: true, webauthn:extension:largeBlob: true, webauthn:extension:minPinLength: true, webauthn:extension:prf: true, webauthn:virtualAuthenticators: true}
Session ID: 21639748539045a76f66a34bfdcfa923">
      <![CDATA[org.openqa.selenium.WebDriverException: Timed out waiting for driver server to stop.
Build info: version: '4.11.0', revision: '040bc5406b'
System info: os.name: 'Windows 11', os.arch: 'amd64', os.version: '10.0', java.version: '17.0.7'
Driver info: org.openqa.selenium.chrome.ChromeDriver
Command: [21639748539045a76f66a34bfdcfa923, quit {}]
Capabilities {acceptInsecureCerts: true, browserName: chrome, browserVersion: 115.0.5790.170, chrome: {chromedriverVersion: 115.0.5790.170 (cc0d30c2ca5..., userDataDir: C:\Users\naimn\AppData\Loca...}, goog:chromeOptions: {debuggerAddress: localhost:52424}, networkConnectionEnabled: false, pageLoadStrategy: normal, platformName: windows, proxy: Proxy(), se:cdp: ws://localhost:52424/devtoo..., se:cdpVersion: 115.0.5790.170, setWindowRect: true, strictFileInteractability: false, timeouts: {implicit: 0, pageLoad: 300000, script: 30000}, unhandledPromptBehavior: dismiss and notify, webauthn:extension:credBlob: true, webauthn:extension:largeBlob: true, webauthn:extension:minPinLength: true, webauthn:extension:prf: true, webauthn:virtualAuthenticators: true}
Session ID: 21639748539045a76f66a34bfdcfa923
at org.openqa.selenium.remote.service.DriverCommandExecutor.execute(DriverCommandExecutor.java:161)
at org.openqa.selenium.remote.RemoteWebDriver.execute(RemoteWebDriver.java:518)
at org.openqa.selenium.remote.RemoteWebDriver.execute(RemoteWebDriver.java:591)
at org.openqa.selenium.remote.RemoteWebDriver.execute(RemoteWebDriver.java:595)
at org.openqa.selenium.remote.RemoteWebDriver.quit(RemoteWebDriver.java:433)
at org.openqa.selenium.chromium.ChromiumDriver.quit(ChromiumDriver.java:351)
at org.openqa.selenium.support.ThreadGuard$WebDriverInvocationHandler.invokeUnderlying(ThreadGuard.java:99)
at org.openqa.selenium.support.ThreadGuard$WebDriverInvocationHandler.invoke(ThreadGuard.java:91)
at jdk.proxy2/jdk.proxy2.$Proxy11.quit(Unknown Source)
at webDriverPractice.test.R0012SecurityCertification.quitBrowser(R0012SecurityCertification.java:60)
at java.base/java.util.concurrent.ThreadPoolExecutor.runWorker(ThreadPoolExecutor.java:1136)
at java.base/java.util.concurrent.ThreadPoolExecutor$Worker.run(ThreadPoolExecutor.java:635)
at java.base/java.lang.Thread.run(Thread.java:833)
Caused by: java.util.concurrent.ExecutionException: org.openqa.selenium.TimeoutException: Process timed out after waiting for 20000 ms.
Build info: version: '4.11.0', revision: '040bc5406b'
System info: os.name: 'Windows 11', os.arch: 'amd64', os.version: '10.0', java.version: '17.0.7'
Driver info: driver.version: unknown
at java.base/java.util.concurrent.CompletableFuture.reportGet(CompletableFuture.java:396)
at java.base/java.util.concurrent.CompletableFuture.get(CompletableFuture.java:2096)
at org.openqa.selenium.remote.service.DriverCommandExecutor.execute(DriverCommandExecutor.java:157)
... 33 more
Caused by: org.openqa.selenium.TimeoutException: Process timed out after waiting for 20000 ms.
Build info: version: '4.11.0', revision: '040bc5406b'
System info: os.name: 'Windows 11', os.arch: 'amd64', os.version: '10.0', java.version: '17.0.7'
Driver info: driver.version: unknown
at org.openqa.selenium.os.OsProcess.waitFor(OsProcess.java:183)
at org.openqa.selenium.os.CommandLine.waitFor(CommandLine.java:117)
at org.openqa.selenium.remote.service.DriverCommandExecutor.lambda$execute$2(DriverCommandExecutor.java:148)
at java.base/java.util.concurrent.CompletableFuture$AsyncSupply.run(CompletableFuture.java:1768)
... 3 more
... Removed 21 stack frames]]>
    </failure>
  </testcase> <!-- @AfterMethod quitBrowser -->
  <testcase classname="webDriverPractice.test.R0010ActionsClass" name="@AfterMethod quitBrowser" time="10.006">
    <failure type="java.lang.NullPointerException" message="Cannot invoke &amp;quot;org.openqa.selenium.WebDriver.quit()&amp;quot; because &amp;quot;this.driver&amp;quot; is null">
      <![CDATA[java.lang.NullPointerException: Cannot invoke "org.openqa.selenium.WebDriver.quit()" because "this.driver" is null
at webDriverPractice.test.R0010ActionsClass.quitBrowser(R0010ActionsClass.java:75)
at java.base/java.util.concurrent.ThreadPoolExecutor.runWorker(ThreadPoolExecutor.java:1136)
at java.base/java.util.concurrent.ThreadPoolExecutor$Worker.run(ThreadPoolExecutor.java:635)
at java.base/java.lang.Thread.run(Thread.java:833)
... Removed 17 stack frames]]>
    </failure>
  </testcase> <!-- @AfterMethod quitBrowser -->
  <testcase classname="webDriverPractice.test.R0011BrokenLinkVerification" name="@AfterTest quitBrowser" time="1.006">
    <failure type="org.openqa.selenium.WebDriverException" message="Thread safety error; this instance of WebDriver was constructed on thread TestNG-test=Test-4 (id 25) and is being accessed by thread main (id 1)This is not permitted and *will* cause undefined behaviour
Build info: version: &amp;apos;4.11.0&amp;apos;, revision: &amp;apos;040bc5406b&amp;apos;
System info: os.name: &amp;apos;Windows 11&amp;apos;, os.arch: &amp;apos;amd64&amp;apos;, os.version: &amp;apos;10.0&amp;apos;, java.version: &amp;apos;17.0.7&amp;apos;
Driver info: driver.version: unknown">
      <![CDATA[org.openqa.selenium.WebDriverException: Thread safety error; this instance of WebDriver was constructed on thread TestNG-test=Test-4 (id 25) and is being accessed by thread main (id 1)This is not permitted and *will* cause undefined behaviour
Build info: version: '4.11.0', revision: '040bc5406b'
System info: os.name: 'Windows 11', os.arch: 'amd64', os.version: '10.0', java.version: '17.0.7'
Driver info: driver.version: unknown
at org.openqa.selenium.support.ThreadGuard$WebDriverInvocationHandler.invoke(ThreadGuard.java:85)
at jdk.proxy2/jdk.proxy2.$Proxy11.quit(Unknown Source)
at webDriverPractice.test.R0011BrokenLinkVerification.quitBrowser(R0011BrokenLinkVerification.java:129)
... Removed 28 stack frames]]>
    </failure>
  </testcase> <!-- @AfterTest quitBrowser -->
  <testcase classname="webDriverPractice.test.R0023extendReport" name="@AfterTest cleanTestBed" time="0.0">
    <skipped/>
  </testcase> <!-- @AfterTest cleanTestBed -->
  <testcase classname="webDriverPractice.test.RelativeXpath" name="parentToChildTestUsingChild" time="0.636"/>
  <testcase classname="webDriverPractice.test.R0024ChromeDevTool" name="openBrowserInMobileView" time="7.544"/>
  <testcase classname="webDriverPractice.test.Locators" name="className_LocatorTest" time="4.252"/>
  <testcase classname="webDriverPractice.test.R0012SecurityCertification" name="devToolsTest" time="10.351"/>
  <testcase classname="webDriverPractice.test.RelativeXpath" name="parentToChildTestUsingForwardSlash" time="1.01"/>
  <testcase classname="webDriverPractice.test.Locators" name="cssSelector_LocatorTest" time="0.438"/>
  <testcase classname="webDriverPractice.test.R0024ChromeDevTool" name="testGeoLocation" time="14.099"/>
  <testcase classname="webDriverPractice.test.R0012SecurityCertification" name="securityCertificates" time="1.302"/>
  <testcase classname="webDriverPractice.test.RelativeXpath" name="testUsingContainsMethodWithxpath" time="1.932"/>
  <testcase classname="webDriverPractice.test.Locators" name="id_LocatorTest" time="0.065"/>
  <testcase classname="webDriverPractice.test.R0024ChromeDevTool" name="testNetwork" time="2.756"/>
  <testcase classname="webDriverPractice.test.R0022gettingDataFromJsonFile" name="printJsonData" time="0.745"/>
  <testcase classname="webDriverPractice.test.R0013PropertiesClass" name="propertiesFileTest" time="0.009"/>
  <testcase classname="webDriverPractice.test.R0017ReadExcelData" name="readData" time="0.0">
    <skipped/>
  </testcase> <!-- readData -->
  <testcase classname="webDriverPractice.test.R0008TakeScreenShots" name="selenium4testTakeScreenShot" time="0.0">
    <skipped/>
  </testcase> <!-- selenium4testTakeScreenShot -->
  <testcase classname="webDriverPractice.test.R0008TakeScreenShots" name="testTakeScreenShot" time="0.0">
    <skipped/>
  </testcase> <!-- testTakeScreenShot -->
  <testcase classname="webDriverPractice.test.R0006AlertClass" name="alertClassTest" time="0.0">
    <skipped/>
  </testcase> <!-- alertClassTest -->
  <testcase classname="webDriverPractice.test.RelativeXpath" name="testUsingFollowingsibkingByXpath" time="0.428"/>
  <testcase classname="webDriverPractice.test.R0018checkBoxHandling" name="testCheckBox" time="0.0">
    <skipped/>
  </testcase> <!-- testCheckBox -->
  <testcase classname="webDriverPractice.test.R0018checkBoxHandling" name="testRadioButton" time="0.001">
    <skipped/>
  </testcase> <!-- testRadioButton -->
  <testcase classname="webDriverPractice.test.Locators" name="linkText_LocatorTest" time="3.261"/>
  <testcase classname="webDriverPractice.test.R0007TabAndWindow" name="testChildWindowHandle" time="0.0">
    <skipped/>
  </testcase> <!-- testChildWindowHandle -->
  <testcase classname="webDriverPractice.test.R0003CSSselector" name="testCssSelectorWithPartialText" time="0.243"/>
  <testcase classname="webDriverPractice.test.ThreadSafeDriver" name="testThreadSafeDriver" time="27.782"/>
  <testcase classname="webDriverPractice.test.RelativeXpath" name="testUsingParentKeywordByXpath" time="0.0">
    <skipped/>
  </testcase> <!-- testUsingParentKeywordByXpath -->
  <testcase classname="webDriverPractice.test.RelativeXpath" name="testUsingTextFunctionWithXpath" time="0.0">
    <skipped/>
  </testcase> <!-- testUsingTextFunctionWithXpath -->
  <testcase classname="webDriverPractice.test.R0005DrawBorder" name="testDrawBorder" time="0.0">
    <skipped/>
  </testcase> <!-- testDrawBorder -->
  <testcase classname="webDriverPractice.test.R0023extendReport" name="testExtentReport03" time="0.001"/>
  <testcase classname="webDriverPractice.test.R0023extendReport" name="testExtentReport2" time="0.001"/>
  <testcase classname="webDriverPractice.test.R0023extendReport" name="testExtentReport" time="0.001"/>
  <testcase classname="webDriverPractice.test.R0004DropDown" name="testDropdownUsingSelectClass" time="0.001">
    <skipped/>
  </testcase> <!-- testDropdownUsingSelectClass -->
  <testcase classname="webDriverPractice.test.R0004DropDown" name="testDynamicDropDownList" time="0.0">
    <skipped/>
  </testcase> <!-- testDynamicDropDownList -->
  <testcase classname="webDriverPractice.test.R0009Synchronization" name="testFluentWait" time="0.001">
    <skipped/>
  </testcase> <!-- testFluentWait -->
  <testcase classname="webDriverPractice.test.R0009Synchronization" name="testImplicitlyWait" time="0.0">
    <skipped/>
  </testcase> <!-- testImplicitlyWait -->
  <testcase classname="webDriverPractice.test.R0009Synchronization" name="testWebDriverWait" time="0.0">
    <skipped/>
  </testcase> <!-- testWebDriverWait -->
  <testcase classname="webDriverPractice.test.R0020FrameAndDragNDropDemo" name="testFrame" time="2.786"/>
  <testcase classname="webDriverPractice.test.ThreadSafeDriver" name="testThreadSafeDriver" time="9.612"/>
  <testcase classname="webDriverPractice.test.R0015WebTableHandling" name="testdynamicWebTable" time="0.0">
    <skipped/>
  </testcase> <!-- testdynamicWebTable -->
  <testcase classname="webDriverPractice.test.R0016CalederHandling$R0015_WebTableHandling" name="testDynamicCalendar" time="0.0">
    <skipped/>
  </testcase> <!-- testDynamicCalendar -->
  <testcase classname="webDriverPractice.test.Locators" name="name_LocatorTest" time="19.075"/>
  <testcase classname="webDriverPractice.test.R0014JavaScriptExecutor" name="testJavaScriptExecutor" time="0.0">
    <skipped/>
  </testcase> <!-- testJavaScriptExecutor -->
  <testcase classname="webDriverPractice.test.R0010ActionsClass" name="testMouseHover" time="3.506">
    <skipped/>
  </testcase> <!-- testMouseHover -->
  <testcase classname="webDriverPractice.test.Locators" name="partialLinkText_LocatorTest" time="2.872"/>
  <testcase classname="webDriverPractice.test.R0011BrokenLinkVerification" name="testBrokenListUsingHttpsURLConnection" time="78.668"/>
  <testcase classname="webDriverPractice.test.Locators" name="relativeLocatorBelow" time="1.902"/>
  <testcase classname="webDriverPractice.test.ThreadSafeDriver" name="testThreadSafeDriver" time="5.196"/>
  <testcase classname="webDriverPractice.test.Locators" name="relativeLocator_above" time="2.222"/>
  <testcase classname="webDriverPractice.test.Locators" name="tagName_LocatorTest" time="0.032"/>
  <testcase classname="webDriverPractice.test.Locators" name="xpath_LocatorTest" time="0.287"/>
  <testcase classname="webDriverPractice.test.R0011BrokenLinkVerification" name="testBrokenLink" time="327.985"/>
</testsuite> <!-- Test -->
