<?xml version="1.0" encoding="UTF-8"?>
<!-- Generated by org.testng.reporters.JUnitXMLReporter -->
<testsuite ignored="1" hostname="NAIM" failures="1" tests="4" name="Test" time="95.672" errors="0" timestamp="2023-07-10T17:05:40 EDT">
  <testcase classname="webDriverPractice.test.R0011BrokenLinkVerification" name="testBrokenListUsingHttpsURLConnection" time="34.905">
    <skipped/>
  </testcase> <!-- testBrokenListUsingHttpsURLConnection -->
  <testcase classname="webDriverPractice.test.R0011BrokenLinkVerification" name="testBrokenListUsingHttpsURLConnection" time="17.046">
    <skipped/>
  </testcase> <!-- testBrokenListUsingHttpsURLConnection -->
  <testcase classname="webDriverPractice.test.R0011BrokenLinkVerification" name="testBrokenListUsingHttpsURLConnection" time="18.077">
    <skipped/>
  </testcase> <!-- testBrokenListUsingHttpsURLConnection -->
  <testcase classname="webDriverPractice.test.R0011BrokenLinkVerification" name="testBrokenListUsingHttpsURLConnection" time="20.377">
    <failure type="java.lang.AssertionError" message="The following asserts failed:
	expected [true] but found [false],
	expected [true] but found [false],
	expected [true] but found [false],
	expected [true] but found [false]">
      <![CDATA[java.lang.AssertionError: The following asserts failed:
expected [true] but found [false],
expected [true] but found [false],
expected [true] but found [false],
expected [true] but found [false]
at webDriverPractice.test.R0011BrokenLinkVerification.testBrokenListUsingHttpsURLConnection(R0011BrokenLinkVerification.java:118)
at java.base/java.util.ArrayList.forEach(ArrayList.java:1511)
at java.base/java.util.concurrent.FutureTask.run(FutureTask.java:264)
at java.base/java.util.concurrent.ThreadPoolExecutor.runWorker(ThreadPoolExecutor.java:1136)
at java.base/java.util.concurrent.ThreadPoolExecutor$Worker.run(ThreadPoolExecutor.java:635)
at java.base/java.lang.Thread.run(Thread.java:833)
... Removed 19 stack frames]]>
    </failure>
  </testcase> <!-- testBrokenListUsingHttpsURLConnection -->
  <testcase classname="webDriverPractice.test.R0011BrokenLinkVerification" name="testBrokenLink" time="0.0">
    <ignored/>
  </testcase> <!-- testBrokenLink -->
</testsuite> <!-- Test -->
