<?xml version="1.0" encoding="UTF-8"?>
<!-- Generated by org.testng.reporters.JUnitXMLReporter -->
<testsuite ignored="0" hostname="NAIM" failures="0" tests="10" name="Test2" time="262.918" errors="0" timestamp="2023-08-21T03:45:26 EDT">
  <testcase classname="webDriverPractice.test.Locators" name="@BeforeMethod setupInitialComponents" time="11.918">
    <failure type="org.openqa.selenium.SessionNotCreatedException" message="Could not start a new session. Response code 500. Message: session not created
from no such execution context: loader has changed while resolving nodes
  (Session info: chrome=115.0.5790.170) 
Host info: host: &amp;apos;NAIM&amp;apos;, ip: &amp;apos;192.168.100.128&amp;apos;
Build info: version: &amp;apos;4.11.0&amp;apos;, revision: &amp;apos;040bc5406b&amp;apos;
System info: os.name: &amp;apos;Windows 11&amp;apos;, os.arch: &amp;apos;amd64&amp;apos;, os.version: &amp;apos;10.0&amp;apos;, java.version: &amp;apos;17.0.7&amp;apos;
Driver info: org.openqa.selenium.chrome.ChromeDriver
Command: [null, newSession {capabilities=[Capabilities {acceptInsecureCerts: true, browserName: chrome, browserVersion: 115, goog:chromeOptions: {args: [--remote-allow-origins=*], binary: C:\Users\naimn\.cache\selen..., excludeSwitches: [disable-popup-blocking], extensions: []}}]}]">
      <![CDATA[org.openqa.selenium.SessionNotCreatedException: Could not start a new session. Response code 500. Message: session not created
from no such execution context: loader has changed while resolving nodes
  (Session info: chrome=115.0.5790.170) 
Host info: host: 'NAIM', ip: '192.168.100.128'
Build info: version: '4.11.0', revision: '040bc5406b'
System info: os.name: 'Windows 11', os.arch: 'amd64', os.version: '10.0', java.version: '17.0.7'
Driver info: org.openqa.selenium.chrome.ChromeDriver
Command: [null, newSession {capabilities=[Capabilities {acceptInsecureCerts: true, browserName: chrome, browserVersion: 115, goog:chromeOptions: {args: [--remote-allow-origins=*], binary: C:\Users\naimn\.cache\selen..., excludeSwitches: [disable-popup-blocking], extensions: []}}]}]
at org.openqa.selenium.remote.ProtocolHandshake.createSession(ProtocolHandshake.java:140)
at org.openqa.selenium.remote.ProtocolHandshake.createSession(ProtocolHandshake.java:96)
at org.openqa.selenium.remote.ProtocolHandshake.createSession(ProtocolHandshake.java:68)
at org.openqa.selenium.remote.HttpCommandExecutor.execute(HttpCommandExecutor.java:163)
at org.openqa.selenium.remote.service.DriverCommandExecutor.invokeExecute(DriverCommandExecutor.java:196)
at org.openqa.selenium.remote.service.DriverCommandExecutor.execute(DriverCommandExecutor.java:171)
at org.openqa.selenium.remote.RemoteWebDriver.execute(RemoteWebDriver.java:518)
at org.openqa.selenium.remote.RemoteWebDriver.startSession(RemoteWebDriver.java:232)
at org.openqa.selenium.remote.RemoteWebDriver.<init>(RemoteWebDriver.java:159)
at org.openqa.selenium.chromium.ChromiumDriver.<init>(ChromiumDriver.java:108)
at org.openqa.selenium.chrome.ChromeDriver.<init>(ChromeDriver.java:88)
at org.openqa.selenium.chrome.ChromeDriver.<init>(ChromeDriver.java:83)
at org.openqa.selenium.chrome.ChromeDriver.<init>(ChromeDriver.java:72)
at webDriverPractice.test.ThreadSafeDriver.setBrowser(ThreadSafeDriver.java:59)
at webDriverPractice.test.ThreadSafeDriver.launchBrowser(ThreadSafeDriver.java:71)
at webDriverPractice.test.Locators.setupInitialComponents(Locators.java:47)
at java.base/java.util.ArrayList.forEach(ArrayList.java:1511)
at java.base/java.util.concurrent.FutureTask.run(FutureTask.java:264)
at java.base/java.util.concurrent.ThreadPoolExecutor.runWorker(ThreadPoolExecutor.java:1136)
at java.base/java.util.concurrent.ThreadPoolExecutor$Worker.run(ThreadPoolExecutor.java:635)
at java.base/java.lang.Thread.run(Thread.java:833)
... Removed 20 stack frames]]>
    </failure>
  </testcase> <!-- @BeforeMethod setupInitialComponents -->
  <testcase classname="webDriverPractice.test.Locators" name="@AfterMethod quitBrowser" time="0.0">
    <skipped/>
  </testcase> <!-- @AfterMethod quitBrowser -->
  <testcase classname="webDriverPractice.test.Locators" name="@BeforeMethod setupInitialComponents" time="0.0">
    <skipped/>
  </testcase> <!-- @BeforeMethod setupInitialComponents -->
  <testcase classname="webDriverPractice.test.Locators" name="@AfterMethod quitBrowser" time="0.0">
    <skipped/>
  </testcase> <!-- @AfterMethod quitBrowser -->
  <testcase classname="webDriverPractice.test.Locators" name="@BeforeMethod setupInitialComponents" time="0.0">
    <skipped/>
  </testcase> <!-- @BeforeMethod setupInitialComponents -->
  <testcase classname="webDriverPractice.test.Locators" name="@AfterMethod quitBrowser" time="0.0">
    <skipped/>
  </testcase> <!-- @AfterMethod quitBrowser -->
  <testcase classname="webDriverPractice.test.Locators" name="@BeforeMethod setupInitialComponents" time="0.0">
    <skipped/>
  </testcase> <!-- @BeforeMethod setupInitialComponents -->
  <testcase classname="webDriverPractice.test.Locators" name="@AfterMethod quitBrowser" time="0.0">
    <skipped/>
  </testcase> <!-- @AfterMethod quitBrowser -->
  <testcase classname="webDriverPractice.test.Locators" name="@BeforeMethod setupInitialComponents" time="0.0">
    <skipped/>
  </testcase> <!-- @BeforeMethod setupInitialComponents -->
  <testcase classname="webDriverPractice.test.Locators" name="@AfterMethod quitBrowser" time="0.0">
    <skipped/>
  </testcase> <!-- @AfterMethod quitBrowser -->
  <testcase classname="webDriverPractice.test.Locators" name="@BeforeMethod setupInitialComponents" time="0.0">
    <skipped/>
  </testcase> <!-- @BeforeMethod setupInitialComponents -->
  <testcase classname="webDriverPractice.test.Locators" name="@AfterMethod quitBrowser" time="0.0">
    <skipped/>
  </testcase> <!-- @AfterMethod quitBrowser -->
  <testcase classname="webDriverPractice.test.Locators" name="className_LocatorTest" time="11.321"/>
  <testcase classname="webDriverPractice.test.Locators" name="cssSelector_LocatorTest" time="23.728"/>
  <testcase classname="webDriverPractice.test.Locators" name="id_LocatorTest" time="1.164"/>
  <testcase classname="webDriverPractice.test.Locators" name="linkText_LocatorTest" time="2.88"/>
  <testcase classname="webDriverPractice.test.Locators" name="name_LocatorTest" time="0.636"/>
  <testcase classname="webDriverPractice.test.Locators" name="partialLinkText_LocatorTest" time="3.466"/>
  <testcase classname="webDriverPractice.test.Locators" name="relativeLocatorBelow" time="2.112"/>
  <testcase classname="webDriverPractice.test.Locators" name="relativeLocator_above" time="2.904"/>
  <testcase classname="webDriverPractice.test.Locators" name="tagName_LocatorTest" time="0.033"/>
  <testcase classname="webDriverPractice.test.Locators" name="xpath_LocatorTest" time="1.621"/>
</testsuite> <!-- Test2 -->
