<?xml version="1.0" encoding="UTF-8"?>
<!-- Generated by org.testng.reporters.JUnitXMLReporter -->
<testsuite ignored="0" hostname="NAIM" failures="0" tests="10" name="Test" time="253.879" errors="0" timestamp="2023-08-21T03:45:17 EDT">
  <testcase classname="webDriverPractice.test.Locators" name="@AfterMethod quitBrowser" time="25.27">
    <failure type="org.openqa.selenium.WebDriverException" message="Timed out waiting for driver server to stop.
Build info: version: &amp;apos;4.11.0&amp;apos;, revision: &amp;apos;040bc5406b&amp;apos;
System info: os.name: &amp;apos;Windows 11&amp;apos;, os.arch: &amp;apos;amd64&amp;apos;, os.version: &amp;apos;10.0&amp;apos;, java.version: &amp;apos;17.0.7&amp;apos;
Driver info: org.openqa.selenium.chrome.ChromeDriver
Command: [433d44081aa3136c819849b0edc00713, quit {}]
Capabilities {acceptInsecureCerts: true, browserName: chrome, browserVersion: 115.0.5790.170, chrome: {chromedriverVersion: 115.0.5790.170 (cc0d30c2ca5..., userDataDir: C:\Users\naimn\AppData\Loca...}, goog:chromeOptions: {debuggerAddress: localhost:55366}, networkConnectionEnabled: false, pageLoadStrategy: normal, platformName: windows, proxy: Proxy(), se:cdp: ws://localhost:55366/devtoo..., se:cdpVersion: 115.0.5790.170, setWindowRect: true, strictFileInteractability: false, timeouts: {implicit: 0, pageLoad: 300000, script: 30000}, unhandledPromptBehavior: dismiss and notify, webauthn:extension:credBlob: true, webauthn:extension:largeBlob: true, webauthn:extension:minPinLength: true, webauthn:extension:prf: true, webauthn:virtualAuthenticators: true}
Session ID: 433d44081aa3136c819849b0edc00713">
      <![CDATA[org.openqa.selenium.WebDriverException: Timed out waiting for driver server to stop.
Build info: version: '4.11.0', revision: '040bc5406b'
System info: os.name: 'Windows 11', os.arch: 'amd64', os.version: '10.0', java.version: '17.0.7'
Driver info: org.openqa.selenium.chrome.ChromeDriver
Command: [433d44081aa3136c819849b0edc00713, quit {}]
Capabilities {acceptInsecureCerts: true, browserName: chrome, browserVersion: 115.0.5790.170, chrome: {chromedriverVersion: 115.0.5790.170 (cc0d30c2ca5..., userDataDir: C:\Users\naimn\AppData\Loca...}, goog:chromeOptions: {debuggerAddress: localhost:55366}, networkConnectionEnabled: false, pageLoadStrategy: normal, platformName: windows, proxy: Proxy(), se:cdp: ws://localhost:55366/devtoo..., se:cdpVersion: 115.0.5790.170, setWindowRect: true, strictFileInteractability: false, timeouts: {implicit: 0, pageLoad: 300000, script: 30000}, unhandledPromptBehavior: dismiss and notify, webauthn:extension:credBlob: true, webauthn:extension:largeBlob: true, webauthn:extension:minPinLength: true, webauthn:extension:prf: true, webauthn:virtualAuthenticators: true}
Session ID: 433d44081aa3136c819849b0edc00713
at org.openqa.selenium.remote.service.DriverCommandExecutor.execute(DriverCommandExecutor.java:161)
at org.openqa.selenium.remote.RemoteWebDriver.execute(RemoteWebDriver.java:518)
at org.openqa.selenium.remote.RemoteWebDriver.execute(RemoteWebDriver.java:591)
at org.openqa.selenium.remote.RemoteWebDriver.execute(RemoteWebDriver.java:595)
at org.openqa.selenium.remote.RemoteWebDriver.quit(RemoteWebDriver.java:433)
at org.openqa.selenium.chromium.ChromiumDriver.quit(ChromiumDriver.java:351)
at org.openqa.selenium.support.ThreadGuard$WebDriverInvocationHandler.invokeUnderlying(ThreadGuard.java:99)
at org.openqa.selenium.support.ThreadGuard$WebDriverInvocationHandler.invoke(ThreadGuard.java:91)
at jdk.proxy2/jdk.proxy2.$Proxy13.quit(Unknown Source)
at webDriverPractice.test.ThreadSafeDriver.tearDownThreadSafeBrowser(ThreadSafeDriver.java:80)
at webDriverPractice.test.Locators.quitBrowser(Locators.java:136)
at java.base/java.util.ArrayList.forEach(ArrayList.java:1511)
at java.base/java.util.concurrent.FutureTask.run(FutureTask.java:264)
at java.base/java.util.concurrent.ThreadPoolExecutor.runWorker(ThreadPoolExecutor.java:1136)
at java.base/java.util.concurrent.ThreadPoolExecutor$Worker.run(ThreadPoolExecutor.java:635)
at java.base/java.lang.Thread.run(Thread.java:833)
Caused by: java.util.concurrent.ExecutionException: org.openqa.selenium.TimeoutException: Process timed out after waiting for 20000 ms.
Build info: version: '4.11.0', revision: '040bc5406b'
System info: os.name: 'Windows 11', os.arch: 'amd64', os.version: '10.0', java.version: '17.0.7'
Driver info: driver.version: unknown
at java.base/java.util.concurrent.CompletableFuture.reportGet(CompletableFuture.java:396)
at java.base/java.util.concurrent.CompletableFuture.get(CompletableFuture.java:2096)
at org.openqa.selenium.remote.service.DriverCommandExecutor.execute(DriverCommandExecutor.java:157)
... 41 more
Caused by: org.openqa.selenium.TimeoutException: Process timed out after waiting for 20000 ms.
Build info: version: '4.11.0', revision: '040bc5406b'
System info: os.name: 'Windows 11', os.arch: 'amd64', os.version: '10.0', java.version: '17.0.7'
Driver info: driver.version: unknown
at org.openqa.selenium.os.OsProcess.waitFor(OsProcess.java:183)
at org.openqa.selenium.os.CommandLine.waitFor(CommandLine.java:117)
at org.openqa.selenium.remote.service.DriverCommandExecutor.lambda$execute$2(DriverCommandExecutor.java:148)
at java.base/java.util.concurrent.CompletableFuture$AsyncSupply.run(CompletableFuture.java:1768)
... 3 more
... Removed 26 stack frames]]>
    </failure>
  </testcase> <!-- @AfterMethod quitBrowser -->
  <testcase classname="webDriverPractice.test.Locators" name="@BeforeMethod setupInitialComponents" time="0.0">
    <skipped/>
  </testcase> <!-- @BeforeMethod setupInitialComponents -->
  <testcase classname="webDriverPractice.test.Locators" name="@AfterMethod quitBrowser" time="0.0">
    <skipped/>
  </testcase> <!-- @AfterMethod quitBrowser -->
  <testcase classname="webDriverPractice.test.Locators" name="@BeforeMethod setupInitialComponents" time="0.0">
    <skipped/>
  </testcase> <!-- @BeforeMethod setupInitialComponents -->
  <testcase classname="webDriverPractice.test.Locators" name="@AfterMethod quitBrowser" time="0.0">
    <skipped/>
  </testcase> <!-- @AfterMethod quitBrowser -->
  <testcase classname="webDriverPractice.test.Locators" name="@BeforeMethod setupInitialComponents" time="0.0">
    <skipped/>
  </testcase> <!-- @BeforeMethod setupInitialComponents -->
  <testcase classname="webDriverPractice.test.Locators" name="@AfterMethod quitBrowser" time="0.0">
    <skipped/>
  </testcase> <!-- @AfterMethod quitBrowser -->
  <testcase classname="webDriverPractice.test.Locators" name="@BeforeMethod setupInitialComponents" time="0.0">
    <skipped/>
  </testcase> <!-- @BeforeMethod setupInitialComponents -->
  <testcase classname="webDriverPractice.test.Locators" name="@AfterMethod quitBrowser" time="0.0">
    <skipped/>
  </testcase> <!-- @AfterMethod quitBrowser -->
  <testcase classname="webDriverPractice.test.Locators" name="@BeforeMethod setupInitialComponents" time="0.0">
    <skipped/>
  </testcase> <!-- @BeforeMethod setupInitialComponents -->
  <testcase classname="webDriverPractice.test.Locators" name="@AfterMethod quitBrowser" time="0.0">
    <skipped/>
  </testcase> <!-- @AfterMethod quitBrowser -->
  <testcase classname="webDriverPractice.test.Locators" name="@BeforeMethod setupInitialComponents" time="0.0">
    <skipped/>
  </testcase> <!-- @BeforeMethod setupInitialComponents -->
  <testcase classname="webDriverPractice.test.Locators" name="@AfterMethod quitBrowser" time="0.0">
    <skipped/>
  </testcase> <!-- @AfterMethod quitBrowser -->
  <testcase classname="webDriverPractice.test.Locators" name="@BeforeMethod setupInitialComponents" time="0.0">
    <skipped/>
  </testcase> <!-- @BeforeMethod setupInitialComponents -->
  <testcase classname="webDriverPractice.test.Locators" name="@AfterMethod quitBrowser" time="0.0">
    <skipped/>
  </testcase> <!-- @AfterMethod quitBrowser -->
  <testcase classname="webDriverPractice.test.Locators" name="@BeforeMethod setupInitialComponents" time="0.0">
    <skipped/>
  </testcase> <!-- @BeforeMethod setupInitialComponents -->
  <testcase classname="webDriverPractice.test.Locators" name="@AfterMethod quitBrowser" time="0.0">
    <skipped/>
  </testcase> <!-- @AfterMethod quitBrowser -->
  <testcase classname="webDriverPractice.test.Locators" name="className_LocatorTest" time="5.662"/>
  <testcase classname="webDriverPractice.test.Locators" name="cssSelector_LocatorTest" time="1.434"/>
  <testcase classname="webDriverPractice.test.Locators" name="id_LocatorTest" time="0.074"/>
  <testcase classname="webDriverPractice.test.Locators" name="linkText_LocatorTest" time="3.343"/>
  <testcase classname="webDriverPractice.test.Locators" name="name_LocatorTest" time="18.343"/>
  <testcase classname="webDriverPractice.test.Locators" name="partialLinkText_LocatorTest" time="18.126"/>
  <testcase classname="webDriverPractice.test.Locators" name="relativeLocatorBelow" time="3.368"/>
  <testcase classname="webDriverPractice.test.Locators" name="relativeLocator_above" time="2.884"/>
  <testcase classname="webDriverPractice.test.Locators" name="tagName_LocatorTest" time="0.032"/>
  <testcase classname="webDriverPractice.test.Locators" name="xpath_LocatorTest" time="0.721"/>
</testsuite> <!-- Test -->
