<?xml version="1.0" encoding="UTF-8"?>
<testsuite xmlns:xsi="http://www.w3.org/2001/XMLSchema-instance" xsi:noNamespaceSchemaLocation="https://maven.apache.org/surefire/maven-surefire-plugin/xsd/surefire-test-report.xsd" name="TestSuite" time="473.073" tests="90" errors="0" skipped="44" failures="15">
  <properties>
    <property name="java.specification.version" value="17"/>
    <property name="sun.cpu.isalist" value="amd64"/>
    <property name="sun.jnu.encoding" value="Cp1252"/>
    <property name="java.class.path" value="C:\Users\naimn\DEV\IDE\eclipse\seleniumWebDriverPractice\target\test-classes;C:\Users\naimn\DEV\IDE\eclipse\seleniumWebDriverPractice\target\classes;C:\Users\naimn\.m2\repository\org\seleniumhq\selenium\selenium-java\4.11.0\selenium-java-4.11.0.jar;C:\Users\naimn\.m2\repository\org\seleniumhq\selenium\selenium-api\4.11.0\selenium-api-4.11.0.jar;C:\Users\naimn\.m2\repository\org\seleniumhq\selenium\selenium-chrome-driver\4.11.0\selenium-chrome-driver-4.11.0.jar;C:\Users\naimn\.m2\repository\com\google\auto\service\auto-service-annotations\1.0.1\auto-service-annotations-1.0.1.jar;C:\Users\naimn\.m2\repository\com\google\guava\guava\31.1-jre\guava-31.1-jre.jar;C:\Users\naimn\.m2\repository\com\google\guava\failureaccess\1.0.1\failureaccess-1.0.1.jar;C:\Users\naimn\.m2\repository\com\google\guava\listenablefuture\9999.0-empty-to-avoid-conflict-with-guava\listenablefuture-9999.0-empty-to-avoid-conflict-with-guava.jar;C:\Users\naimn\.m2\repository\com\google\code\findbugs\jsr305\3.0.2\jsr305-3.0.2.jar;C:\Users\naimn\.m2\repository\org\checkerframework\checker-qual\3.12.0\checker-qual-3.12.0.jar;C:\Users\naimn\.m2\repository\com\google\errorprone\error_prone_annotations\2.11.0\error_prone_annotations-2.11.0.jar;C:\Users\naimn\.m2\repository\com\google\j2objc\j2objc-annotations\1.3\j2objc-annotations-1.3.jar;C:\Users\naimn\.m2\repository\org\seleniumhq\selenium\selenium-chromium-driver\4.11.0\selenium-chromium-driver-4.11.0.jar;C:\Users\naimn\.m2\repository\org\seleniumhq\selenium\selenium-json\4.11.0\selenium-json-4.11.0.jar;C:\Users\naimn\.m2\repository\org\seleniumhq\selenium\selenium-manager\4.11.0\selenium-manager-4.11.0.jar;C:\Users\naimn\.m2\repository\org\seleniumhq\selenium\selenium-devtools-v113\4.11.0\selenium-devtools-v113-4.11.0.jar;C:\Users\naimn\.m2\repository\org\seleniumhq\selenium\selenium-devtools-v114\4.11.0\selenium-devtools-v114-4.11.0.jar;C:\Users\naimn\.m2\repository\org\seleniumhq\selenium\selenium-devtools-v115\4.11.0\selenium-devtools-v115-4.11.0.jar;C:\Users\naimn\.m2\repository\org\seleniumhq\selenium\selenium-devtools-v85\4.11.0\selenium-devtools-v85-4.11.0.jar;C:\Users\naimn\.m2\repository\org\seleniumhq\selenium\selenium-edge-driver\4.11.0\selenium-edge-driver-4.11.0.jar;C:\Users\naimn\.m2\repository\org\seleniumhq\selenium\selenium-firefox-driver\4.11.0\selenium-firefox-driver-4.11.0.jar;C:\Users\naimn\.m2\repository\org\seleniumhq\selenium\selenium-http\4.11.0\selenium-http-4.11.0.jar;C:\Users\naimn\.m2\repository\dev\failsafe\failsafe\3.3.1\failsafe-3.3.1.jar;C:\Users\naimn\.m2\repository\org\seleniumhq\selenium\selenium-ie-driver\4.11.0\selenium-ie-driver-4.11.0.jar;C:\Users\naimn\.m2\repository\org\seleniumhq\selenium\selenium-remote-driver\4.11.0\selenium-remote-driver-4.11.0.jar;C:\Users\naimn\.m2\repository\io\netty\netty-buffer\4.1.92.Final\netty-buffer-4.1.92.Final.jar;C:\Users\naimn\.m2\repository\io\netty\netty-codec-http\4.1.92.Final\netty-codec-http-4.1.92.Final.jar;C:\Users\naimn\.m2\repository\io\netty\netty-codec\4.1.92.Final\netty-codec-4.1.92.Final.jar;C:\Users\naimn\.m2\repository\io\netty\netty-handler\4.1.92.Final\netty-handler-4.1.92.Final.jar;C:\Users\naimn\.m2\repository\io\netty\netty-common\4.1.92.Final\netty-common-4.1.92.Final.jar;C:\Users\naimn\.m2\repository\io\netty\netty-transport-classes-epoll\4.1.92.Final\netty-transport-classes-epoll-4.1.92.Final.jar;C:\Users\naimn\.m2\repository\io\netty\netty-transport-classes-kqueue\4.1.92.Final\netty-transport-classes-kqueue-4.1.92.Final.jar;C:\Users\naimn\.m2\repository\io\netty\netty-transport-native-epoll\4.1.92.Final\netty-transport-native-epoll-4.1.92.Final.jar;C:\Users\naimn\.m2\repository\io\netty\netty-transport-native-kqueue\4.1.92.Final\netty-transport-native-kqueue-4.1.92.Final.jar;C:\Users\naimn\.m2\repository\io\netty\netty-transport-native-unix-common\4.1.92.Final\netty-transport-native-unix-common-4.1.92.Final.jar;C:\Users\naimn\.m2\repository\io\netty\netty-transport\4.1.92.Final\netty-transport-4.1.92.Final.jar;C:\Users\naimn\.m2\repository\io\netty\netty-resolver\4.1.92.Final\netty-resolver-4.1.92.Final.jar;C:\Users\naimn\.m2\repository\io\opentelemetry\opentelemetry-api\1.26.0\opentelemetry-api-1.26.0.jar;C:\Users\naimn\.m2\repository\io\opentelemetry\opentelemetry-context\1.26.0\opentelemetry-context-1.26.0.jar;C:\Users\naimn\.m2\repository\io\opentelemetry\opentelemetry-exporter-logging\1.26.0\opentelemetry-exporter-logging-1.26.0.jar;C:\Users\naimn\.m2\repository\io\opentelemetry\opentelemetry-sdk-metrics\1.26.0\opentelemetry-sdk-metrics-1.26.0.jar;C:\Users\naimn\.m2\repository\io\opentelemetry\opentelemetry-extension-incubator\1.26.0-alpha\opentelemetry-extension-incubator-1.26.0-alpha.jar;C:\Users\naimn\.m2\repository\io\opentelemetry\opentelemetry-sdk-logs\1.26.0-alpha\opentelemetry-sdk-logs-1.26.0-alpha.jar;C:\Users\naimn\.m2\repository\io\opentelemetry\opentelemetry-api-logs\1.26.0-alpha\opentelemetry-api-logs-1.26.0-alpha.jar;C:\Users\naimn\.m2\repository\io\opentelemetry\opentelemetry-api-events\1.26.0-alpha\opentelemetry-api-events-1.26.0-alpha.jar;C:\Users\naimn\.m2\repository\io\opentelemetry\opentelemetry-sdk-common\1.26.0\opentelemetry-sdk-common-1.26.0.jar;C:\Users\naimn\.m2\repository\io\opentelemetry\opentelemetry-sdk-extension-autoconfigure-spi\1.26.0\opentelemetry-sdk-extension-autoconfigure-spi-1.26.0.jar;C:\Users\naimn\.m2\repository\io\opentelemetry\opentelemetry-sdk-extension-autoconfigure\1.26.0-alpha\opentelemetry-sdk-extension-autoconfigure-1.26.0-alpha.jar;C:\Users\naimn\.m2\repository\io\opentelemetry\opentelemetry-sdk-trace\1.26.0\opentelemetry-sdk-trace-1.26.0.jar;C:\Users\naimn\.m2\repository\io\opentelemetry\opentelemetry-sdk\1.26.0\opentelemetry-sdk-1.26.0.jar;C:\Users\naimn\.m2\repository\io\opentelemetry\opentelemetry-semconv\1.26.0-alpha\opentelemetry-semconv-1.26.0-alpha.jar;C:\Users\naimn\.m2\repository\net\bytebuddy\byte-buddy\1.14.4\byte-buddy-1.14.4.jar;C:\Users\naimn\.m2\repository\org\apache\commons\commons-exec\1.3\commons-exec-1.3.jar;C:\Users\naimn\.m2\repository\org\asynchttpclient\async-http-client\2.12.3\async-http-client-2.12.3.jar;C:\Users\naimn\.m2\repository\org\asynchttpclient\async-http-client-netty-utils\2.12.3\async-http-client-netty-utils-2.12.3.jar;C:\Users\naimn\.m2\repository\io\netty\netty-codec-socks\4.1.60.Final\netty-codec-socks-4.1.60.Final.jar;C:\Users\naimn\.m2\repository\io\netty\netty-handler-proxy\4.1.60.Final\netty-handler-proxy-4.1.60.Final.jar;C:\Users\naimn\.m2\repository\io\netty\netty-transport-native-epoll\4.1.60.Final\netty-transport-native-epoll-4.1.60.Final-linux-x86_64.jar;C:\Users\naimn\.m2\repository\io\netty\netty-transport-native-kqueue\4.1.60.Final\netty-transport-native-kqueue-4.1.60.Final-osx-x86_64.jar;C:\Users\naimn\.m2\repository\org\reactivestreams\reactive-streams\1.0.3\reactive-streams-1.0.3.jar;C:\Users\naimn\.m2\repository\com\typesafe\netty\netty-reactive-streams\2.0.4\netty-reactive-streams-2.0.4.jar;C:\Users\naimn\.m2\repository\com\sun\activation\jakarta.activation\1.2.2\jakarta.activation-1.2.2.jar;C:\Users\naimn\.m2\repository\org\seleniumhq\selenium\selenium-safari-driver\4.11.0\selenium-safari-driver-4.11.0.jar;C:\Users\naimn\.m2\repository\org\seleniumhq\selenium\selenium-support\4.11.0\selenium-support-4.11.0.jar;C:\Users\naimn\.m2\repository\io\github\bonigarcia\webdrivermanager\5.3.0\webdrivermanager-5.3.0.jar;C:\Users\naimn\.m2\repository\org\slf4j\slf4j-api\1.7.36\slf4j-api-1.7.36.jar;C:\Users\naimn\.m2\repository\com\google\code\gson\gson\2.9.1\gson-2.9.1.jar;C:\Users\naimn\.m2\repository\com\github\docker-java\docker-java\3.2.13\docker-java-3.2.13.jar;C:\Users\naimn\.m2\repository\com\github\docker-java\docker-java-core\3.2.13\docker-java-core-3.2.13.jar;C:\Users\naimn\.m2\repository\com\github\docker-java\docker-java-api\3.2.13\docker-java-api-3.2.13.jar;C:\Users\naimn\.m2\repository\com\fasterxml\jackson\core\jackson-annotations\2.10.3\jackson-annotations-2.10.3.jar;C:\Users\naimn\.m2\repository\com\fasterxml\jackson\core\jackson-databind\2.10.3\jackson-databind-2.10.3.jar;C:\Users\naimn\.m2\repository\com\fasterxml\jackson\core\jackson-core\2.10.3\jackson-core-2.10.3.jar;C:\Users\naimn\.m2\repository\org\bouncycastle\bcpkix-jdk15on\1.64\bcpkix-jdk15on-1.64.jar;C:\Users\naimn\.m2\repository\org\bouncycastle\bcprov-jdk15on\1.64\bcprov-jdk15on-1.64.jar;C:\Users\naimn\.m2\repository\org\slf4j\jcl-over-slf4j\1.7.30\jcl-over-slf4j-1.7.30.jar;C:\Users\naimn\.m2\repository\com\github\docker-java\docker-java-transport-httpclient5\3.2.13\docker-java-transport-httpclient5-3.2.13.jar;C:\Users\naimn\.m2\repository\com\github\docker-java\docker-java-transport\3.2.13\docker-java-transport-3.2.13.jar;C:\Users\naimn\.m2\repository\net\java\dev\jna\jna\5.8.0\jna-5.8.0.jar;C:\Users\naimn\.m2\repository\org\brotli\dec\0.1.2\dec-0.1.2.jar;C:\Users\naimn\.m2\repository\org\apache\commons\commons-lang3\3.12.0\commons-lang3-3.12.0.jar;C:\Users\naimn\.m2\repository\org\apache\httpcomponents\client5\httpclient5\5.1.3\httpclient5-5.1.3.jar;C:\Users\naimn\.m2\repository\org\apache\httpcomponents\core5\httpcore5\5.1.3\httpcore5-5.1.3.jar;C:\Users\naimn\.m2\repository\org\apache\httpcomponents\core5\httpcore5-h2\5.1.3\httpcore5-h2-5.1.3.jar;C:\Users\naimn\.m2\repository\org\testng\testng\7.8.0\testng-7.8.0.jar;C:\Users\naimn\.m2\repository\com\beust\jcommander\1.82\jcommander-1.82.jar;C:\Users\naimn\.m2\repository\org\webjars\jquery\3.6.1\jquery-3.6.1.jar;C:\Users\naimn\.m2\repository\org\apache\logging\log4j\log4j-api\2.13.3\log4j-api-2.13.3.jar;C:\Users\naimn\.m2\repository\commons-io\commons-io\2.7\commons-io-2.7.jar;C:\Users\naimn\.m2\repository\com\aventstack\extentreports\4.1.5\extentreports-4.1.5.jar;C:\Users\naimn\.m2\repository\org\freemarker\freemarker\2.3.29\freemarker-2.3.29.jar;C:\Users\naimn\.m2\repository\org\apache\httpcomponents\httpclient\4.5.2\httpclient-4.5.2.jar;C:\Users\naimn\.m2\repository\org\apache\httpcomponents\httpcore\4.4.4\httpcore-4.4.4.jar;C:\Users\naimn\.m2\repository\commons-logging\commons-logging\1.2\commons-logging-1.2.jar;C:\Users\naimn\.m2\repository\org\apache\httpcomponents\httpmime\4.5.2\httpmime-4.5.2.jar;C:\Users\naimn\.m2\repository\org\mongodb\mongodb-driver\3.12.0\mongodb-driver-3.12.0.jar;C:\Users\naimn\.m2\repository\org\mongodb\mongodb-driver-core\3.12.0\mongodb-driver-core-3.12.0.jar;C:\Users\naimn\.m2\repository\org\mongodb\bson\3.12.0\bson-3.12.0.jar;C:\Users\naimn\.m2\repository\org\apache\poi\poi\5.2.3\poi-5.2.3.jar;C:\Users\naimn\.m2\repository\commons-codec\commons-codec\1.15\commons-codec-1.15.jar;C:\Users\naimn\.m2\repository\org\apache\commons\commons-collections4\4.4\commons-collections4-4.4.jar;C:\Users\naimn\.m2\repository\org\apache\commons\commons-math3\3.6.1\commons-math3-3.6.1.jar;C:\Users\naimn\.m2\repository\com\zaxxer\SparseBitSet\1.2\SparseBitSet-1.2.jar;C:\Users\naimn\.m2\repository\org\apache\poi\poi-ooxml\5.2.3\poi-ooxml-5.2.3.jar;C:\Users\naimn\.m2\repository\org\apache\poi\poi-ooxml-lite\5.2.3\poi-ooxml-lite-5.2.3.jar;C:\Users\naimn\.m2\repository\org\apache\xmlbeans\xmlbeans\5.1.1\xmlbeans-5.1.1.jar;C:\Users\naimn\.m2\repository\org\apache\commons\commons-compress\1.21\commons-compress-1.21.jar;C:\Users\naimn\.m2\repository\com\github\virtuald\curvesapi\1.07\curvesapi-1.07.jar;"/>
    <property name="java.vm.vendor" value="Oracle Corporation"/>
    <property name="sun.arch.data.model" value="64"/>
    <property name="user.variant" value=""/>
    <property name="java.vendor.url" value="https://java.oracle.com/"/>
    <property name="user.timezone" value="America/New_York"/>
    <property name="os.name" value="Windows 11"/>
    <property name="java.vm.specification.version" value="17"/>
    <property name="sun.java.launcher" value="SUN_STANDARD"/>
    <property name="user.country" value="US"/>
    <property name="sun.boot.library.path" value="C:\Program Files\Java\jdk-17\bin"/>
    <property name="sun.java.command" value="C:\Users\naimn\AppData\Local\Temp\surefire16204990107250520430\surefirebooter7399143063768860037.jar C:\Users\naimn\AppData\Local\Temp\surefire16204990107250520430 2023-08-21T03-19-15_099-jvmRun1 surefire14138202371770934010tmp surefire_08346922598139794521tmp"/>
    <property name="jdk.debug" value="release"/>
    <property name="surefire.test.class.path" value="C:\Users\naimn\DEV\IDE\eclipse\seleniumWebDriverPractice\target\test-classes;C:\Users\naimn\DEV\IDE\eclipse\seleniumWebDriverPractice\target\classes;C:\Users\naimn\.m2\repository\org\seleniumhq\selenium\selenium-java\4.11.0\selenium-java-4.11.0.jar;C:\Users\naimn\.m2\repository\org\seleniumhq\selenium\selenium-api\4.11.0\selenium-api-4.11.0.jar;C:\Users\naimn\.m2\repository\org\seleniumhq\selenium\selenium-chrome-driver\4.11.0\selenium-chrome-driver-4.11.0.jar;C:\Users\naimn\.m2\repository\com\google\auto\service\auto-service-annotations\1.0.1\auto-service-annotations-1.0.1.jar;C:\Users\naimn\.m2\repository\com\google\guava\guava\31.1-jre\guava-31.1-jre.jar;C:\Users\naimn\.m2\repository\com\google\guava\failureaccess\1.0.1\failureaccess-1.0.1.jar;C:\Users\naimn\.m2\repository\com\google\guava\listenablefuture\9999.0-empty-to-avoid-conflict-with-guava\listenablefuture-9999.0-empty-to-avoid-conflict-with-guava.jar;C:\Users\naimn\.m2\repository\com\google\code\findbugs\jsr305\3.0.2\jsr305-3.0.2.jar;C:\Users\naimn\.m2\repository\org\checkerframework\checker-qual\3.12.0\checker-qual-3.12.0.jar;C:\Users\naimn\.m2\repository\com\google\errorprone\error_prone_annotations\2.11.0\error_prone_annotations-2.11.0.jar;C:\Users\naimn\.m2\repository\com\google\j2objc\j2objc-annotations\1.3\j2objc-annotations-1.3.jar;C:\Users\naimn\.m2\repository\org\seleniumhq\selenium\selenium-chromium-driver\4.11.0\selenium-chromium-driver-4.11.0.jar;C:\Users\naimn\.m2\repository\org\seleniumhq\selenium\selenium-json\4.11.0\selenium-json-4.11.0.jar;C:\Users\naimn\.m2\repository\org\seleniumhq\selenium\selenium-manager\4.11.0\selenium-manager-4.11.0.jar;C:\Users\naimn\.m2\repository\org\seleniumhq\selenium\selenium-devtools-v113\4.11.0\selenium-devtools-v113-4.11.0.jar;C:\Users\naimn\.m2\repository\org\seleniumhq\selenium\selenium-devtools-v114\4.11.0\selenium-devtools-v114-4.11.0.jar;C:\Users\naimn\.m2\repository\org\seleniumhq\selenium\selenium-devtools-v115\4.11.0\selenium-devtools-v115-4.11.0.jar;C:\Users\naimn\.m2\repository\org\seleniumhq\selenium\selenium-devtools-v85\4.11.0\selenium-devtools-v85-4.11.0.jar;C:\Users\naimn\.m2\repository\org\seleniumhq\selenium\selenium-edge-driver\4.11.0\selenium-edge-driver-4.11.0.jar;C:\Users\naimn\.m2\repository\org\seleniumhq\selenium\selenium-firefox-driver\4.11.0\selenium-firefox-driver-4.11.0.jar;C:\Users\naimn\.m2\repository\org\seleniumhq\selenium\selenium-http\4.11.0\selenium-http-4.11.0.jar;C:\Users\naimn\.m2\repository\dev\failsafe\failsafe\3.3.1\failsafe-3.3.1.jar;C:\Users\naimn\.m2\repository\org\seleniumhq\selenium\selenium-ie-driver\4.11.0\selenium-ie-driver-4.11.0.jar;C:\Users\naimn\.m2\repository\org\seleniumhq\selenium\selenium-remote-driver\4.11.0\selenium-remote-driver-4.11.0.jar;C:\Users\naimn\.m2\repository\io\netty\netty-buffer\4.1.92.Final\netty-buffer-4.1.92.Final.jar;C:\Users\naimn\.m2\repository\io\netty\netty-codec-http\4.1.92.Final\netty-codec-http-4.1.92.Final.jar;C:\Users\naimn\.m2\repository\io\netty\netty-codec\4.1.92.Final\netty-codec-4.1.92.Final.jar;C:\Users\naimn\.m2\repository\io\netty\netty-handler\4.1.92.Final\netty-handler-4.1.92.Final.jar;C:\Users\naimn\.m2\repository\io\netty\netty-common\4.1.92.Final\netty-common-4.1.92.Final.jar;C:\Users\naimn\.m2\repository\io\netty\netty-transport-classes-epoll\4.1.92.Final\netty-transport-classes-epoll-4.1.92.Final.jar;C:\Users\naimn\.m2\repository\io\netty\netty-transport-classes-kqueue\4.1.92.Final\netty-transport-classes-kqueue-4.1.92.Final.jar;C:\Users\naimn\.m2\repository\io\netty\netty-transport-native-epoll\4.1.92.Final\netty-transport-native-epoll-4.1.92.Final.jar;C:\Users\naimn\.m2\repository\io\netty\netty-transport-native-kqueue\4.1.92.Final\netty-transport-native-kqueue-4.1.92.Final.jar;C:\Users\naimn\.m2\repository\io\netty\netty-transport-native-unix-common\4.1.92.Final\netty-transport-native-unix-common-4.1.92.Final.jar;C:\Users\naimn\.m2\repository\io\netty\netty-transport\4.1.92.Final\netty-transport-4.1.92.Final.jar;C:\Users\naimn\.m2\repository\io\netty\netty-resolver\4.1.92.Final\netty-resolver-4.1.92.Final.jar;C:\Users\naimn\.m2\repository\io\opentelemetry\opentelemetry-api\1.26.0\opentelemetry-api-1.26.0.jar;C:\Users\naimn\.m2\repository\io\opentelemetry\opentelemetry-context\1.26.0\opentelemetry-context-1.26.0.jar;C:\Users\naimn\.m2\repository\io\opentelemetry\opentelemetry-exporter-logging\1.26.0\opentelemetry-exporter-logging-1.26.0.jar;C:\Users\naimn\.m2\repository\io\opentelemetry\opentelemetry-sdk-metrics\1.26.0\opentelemetry-sdk-metrics-1.26.0.jar;C:\Users\naimn\.m2\repository\io\opentelemetry\opentelemetry-extension-incubator\1.26.0-alpha\opentelemetry-extension-incubator-1.26.0-alpha.jar;C:\Users\naimn\.m2\repository\io\opentelemetry\opentelemetry-sdk-logs\1.26.0-alpha\opentelemetry-sdk-logs-1.26.0-alpha.jar;C:\Users\naimn\.m2\repository\io\opentelemetry\opentelemetry-api-logs\1.26.0-alpha\opentelemetry-api-logs-1.26.0-alpha.jar;C:\Users\naimn\.m2\repository\io\opentelemetry\opentelemetry-api-events\1.26.0-alpha\opentelemetry-api-events-1.26.0-alpha.jar;C:\Users\naimn\.m2\repository\io\opentelemetry\opentelemetry-sdk-common\1.26.0\opentelemetry-sdk-common-1.26.0.jar;C:\Users\naimn\.m2\repository\io\opentelemetry\opentelemetry-sdk-extension-autoconfigure-spi\1.26.0\opentelemetry-sdk-extension-autoconfigure-spi-1.26.0.jar;C:\Users\naimn\.m2\repository\io\opentelemetry\opentelemetry-sdk-extension-autoconfigure\1.26.0-alpha\opentelemetry-sdk-extension-autoconfigure-1.26.0-alpha.jar;C:\Users\naimn\.m2\repository\io\opentelemetry\opentelemetry-sdk-trace\1.26.0\opentelemetry-sdk-trace-1.26.0.jar;C:\Users\naimn\.m2\repository\io\opentelemetry\opentelemetry-sdk\1.26.0\opentelemetry-sdk-1.26.0.jar;C:\Users\naimn\.m2\repository\io\opentelemetry\opentelemetry-semconv\1.26.0-alpha\opentelemetry-semconv-1.26.0-alpha.jar;C:\Users\naimn\.m2\repository\net\bytebuddy\byte-buddy\1.14.4\byte-buddy-1.14.4.jar;C:\Users\naimn\.m2\repository\org\apache\commons\commons-exec\1.3\commons-exec-1.3.jar;C:\Users\naimn\.m2\repository\org\asynchttpclient\async-http-client\2.12.3\async-http-client-2.12.3.jar;C:\Users\naimn\.m2\repository\org\asynchttpclient\async-http-client-netty-utils\2.12.3\async-http-client-netty-utils-2.12.3.jar;C:\Users\naimn\.m2\repository\io\netty\netty-codec-socks\4.1.60.Final\netty-codec-socks-4.1.60.Final.jar;C:\Users\naimn\.m2\repository\io\netty\netty-handler-proxy\4.1.60.Final\netty-handler-proxy-4.1.60.Final.jar;C:\Users\naimn\.m2\repository\io\netty\netty-transport-native-epoll\4.1.60.Final\netty-transport-native-epoll-4.1.60.Final-linux-x86_64.jar;C:\Users\naimn\.m2\repository\io\netty\netty-transport-native-kqueue\4.1.60.Final\netty-transport-native-kqueue-4.1.60.Final-osx-x86_64.jar;C:\Users\naimn\.m2\repository\org\reactivestreams\reactive-streams\1.0.3\reactive-streams-1.0.3.jar;C:\Users\naimn\.m2\repository\com\typesafe\netty\netty-reactive-streams\2.0.4\netty-reactive-streams-2.0.4.jar;C:\Users\naimn\.m2\repository\com\sun\activation\jakarta.activation\1.2.2\jakarta.activation-1.2.2.jar;C:\Users\naimn\.m2\repository\org\seleniumhq\selenium\selenium-safari-driver\4.11.0\selenium-safari-driver-4.11.0.jar;C:\Users\naimn\.m2\repository\org\seleniumhq\selenium\selenium-support\4.11.0\selenium-support-4.11.0.jar;C:\Users\naimn\.m2\repository\io\github\bonigarcia\webdrivermanager\5.3.0\webdrivermanager-5.3.0.jar;C:\Users\naimn\.m2\repository\org\slf4j\slf4j-api\1.7.36\slf4j-api-1.7.36.jar;C:\Users\naimn\.m2\repository\com\google\code\gson\gson\2.9.1\gson-2.9.1.jar;C:\Users\naimn\.m2\repository\com\github\docker-java\docker-java\3.2.13\docker-java-3.2.13.jar;C:\Users\naimn\.m2\repository\com\github\docker-java\docker-java-core\3.2.13\docker-java-core-3.2.13.jar;C:\Users\naimn\.m2\repository\com\github\docker-java\docker-java-api\3.2.13\docker-java-api-3.2.13.jar;C:\Users\naimn\.m2\repository\com\fasterxml\jackson\core\jackson-annotations\2.10.3\jackson-annotations-2.10.3.jar;C:\Users\naimn\.m2\repository\com\fasterxml\jackson\core\jackson-databind\2.10.3\jackson-databind-2.10.3.jar;C:\Users\naimn\.m2\repository\com\fasterxml\jackson\core\jackson-core\2.10.3\jackson-core-2.10.3.jar;C:\Users\naimn\.m2\repository\org\bouncycastle\bcpkix-jdk15on\1.64\bcpkix-jdk15on-1.64.jar;C:\Users\naimn\.m2\repository\org\bouncycastle\bcprov-jdk15on\1.64\bcprov-jdk15on-1.64.jar;C:\Users\naimn\.m2\repository\org\slf4j\jcl-over-slf4j\1.7.30\jcl-over-slf4j-1.7.30.jar;C:\Users\naimn\.m2\repository\com\github\docker-java\docker-java-transport-httpclient5\3.2.13\docker-java-transport-httpclient5-3.2.13.jar;C:\Users\naimn\.m2\repository\com\github\docker-java\docker-java-transport\3.2.13\docker-java-transport-3.2.13.jar;C:\Users\naimn\.m2\repository\net\java\dev\jna\jna\5.8.0\jna-5.8.0.jar;C:\Users\naimn\.m2\repository\org\brotli\dec\0.1.2\dec-0.1.2.jar;C:\Users\naimn\.m2\repository\org\apache\commons\commons-lang3\3.12.0\commons-lang3-3.12.0.jar;C:\Users\naimn\.m2\repository\org\apache\httpcomponents\client5\httpclient5\5.1.3\httpclient5-5.1.3.jar;C:\Users\naimn\.m2\repository\org\apache\httpcomponents\core5\httpcore5\5.1.3\httpcore5-5.1.3.jar;C:\Users\naimn\.m2\repository\org\apache\httpcomponents\core5\httpcore5-h2\5.1.3\httpcore5-h2-5.1.3.jar;C:\Users\naimn\.m2\repository\org\testng\testng\7.8.0\testng-7.8.0.jar;C:\Users\naimn\.m2\repository\com\beust\jcommander\1.82\jcommander-1.82.jar;C:\Users\naimn\.m2\repository\org\webjars\jquery\3.6.1\jquery-3.6.1.jar;C:\Users\naimn\.m2\repository\org\apache\logging\log4j\log4j-api\2.13.3\log4j-api-2.13.3.jar;C:\Users\naimn\.m2\repository\commons-io\commons-io\2.7\commons-io-2.7.jar;C:\Users\naimn\.m2\repository\com\aventstack\extentreports\4.1.5\extentreports-4.1.5.jar;C:\Users\naimn\.m2\repository\org\freemarker\freemarker\2.3.29\freemarker-2.3.29.jar;C:\Users\naimn\.m2\repository\org\apache\httpcomponents\httpclient\4.5.2\httpclient-4.5.2.jar;C:\Users\naimn\.m2\repository\org\apache\httpcomponents\httpcore\4.4.4\httpcore-4.4.4.jar;C:\Users\naimn\.m2\repository\commons-logging\commons-logging\1.2\commons-logging-1.2.jar;C:\Users\naimn\.m2\repository\org\apache\httpcomponents\httpmime\4.5.2\httpmime-4.5.2.jar;C:\Users\naimn\.m2\repository\org\mongodb\mongodb-driver\3.12.0\mongodb-driver-3.12.0.jar;C:\Users\naimn\.m2\repository\org\mongodb\mongodb-driver-core\3.12.0\mongodb-driver-core-3.12.0.jar;C:\Users\naimn\.m2\repository\org\mongodb\bson\3.12.0\bson-3.12.0.jar;C:\Users\naimn\.m2\repository\org\apache\poi\poi\5.2.3\poi-5.2.3.jar;C:\Users\naimn\.m2\repository\commons-codec\commons-codec\1.15\commons-codec-1.15.jar;C:\Users\naimn\.m2\repository\org\apache\commons\commons-collections4\4.4\commons-collections4-4.4.jar;C:\Users\naimn\.m2\repository\org\apache\commons\commons-math3\3.6.1\commons-math3-3.6.1.jar;C:\Users\naimn\.m2\repository\com\zaxxer\SparseBitSet\1.2\SparseBitSet-1.2.jar;C:\Users\naimn\.m2\repository\org\apache\poi\poi-ooxml\5.2.3\poi-ooxml-5.2.3.jar;C:\Users\naimn\.m2\repository\org\apache\poi\poi-ooxml-lite\5.2.3\poi-ooxml-lite-5.2.3.jar;C:\Users\naimn\.m2\repository\org\apache\xmlbeans\xmlbeans\5.1.1\xmlbeans-5.1.1.jar;C:\Users\naimn\.m2\repository\org\apache\commons\commons-compress\1.21\commons-compress-1.21.jar;C:\Users\naimn\.m2\repository\com\github\virtuald\curvesapi\1.07\curvesapi-1.07.jar;"/>
    <property name="sun.cpu.endian" value="little"/>
    <property name="user.home" value="C:\Users\naimn"/>
    <property name="user.language" value="en"/>
    <property name="java.specification.vendor" value="Oracle Corporation"/>
    <property name="java.version.date" value="2023-04-18"/>
    <property name="java.home" value="C:\Program Files\Java\jdk-17"/>
    <property name="file.separator" value="\"/>
    <property name="basedir" value="C:\Users\naimn\DEV\IDE\eclipse\seleniumWebDriverPractice"/>
    <property name="java.vm.compressedOopsMode" value="32-bit"/>
    <property name="line.separator" value="&#10;"/>
    <property name="java.vm.specification.vendor" value="Oracle Corporation"/>
    <property name="java.specification.name" value="Java Platform API Specification"/>
    <property name="surefire.real.class.path" value="C:\Users\naimn\AppData\Local\Temp\surefire16204990107250520430\surefirebooter7399143063768860037.jar"/>
    <property name="user.script" value=""/>
    <property name="sun.management.compiler" value="HotSpot 64-Bit Tiered Compilers"/>
    <property name="java.runtime.version" value="17.0.7+8-LTS-224"/>
    <property name="user.name" value="naimn"/>
    <property name="path.separator" value=";"/>
    <property name="os.version" value="10.0"/>
    <property name="java.runtime.name" value="Java(TM) SE Runtime Environment"/>
    <property name="file.encoding" value="Cp1252"/>
    <property name="java.vm.name" value="Java HotSpot(TM) 64-Bit Server VM"/>
    <property name="localRepository" value="C:\Users\naimn\.m2\repository"/>
    <property name="java.vendor.url.bug" value="https://bugreport.java.com/bugreport/"/>
    <property name="java.io.tmpdir" value="C:\Users\naimn\AppData\Local\Temp\"/>
    <property name="java.version" value="17.0.7"/>
    <property name="user.dir" value="C:\Users\naimn\DEV\IDE\eclipse\seleniumWebDriverPractice"/>
    <property name="os.arch" value="amd64"/>
    <property name="java.vm.specification.name" value="Java Virtual Machine Specification"/>
    <property name="sun.os.patch.level" value=""/>
    <property name="native.encoding" value="Cp1252"/>
    <property name="java.library.path" value="C:\Program Files\Java\jdk-17\bin;C:\Windows\Sun\Java\bin;C:\Windows\system32;C:\Windows;C:\Program Files\Common Files\Oracle\Java\javapath;C:\Windows\system32;C:\Windows;C:\Windows\System32\Wbem;C:\Windows\System32\WindowsPowerShell\v1.0\;C:\Windows\System32\OpenSSH\;C:\Program Files\Java\jdk-17\bin;C:\Program Files\Git\cmd;C:\Program Files\apache-maven-3.9.2\bin;C:\Users\naimn\AppData\Local\Microsoft\WindowsApps;."/>
    <property name="java.vm.info" value="mixed mode, sharing"/>
    <property name="java.vendor" value="Oracle Corporation"/>
    <property name="java.vm.version" value="17.0.7+8-LTS-224"/>
    <property name="sun.io.unicode.encoding" value="UnicodeLittle"/>
    <property name="java.class.version" value="61.0"/>
  </properties>
  <testcase name="parentToChildTestUsingChild" classname="webDriverPractice.test.RelativeXpath" time="0.66"/>
  <testcase name="openBrowserInMobileView" classname="webDriverPractice.test.R0024ChromeDevTool" time="2.664"/>
  <testcase name="className_LocatorTest" classname="webDriverPractice.test.Locators" time="2.81"/>
  <testcase name="devToolsTest" classname="webDriverPractice.test.R0012SecurityCertification" time="8.045"/>
  <testcase name="parentToChildTestUsingForwardSlash" classname="webDriverPractice.test.RelativeXpath" time="0.745"/>
  <testcase name="cssSelector_LocatorTest" classname="webDriverPractice.test.Locators" time="0.442"/>
  <testcase name="testGeoLocation" classname="webDriverPractice.test.R0024ChromeDevTool" time="9.548"/>
  <testcase name="securityCertificates" classname="webDriverPractice.test.R0012SecurityCertification" time="0.125"/>
  <testcase name="testUsingContainsMethodWithxpath" classname="webDriverPractice.test.RelativeXpath" time="1.933"/>
  <testcase name="id_LocatorTest" classname="webDriverPractice.test.Locators" time="0.121"/>
  <testcase name="testNetwork" classname="webDriverPractice.test.R0024ChromeDevTool" time="2.761"/>
  <testcase name="printJsonData" classname="webDriverPractice.test.R0022gettingDataFromJsonFile" time="0.747"/>
  <testcase name="propertiesFileTest" classname="webDriverPractice.test.R0013PropertiesClass" time="0.012"/>
  <testcase name="setup" classname="webDriverPractice.test.R0017ReadExcelData" time="0.022">
    <failure message="C:\Users\naimn\DEV\IDE\eclipse\seleniumWebDriverPractice\src\main\java\webDriverPractice\initialization\Book1.xlsx (The system cannot find the path specified)" type="java.io.FileNotFoundException">java.io.FileNotFoundException: C:\Users\naimn\DEV\IDE\eclipse\seleniumWebDriverPractice\src\main\java\webDriverPractice\initialization\Book1.xlsx (The system cannot find the path specified)
	at webDriverPractice.test.R0017ReadExcelData.setup(R0017ReadExcelData.java:20)
</failure>
  </testcase>
  <testcase name="readData" classname="webDriverPractice.test.R0017ReadExcelData" time="0">
    <skipped message="C:\Users\naimn\DEV\IDE\eclipse\seleniumWebDriverPractice\src\main\java\webDriverPractice\initialization\Book1.xlsx (The system cannot find the path specified)"/>
    <system-out><![CDATA[readData skipped
]]></system-out>
  </testcase>
  <testcase name="setupInitialComponents" classname="webDriverPractice.test.R0008TakeScreenShots" time="0.16">
    <failure message="http://:-1/json/version could not be parsed into a proper Uri, missing host" type="java.lang.IllegalArgumentException">java.lang.IllegalArgumentException: http://:-1/json/version could not be parsed into a proper Uri, missing host
	at webDriverPractice.test.R0008TakeScreenShots.setupInitialComponents(R0008TakeScreenShots.java:25)
</failure>
  </testcase>
  <testcase name="setupInitialComponents" classname="webDriverPractice.test.R0008TakeScreenShots" time="0">
    <skipped/>
  </testcase>
  <testcase name="selenium4testTakeScreenShot" classname="webDriverPractice.test.R0008TakeScreenShots" time="0">
    <skipped message="http://:-1/json/version could not be parsed into a proper Uri, missing host"/>
    <system-out><![CDATA[selenium4testTakeScreenShot skipped
]]></system-out>
  </testcase>
  <testcase name="quitBrowser" classname="webDriverPractice.test.R0008TakeScreenShots" time="0">
    <skipped/>
  </testcase>
  <testcase name="quitBrowser" classname="webDriverPractice.test.R0008TakeScreenShots" time="0">
    <skipped/>
  </testcase>
  <testcase name="testTakeScreenShot" classname="webDriverPractice.test.R0008TakeScreenShots" time="0">
    <skipped message="http://:-1/json/version could not be parsed into a proper Uri, missing host"/>
    <system-out><![CDATA[testTakeScreenShot skipped
]]></system-out>
  </testcase>
  <testcase name="setupInitialComponents" classname="webDriverPractice.test.R0006AlertClass" time="0.129">
    <failure message="http://:-1/json/version could not be parsed into a proper Uri, missing host" type="java.lang.IllegalArgumentException">java.lang.IllegalArgumentException: http://:-1/json/version could not be parsed into a proper Uri, missing host
	at webDriverPractice.test.R0006AlertClass.setupInitialComponents(R0006AlertClass.java:16)
</failure>
  </testcase>
  <testcase name="alertClassTest" classname="webDriverPractice.test.R0006AlertClass" time="0">
    <skipped message="http://:-1/json/version could not be parsed into a proper Uri, missing host"/>
    <system-out><![CDATA[alertClassTest skipped
]]></system-out>
  </testcase>
  <testcase name="quitBrowser" classname="webDriverPractice.test.R0006AlertClass" time="0">
    <skipped/>
  </testcase>
  <testcase name="testUsingFollowingsibkingByXpath" classname="webDriverPractice.test.RelativeXpath" time="0.438"/>
  <testcase name="setupInitialComponents" classname="webDriverPractice.test.R0018checkBoxHandling" time="2.492">
    <failure message="http://:-1/json/version could not be parsed into a proper Uri, missing host" type="java.lang.IllegalArgumentException">java.lang.IllegalArgumentException: http://:-1/json/version could not be parsed into a proper Uri, missing host
	at webDriverPractice.test.R0018checkBoxHandling.setupInitialComponents(R0018checkBoxHandling.java:18)
</failure>
  </testcase>
  <testcase name="setupInitialComponents" classname="webDriverPractice.test.R0018checkBoxHandling" time="0">
    <skipped/>
  </testcase>
  <testcase name="testCheckBox" classname="webDriverPractice.test.R0018checkBoxHandling" time="0">
    <skipped message="http://:-1/json/version could not be parsed into a proper Uri, missing host"/>
    <system-out><![CDATA[testCheckBox skipped
]]></system-out>
  </testcase>
  <testcase name="quitBrowser" classname="webDriverPractice.test.R0018checkBoxHandling" time="0">
    <skipped/>
  </testcase>
  <testcase name="quitBrowser" classname="webDriverPractice.test.R0018checkBoxHandling" time="0">
    <skipped/>
  </testcase>
  <testcase name="testRadioButton" classname="webDriverPractice.test.R0018checkBoxHandling" time="0">
    <skipped message="http://:-1/json/version could not be parsed into a proper Uri, missing host"/>
    <system-out><![CDATA[testRadioButton skipped
]]></system-out>
  </testcase>
  <testcase name="linkText_LocatorTest" classname="webDriverPractice.test.Locators" time="0.764"/>
  <testcase name="setupInitialComponents" classname="webDriverPractice.test.R0007TabAndWindow" time="3.47">
    <failure message="http://:-1/json/version could not be parsed into a proper Uri, missing host" type="java.lang.IllegalArgumentException">java.lang.IllegalArgumentException: http://:-1/json/version could not be parsed into a proper Uri, missing host
	at webDriverPractice.test.R0007TabAndWindow.setupInitialComponents(R0007TabAndWindow.java:20)
</failure>
  </testcase>
  <testcase name="testChildWindowHandle" classname="webDriverPractice.test.R0007TabAndWindow" time="0">
    <skipped message="http://:-1/json/version could not be parsed into a proper Uri, missing host"/>
    <system-out><![CDATA[testChildWindowHandle skipped
]]></system-out>
  </testcase>
  <testcase name="quitBrowser" classname="webDriverPractice.test.R0007TabAndWindow" time="0">
    <skipped/>
  </testcase>
  <testcase name="testCssSelectorWithPartialText" classname="webDriverPractice.test.R0003CSSselector" time="0.308"/>
  <testcase name="testThreadSafeDriver" classname="webDriverPractice.test.R0012SecurityCertification" time="0.889"/>
  <testcase name="quitDriver" classname="webDriverPractice.test.RelativeXpath" time="3.116">
    <failure message="Timed out waiting for driver server to stop.&#10;Build info: version: &apos;4.11.0&apos;, revision: &apos;040bc5406b&apos;&#10;System info: os.name: &apos;Windows 11&apos;, os.arch: &apos;amd64&apos;, os.version: &apos;10.0&apos;, java.version: &apos;17.0.7&apos;&#10;Driver info: org.openqa.selenium.chrome.ChromeDriver&#10;Command: [48301ffe7c5209cf6b81a5f6153e384b, quit {}]&#10;Capabilities {acceptInsecureCerts: true, browserName: chrome, browserVersion: 115.0.5790.170, chrome: {chromedriverVersion: 115.0.5790.170 (cc0d30c2ca5..., userDataDir: C:\Users\naimn\AppData\Loca...}, goog:chromeOptions: {debuggerAddress: localhost:52400}, networkConnectionEnabled: false, pageLoadStrategy: normal, platformName: windows, proxy: Proxy(), se:cdp: ws://localhost:52400/devtoo..., se:cdpVersion: 115.0.5790.170, setWindowRect: true, strictFileInteractability: false, timeouts: {implicit: 0, pageLoad: 300000, script: 30000}, unhandledPromptBehavior: dismiss and notify, webauthn:extension:credBlob: true, webauthn:extension:largeBlob: true, webauthn:extension:minPinLength: true, webauthn:extension:prf: true, webauthn:virtualAuthenticators: true}&#10;Session ID: 48301ffe7c5209cf6b81a5f6153e384b" type="org.openqa.selenium.WebDriverException">org.openqa.selenium.WebDriverException: 
Timed out waiting for driver server to stop.
Build info: version: '4.11.0', revision: '040bc5406b'
System info: os.name: 'Windows 11', os.arch: 'amd64', os.version: '10.0', java.version: '17.0.7'
Driver info: org.openqa.selenium.chrome.ChromeDriver
Command: [48301ffe7c5209cf6b81a5f6153e384b, quit {}]
Capabilities {acceptInsecureCerts: true, browserName: chrome, browserVersion: 115.0.5790.170, chrome: {chromedriverVersion: 115.0.5790.170 (cc0d30c2ca5..., userDataDir: C:\Users\naimn\AppData\Loca...}, goog:chromeOptions: {debuggerAddress: localhost:52400}, networkConnectionEnabled: false, pageLoadStrategy: normal, platformName: windows, proxy: Proxy(), se:cdp: ws://localhost:52400/devtoo..., se:cdpVersion: 115.0.5790.170, setWindowRect: true, strictFileInteractability: false, timeouts: {implicit: 0, pageLoad: 300000, script: 30000}, unhandledPromptBehavior: dismiss and notify, webauthn:extension:credBlob: true, webauthn:extension:largeBlob: true, webauthn:extension:minPinLength: true, webauthn:extension:prf: true, webauthn:virtualAuthenticators: true}
Session ID: 48301ffe7c5209cf6b81a5f6153e384b
	at webDriverPractice.test.RelativeXpath.quitDriver(RelativeXpath.java:60)
Caused by: java.util.concurrent.ExecutionException: 
org.openqa.selenium.TimeoutException: Process timed out after waiting for 20000 ms.
Build info: version: '4.11.0', revision: '040bc5406b'
System info: os.name: 'Windows 11', os.arch: 'amd64', os.version: '10.0', java.version: '17.0.7'
Driver info: driver.version: unknown
	at webDriverPractice.test.RelativeXpath.quitDriver(RelativeXpath.java:60)
Caused by: org.openqa.selenium.TimeoutException: 
Process timed out after waiting for 20000 ms.
Build info: version: '4.11.0', revision: '040bc5406b'
System info: os.name: 'Windows 11', os.arch: 'amd64', os.version: '10.0', java.version: '17.0.7'
Driver info: driver.version: unknown
</failure>
    <system-err><![CDATA[Aug 21, 2023 3:20:45 AM org.openqa.selenium.concurrent.ExecutorServices shutdownGracefully
WARNING: Failed to shutdown Driver Command Executor
]]></system-err>
  </testcase>
  <testcase name="quitDriver" classname="webDriverPractice.test.RelativeXpath" time="0">
    <skipped/>
  </testcase>
  <testcase name="quitDriver" classname="webDriverPractice.test.RelativeXpath" time="0">
    <skipped/>
  </testcase>
  <testcase name="setupInitialComponent" classname="webDriverPractice.test.RelativeXpath" time="0">
    <skipped/>
  </testcase>
  <testcase name="setupInitialComponent" classname="webDriverPractice.test.RelativeXpath" time="0">
    <skipped/>
  </testcase>
  <testcase name="testUsingParentKeywordByXpath" classname="webDriverPractice.test.RelativeXpath" time="0">
    <skipped message="Timed out waiting for driver server to stop.&#10;Build info: version: &apos;4.11.0&apos;, revision: &apos;040bc5406b&apos;&#10;System info: os.name: &apos;Windows 11&apos;, os.arch: &apos;amd64&apos;, os.version: &apos;10.0&apos;, java.version: &apos;17.0.7&apos;&#10;Driver info: org.openqa.selenium.chrome.ChromeDriver&#10;Command: [48301ffe7c5209cf6b81a5f6153e384b, quit {}]&#10;Capabilities {acceptInsecureCerts: true, browserName: chrome, browserVersion: 115.0.5790.170, chrome: {chromedriverVersion: 115.0.5790.170 (cc0d30c2ca5..., userDataDir: C:\Users\naimn\AppData\Loca...}, goog:chromeOptions: {debuggerAddress: localhost:52400}, networkConnectionEnabled: false, pageLoadStrategy: normal, platformName: windows, proxy: Proxy(), se:cdp: ws://localhost:52400/devtoo..., se:cdpVersion: 115.0.5790.170, setWindowRect: true, strictFileInteractability: false, timeouts: {implicit: 0, pageLoad: 300000, script: 30000}, unhandledPromptBehavior: dismiss and notify, webauthn:extension:credBlob: true, webauthn:extension:largeBlob: true, webauthn:extension:minPinLength: true, webauthn:extension:prf: true, webauthn:virtualAuthenticators: true}&#10;Session ID: 48301ffe7c5209cf6b81a5f6153e384b"/>
    <system-out><![CDATA[testUsingParentKeywordByXpath skipped
]]></system-out>
  </testcase>
  <testcase name="testUsingTextFunctionWithXpath" classname="webDriverPractice.test.RelativeXpath" time="0">
    <skipped message="Timed out waiting for driver server to stop.&#10;Build info: version: &apos;4.11.0&apos;, revision: &apos;040bc5406b&apos;&#10;System info: os.name: &apos;Windows 11&apos;, os.arch: &apos;amd64&apos;, os.version: &apos;10.0&apos;, java.version: &apos;17.0.7&apos;&#10;Driver info: org.openqa.selenium.chrome.ChromeDriver&#10;Command: [48301ffe7c5209cf6b81a5f6153e384b, quit {}]&#10;Capabilities {acceptInsecureCerts: true, browserName: chrome, browserVersion: 115.0.5790.170, chrome: {chromedriverVersion: 115.0.5790.170 (cc0d30c2ca5..., userDataDir: C:\Users\naimn\AppData\Loca...}, goog:chromeOptions: {debuggerAddress: localhost:52400}, networkConnectionEnabled: false, pageLoadStrategy: normal, platformName: windows, proxy: Proxy(), se:cdp: ws://localhost:52400/devtoo..., se:cdpVersion: 115.0.5790.170, setWindowRect: true, strictFileInteractability: false, timeouts: {implicit: 0, pageLoad: 300000, script: 30000}, unhandledPromptBehavior: dismiss and notify, webauthn:extension:credBlob: true, webauthn:extension:largeBlob: true, webauthn:extension:minPinLength: true, webauthn:extension:prf: true, webauthn:virtualAuthenticators: true}&#10;Session ID: 48301ffe7c5209cf6b81a5f6153e384b"/>
    <system-out><![CDATA[testUsingTextFunctionWithXpath skipped
]]></system-out>
  </testcase>
  <testcase name="setupInitialComponents" classname="webDriverPractice.test.R0005DrawBorder" time="7.719">
    <failure message="http://:-1/json/version could not be parsed into a proper Uri, missing host" type="java.lang.IllegalArgumentException">java.lang.IllegalArgumentException: http://:-1/json/version could not be parsed into a proper Uri, missing host
	at webDriverPractice.test.R0005DrawBorder.setupInitialComponents(R0005DrawBorder.java:18)
</failure>
    <system-out><![CDATA[total link 33
]]></system-out>
  </testcase>
  <testcase name="testDrawBorder" classname="webDriverPractice.test.R0005DrawBorder" time="0">
    <skipped message="http://:-1/json/version could not be parsed into a proper Uri, missing host"/>
    <system-out><![CDATA[testDrawBorder skipped
]]></system-out>
  </testcase>
  <testcase name="quitBrowser" classname="webDriverPractice.test.R0005DrawBorder" time="0">
    <skipped/>
  </testcase>
  <testcase name="testExtentReport03" classname="webDriverPractice.test.R0023extendReport" time="0.002"/>
  <testcase name="testExtentReport2" classname="webDriverPractice.test.R0023extendReport" time="0.003"/>
  <testcase name="testExtentReport" classname="webDriverPractice.test.R0023extendReport" time="0.002"/>
  <testcase name="setupInitialComponents" classname="webDriverPractice.test.R0004DropDown" time="1.225">
    <failure message="http://:-1/json/version could not be parsed into a proper Uri, missing host" type="java.lang.IllegalArgumentException">java.lang.IllegalArgumentException: http://:-1/json/version could not be parsed into a proper Uri, missing host
	at webDriverPractice.test.R0004DropDown.setupInitialComponents(R0004DropDown.java:25)
</failure>
  </testcase>
  <testcase name="setupInitialComponents" classname="webDriverPractice.test.R0004DropDown" time="0">
    <skipped/>
  </testcase>
  <testcase name="testDropdownUsingSelectClass" classname="webDriverPractice.test.R0004DropDown" time="0">
    <skipped message="http://:-1/json/version could not be parsed into a proper Uri, missing host"/>
    <system-out><![CDATA[testDropdownUsingSelectClass skipped
]]></system-out>
  </testcase>
  <testcase name="quitBrowser" classname="webDriverPractice.test.R0004DropDown" time="0">
    <skipped/>
  </testcase>
  <testcase name="quitBrowser" classname="webDriverPractice.test.R0004DropDown" time="0">
    <skipped/>
  </testcase>
  <testcase name="testDynamicDropDownList" classname="webDriverPractice.test.R0004DropDown" time="0">
    <skipped message="http://:-1/json/version could not be parsed into a proper Uri, missing host"/>
    <system-out><![CDATA[testDynamicDropDownList skipped
]]></system-out>
  </testcase>
  <testcase name="setupInitialComponents" classname="webDriverPractice.test.R0009Synchronization" time="2.986">
    <failure message="http://:-1/json/version could not be parsed into a proper Uri, missing host" type="java.lang.IllegalArgumentException">java.lang.IllegalArgumentException: http://:-1/json/version could not be parsed into a proper Uri, missing host
	at webDriverPractice.test.R0009Synchronization.setupInitialComponents(R0009Synchronization.java:24)
</failure>
  </testcase>
  <testcase name="setupInitialComponents" classname="webDriverPractice.test.R0009Synchronization" time="0">
    <skipped/>
  </testcase>
  <testcase name="setupInitialComponents" classname="webDriverPractice.test.R0009Synchronization" time="0">
    <skipped/>
  </testcase>
  <testcase name="testFluentWait" classname="webDriverPractice.test.R0009Synchronization" time="0">
    <skipped message="http://:-1/json/version could not be parsed into a proper Uri, missing host"/>
    <system-out><![CDATA[testFluentWait skipped
]]></system-out>
  </testcase>
  <testcase name="quitBrowser" classname="webDriverPractice.test.R0009Synchronization" time="0">
    <skipped/>
  </testcase>
  <testcase name="quitBrowser" classname="webDriverPractice.test.R0009Synchronization" time="0">
    <skipped/>
  </testcase>
  <testcase name="quitBrowser" classname="webDriverPractice.test.R0009Synchronization" time="0">
    <skipped/>
  </testcase>
  <testcase name="testImplicitlyWait" classname="webDriverPractice.test.R0009Synchronization" time="0">
    <skipped message="http://:-1/json/version could not be parsed into a proper Uri, missing host"/>
    <system-out><![CDATA[testImplicitlyWait skipped
]]></system-out>
  </testcase>
  <testcase name="testWebDriverWait" classname="webDriverPractice.test.R0009Synchronization" time="0">
    <skipped message="http://:-1/json/version could not be parsed into a proper Uri, missing host"/>
    <system-out><![CDATA[testWebDriverWait skipped
]]></system-out>
  </testcase>
  <testcase name="testFrame" classname="webDriverPractice.test.R0020FrameAndDragNDropDemo" time="2.788"/>
  <testcase name="testThreadSafeDriver" classname="webDriverPractice.test.ThreadSafeDriver" time="5.813"/>
  <testcase name="setupInitialComponents" classname="webDriverPractice.test.R0015WebTableHandling" time="8.427">
    <failure message="http://:-1/json/version could not be parsed into a proper Uri, missing host" type="java.lang.IllegalArgumentException">java.lang.IllegalArgumentException: http://:-1/json/version could not be parsed into a proper Uri, missing host
	at webDriverPractice.test.R0015WebTableHandling.setupInitialComponents(R0015WebTableHandling.java:18)
</failure>
    <system-out><![CDATA[9 = " Business sellers"  Status code 302
10 = " Affiliates"  Status code 200
]]></system-out>
  </testcase>
  <testcase name="testdynamicWebTable" classname="webDriverPractice.test.R0015WebTableHandling" time="0">
    <skipped message="http://:-1/json/version could not be parsed into a proper Uri, missing host"/>
    <system-out><![CDATA[testdynamicWebTable skipped
]]></system-out>
  </testcase>
  <testcase name="quitBrowser" classname="webDriverPractice.test.R0015WebTableHandling" time="0">
    <skipped/>
  </testcase>
  <testcase name="setupInitialComponents" classname="webDriverPractice.test.R0016CalederHandling$R0015_WebTableHandling" time="1.545">
    <failure message="http://:-1/json/version could not be parsed into a proper Uri, missing host" type="java.lang.IllegalArgumentException">java.lang.IllegalArgumentException: http://:-1/json/version could not be parsed into a proper Uri, missing host
	at webDriverPractice.test.R0016CalederHandling$R0015_WebTableHandling.setupInitialComponents(R0016CalederHandling.java:35)
</failure>
    <system-out><![CDATA[11 = " Developers"  Status code 302
12 = " Security center"  Status code 200
13 = " Site map"  Status code 200
]]></system-out>
  </testcase>
  <testcase name="testDynamicCalendar" classname="webDriverPractice.test.R0016CalederHandling$R0015_WebTableHandling" time="0">
    <skipped message="http://:-1/json/version could not be parsed into a proper Uri, missing host"/>
    <system-out><![CDATA[testDynamicCalendar skipped
]]></system-out>
  </testcase>
  <testcase name="quitBrowser" classname="webDriverPractice.test.R0016CalederHandling$R0015_WebTableHandling" time="0">
    <skipped/>
  </testcase>
  <testcase name="name_LocatorTest" classname="webDriverPractice.test.Locators" time="1.057"/>
  <testcase name="setupInitialComponents" classname="webDriverPractice.test.R0014JavaScriptExecutor" time="1.846">
    <failure message="http://:-1/json/version could not be parsed into a proper Uri, missing host" type="java.lang.IllegalArgumentException">java.lang.IllegalArgumentException: http://:-1/json/version could not be parsed into a proper Uri, missing host
	at webDriverPractice.test.R0014JavaScriptExecutor.setupInitialComponents(R0014JavaScriptExecutor.java:17)
</failure>
  </testcase>
  <testcase name="testJavaScriptExecutor" classname="webDriverPractice.test.R0014JavaScriptExecutor" time="0">
    <skipped message="http://:-1/json/version could not be parsed into a proper Uri, missing host"/>
    <system-out><![CDATA[testJavaScriptExecutor skipped
]]></system-out>
  </testcase>
  <testcase name="quitBrowser" classname="webDriverPractice.test.R0014JavaScriptExecutor" time="0">
    <skipped/>
  </testcase>
  <testcase name="testMouseHover" classname="webDriverPractice.test.R0010ActionsClass" time="0">
    <skipped message="http://:-1/json/version could not be parsed into a proper Uri, missing host"/>
    <system-out><![CDATA[16 = " News"  Status code 200
17 = " Investors"  Status code 200
testMouseHover skipped
]]></system-out>
  </testcase>
  <testcase name="quitBrowser" classname="webDriverPractice.test.R0012SecurityCertification" time="1.908">
    <failure message="Timed out waiting for driver server to stop.&#10;Build info: version: &apos;4.11.0&apos;, revision: &apos;040bc5406b&apos;&#10;System info: os.name: &apos;Windows 11&apos;, os.arch: &apos;amd64&apos;, os.version: &apos;10.0&apos;, java.version: &apos;17.0.7&apos;&#10;Driver info: org.openqa.selenium.chrome.ChromeDriver&#10;Command: [21639748539045a76f66a34bfdcfa923, quit {}]&#10;Capabilities {acceptInsecureCerts: true, browserName: chrome, browserVersion: 115.0.5790.170, chrome: {chromedriverVersion: 115.0.5790.170 (cc0d30c2ca5..., userDataDir: C:\Users\naimn\AppData\Loca...}, goog:chromeOptions: {debuggerAddress: localhost:52424}, networkConnectionEnabled: false, pageLoadStrategy: normal, platformName: windows, proxy: Proxy(), se:cdp: ws://localhost:52424/devtoo..., se:cdpVersion: 115.0.5790.170, setWindowRect: true, strictFileInteractability: false, timeouts: {implicit: 0, pageLoad: 300000, script: 30000}, unhandledPromptBehavior: dismiss and notify, webauthn:extension:credBlob: true, webauthn:extension:largeBlob: true, webauthn:extension:minPinLength: true, webauthn:extension:prf: true, webauthn:virtualAuthenticators: true}&#10;Session ID: 21639748539045a76f66a34bfdcfa923" type="org.openqa.selenium.WebDriverException">org.openqa.selenium.WebDriverException: 
Timed out waiting for driver server to stop.
Build info: version: '4.11.0', revision: '040bc5406b'
System info: os.name: 'Windows 11', os.arch: 'amd64', os.version: '10.0', java.version: '17.0.7'
Driver info: org.openqa.selenium.chrome.ChromeDriver
Command: [21639748539045a76f66a34bfdcfa923, quit {}]
Capabilities {acceptInsecureCerts: true, browserName: chrome, browserVersion: 115.0.5790.170, chrome: {chromedriverVersion: 115.0.5790.170 (cc0d30c2ca5..., userDataDir: C:\Users\naimn\AppData\Loca...}, goog:chromeOptions: {debuggerAddress: localhost:52424}, networkConnectionEnabled: false, pageLoadStrategy: normal, platformName: windows, proxy: Proxy(), se:cdp: ws://localhost:52424/devtoo..., se:cdpVersion: 115.0.5790.170, setWindowRect: true, strictFileInteractability: false, timeouts: {implicit: 0, pageLoad: 300000, script: 30000}, unhandledPromptBehavior: dismiss and notify, webauthn:extension:credBlob: true, webauthn:extension:largeBlob: true, webauthn:extension:minPinLength: true, webauthn:extension:prf: true, webauthn:virtualAuthenticators: true}
Session ID: 21639748539045a76f66a34bfdcfa923
	at webDriverPractice.test.R0012SecurityCertification.quitBrowser(R0012SecurityCertification.java:60)
Caused by: java.util.concurrent.ExecutionException: 
org.openqa.selenium.TimeoutException: Process timed out after waiting for 20000 ms.
Build info: version: '4.11.0', revision: '040bc5406b'
System info: os.name: 'Windows 11', os.arch: 'amd64', os.version: '10.0', java.version: '17.0.7'
Driver info: driver.version: unknown
	at webDriverPractice.test.R0012SecurityCertification.quitBrowser(R0012SecurityCertification.java:60)
Caused by: org.openqa.selenium.TimeoutException: 
Process timed out after waiting for 20000 ms.
Build info: version: '4.11.0', revision: '040bc5406b'
System info: os.name: 'Windows 11', os.arch: 'amd64', os.version: '10.0', java.version: '17.0.7'
Driver info: driver.version: unknown
</failure>
    <system-out><![CDATA[18 = " Careers"  Status code 200
]]></system-out>
  </testcase>
  <testcase name="partialLinkText_LocatorTest" classname="webDriverPractice.test.Locators" time="2.874"/>
  <testcase name="quitBrowser" classname="webDriverPractice.test.R0010ActionsClass" time="3.025">
    <failure message="Cannot invoke &quot;org.openqa.selenium.WebDriver.quit()&quot; because &quot;this.driver&quot; is null" type="java.lang.NullPointerException">java.lang.NullPointerException: Cannot invoke "org.openqa.selenium.WebDriver.quit()" because "this.driver" is null
	at webDriverPractice.test.R0010ActionsClass.quitBrowser(R0010ActionsClass.java:75)
</failure>
  </testcase>
  <testcase name="testBrokenListUsingHttpsURLConnection" classname="webDriverPractice.test.R0011BrokenLinkVerification" time="7.204"/>
  <testcase name="relativeLocatorBelow" classname="webDriverPractice.test.Locators" time="1.907"/>
  <testcase name="testThreadSafeDriver" classname="webDriverPractice.test.R0011BrokenLinkVerification" time="2.462"/>
  <testcase name="relativeLocator_above" classname="webDriverPractice.test.Locators" time="2.224"/>
  <testcase name="tagName_LocatorTest" classname="webDriverPractice.test.Locators" time="0.038"/>
  <testcase name="xpath_LocatorTest" classname="webDriverPractice.test.Locators" time="0.29"/>
  <testcase name="testBrokenLink" classname="webDriverPractice.test.R0011BrokenLinkVerification" time="297.134"/>
  <testcase name="quitBrowser" classname="webDriverPractice.test.R0011BrokenLinkVerification" time="298.141">
    <failure message="Thread safety error; this instance of WebDriver was constructed on thread TestNG-test=Test-4 (id 25) and is being accessed by thread main (id 1)This is not permitted and *will* cause undefined behaviour&#10;Build info: version: &apos;4.11.0&apos;, revision: &apos;040bc5406b&apos;&#10;System info: os.name: &apos;Windows 11&apos;, os.arch: &apos;amd64&apos;, os.version: &apos;10.0&apos;, java.version: &apos;17.0.7&apos;&#10;Driver info: driver.version: unknown" type="org.openqa.selenium.WebDriverException">org.openqa.selenium.WebDriverException: 
Thread safety error; this instance of WebDriver was constructed on thread TestNG-test=Test-4 (id 25) and is being accessed by thread main (id 1)This is not permitted and *will* cause undefined behaviour
Build info: version: '4.11.0', revision: '040bc5406b'
System info: os.name: 'Windows 11', os.arch: 'amd64', os.version: '10.0', java.version: '17.0.7'
Driver info: driver.version: unknown
	at webDriverPractice.test.R0011BrokenLinkVerification.quitBrowser(R0011BrokenLinkVerification.java:129)
</failure>
  </testcase>
  <testcase name="cleanTestBed" classname="webDriverPractice.test.R0023extendReport" time="0">
    <skipped/>
  </testcase>
</testsuite>