<?xml version="1.0" encoding="UTF-8"?>
<!-- Generated by org.testng.reporters.JUnitXMLReporter -->
<testsuite ignored="0" hostname="NAIM" failures="0" tests="51" name="Test" time="631.166" errors="0" timestamp="2023-09-06T22:56:31 EDT">
  <testcase classname="webDriverPractice.test.R0017ReadExcelData" name="@BeforeMethod setup" time="0.0">
    <failure type="java.io.FileNotFoundException" message="C:\Users\naimn\DEV\IDE\eclipse\seleniumWebDriverPractice\src\main\java\webDriverPractice\initialization\Book1.xlsx (The system cannot find the path specified)">
      <![CDATA[java.io.FileNotFoundException: C:\Users\naimn\DEV\IDE\eclipse\seleniumWebDriverPractice\src\main\java\webDriverPractice\initialization\Book1.xlsx (The system cannot find the path specified)
at java.base/java.io.FileInputStream.open0(Native Method)
at java.base/java.io.FileInputStream.open(FileInputStream.java:216)
at java.base/java.io.FileInputStream.<init>(FileInputStream.java:157)
at java.base/java.io.FileInputStream.<init>(FileInputStream.java:111)
at webDriverPractice.test.R0017ReadExcelData.setup(R0017ReadExcelData.java:19)
at java.base/java.util.concurrent.ThreadPoolExecutor.runWorker(ThreadPoolExecutor.java:1136)
at java.base/java.util.concurrent.ThreadPoolExecutor$Worker.run(ThreadPoolExecutor.java:635)
at java.base/java.lang.Thread.run(Thread.java:833)
... Removed 16 stack frames]]>
    </failure>
  </testcase> <!-- @BeforeMethod setup -->
  <testcase classname="webDriverPractice.test.Locators" name="@BeforeMethod setupInitialComponents" time="189.118">
    <failure type="org.openqa.selenium.TimeoutException" message="java.util.concurrent.TimeoutException
Build info: version: &amp;apos;4.11.0&amp;apos;, revision: &amp;apos;040bc5406b&amp;apos;
System info: os.name: &amp;apos;Windows 11&amp;apos;, os.arch: &amp;apos;amd64&amp;apos;, os.version: &amp;apos;10.0&amp;apos;, java.version: &amp;apos;17.0.7&amp;apos;
Driver info: org.openqa.selenium.chrome.ChromeDriver
Command: [2e11bcfd77e5653c51c60c9b5a225fb5, get {url=https://www.ebay.com/}]
Capabilities {acceptInsecureCerts: true, browserName: chrome, browserVersion: 115.0.5790.170, chrome: {chromedriverVersion: 115.0.5790.170 (cc0d30c2ca5..., userDataDir: C:\Users\naimn\AppData\Loca...}, goog:chromeOptions: {debuggerAddress: localhost:53453}, networkConnectionEnabled: false, pageLoadStrategy: normal, platformName: windows, proxy: Proxy(), se:cdp: ws://localhost:53453/devtoo..., se:cdpVersion: 115.0.5790.170, setWindowRect: true, strictFileInteractability: false, timeouts: {implicit: 0, pageLoad: 300000, script: 30000}, unhandledPromptBehavior: dismiss and notify, webauthn:extension:credBlob: true, webauthn:extension:largeBlob: true, webauthn:extension:minPinLength: true, webauthn:extension:prf: true, webauthn:virtualAuthenticators: true}
Session ID: 2e11bcfd77e5653c51c60c9b5a225fb5">
      <![CDATA[org.openqa.selenium.TimeoutException: java.util.concurrent.TimeoutException
Build info: version: '4.11.0', revision: '040bc5406b'
System info: os.name: 'Windows 11', os.arch: 'amd64', os.version: '10.0', java.version: '17.0.7'
Driver info: org.openqa.selenium.chrome.ChromeDriver
Command: [2e11bcfd77e5653c51c60c9b5a225fb5, get {url=https://www.ebay.com/}]
Capabilities {acceptInsecureCerts: true, browserName: chrome, browserVersion: 115.0.5790.170, chrome: {chromedriverVersion: 115.0.5790.170 (cc0d30c2ca5..., userDataDir: C:\Users\naimn\AppData\Loca...}, goog:chromeOptions: {debuggerAddress: localhost:53453}, networkConnectionEnabled: false, pageLoadStrategy: normal, platformName: windows, proxy: Proxy(), se:cdp: ws://localhost:53453/devtoo..., se:cdpVersion: 115.0.5790.170, setWindowRect: true, strictFileInteractability: false, timeouts: {implicit: 0, pageLoad: 300000, script: 30000}, unhandledPromptBehavior: dismiss and notify, webauthn:extension:credBlob: true, webauthn:extension:largeBlob: true, webauthn:extension:minPinLength: true, webauthn:extension:prf: true, webauthn:virtualAuthenticators: true}
Session ID: 2e11bcfd77e5653c51c60c9b5a225fb5
at org.openqa.selenium.remote.http.netty.NettyHttpHandler.makeCall(NettyHttpHandler.java:65)
at org.openqa.selenium.remote.http.AddSeleniumUserAgent.lambda$apply$0(AddSeleniumUserAgent.java:42)
at org.openqa.selenium.remote.http.Filter.lambda$andFinally$1(Filter.java:55)
at org.openqa.selenium.remote.http.netty.NettyHttpHandler.execute(NettyHttpHandler.java:48)
at org.openqa.selenium.remote.http.netty.NettyClient.execute(NettyClient.java:96)
at org.openqa.selenium.remote.HttpCommandExecutor.execute(HttpCommandExecutor.java:188)
at org.openqa.selenium.remote.service.DriverCommandExecutor.invokeExecute(DriverCommandExecutor.java:196)
at org.openqa.selenium.remote.service.DriverCommandExecutor.execute(DriverCommandExecutor.java:171)
at org.openqa.selenium.remote.RemoteWebDriver.execute(RemoteWebDriver.java:518)
at org.openqa.selenium.remote.RemoteWebDriver.get(RemoteWebDriver.java:300)
at org.openqa.selenium.support.ThreadGuard$WebDriverInvocationHandler.invokeUnderlying(ThreadGuard.java:99)
at org.openqa.selenium.support.ThreadGuard$WebDriverInvocationHandler.invoke(ThreadGuard.java:91)
at jdk.proxy2/jdk.proxy2.$Proxy14.get(Unknown Source)
at webDriverPractice.test.Locators.setupInitialComponents(Locators.java:48)
at java.base/java.util.concurrent.ThreadPoolExecutor.runWorker(ThreadPoolExecutor.java:1136)
at java.base/java.util.concurrent.ThreadPoolExecutor$Worker.run(ThreadPoolExecutor.java:635)
at java.base/java.lang.Thread.run(Thread.java:833)
Caused by: java.util.concurrent.TimeoutException
at java.base/java.util.concurrent.CompletableFuture.timedGet(CompletableFuture.java:1960)
at java.base/java.util.concurrent.CompletableFuture.get(CompletableFuture.java:2095)
at org.asynchttpclient.netty.NettyResponseFuture.get(NettyResponseFuture.java:206)
at org.openqa.selenium.remote.http.netty.NettyHttpHandler.makeCall(NettyHttpHandler.java:59)
... 35 more
... Removed 19 stack frames]]>
    </failure>
  </testcase> <!-- @BeforeMethod setupInitialComponents -->
  <testcase classname="webDriverPractice.test.Locators" name="@AfterMethod quitBrowser" time="0.0">
    <skipped/>
  </testcase> <!-- @AfterMethod quitBrowser -->
  <testcase classname="webDriverPractice.test.R0011BrokenLinkVerification" name="@AfterTest quitBrowser" time="1.016">
    <failure type="org.openqa.selenium.WebDriverException" message="Thread safety error; this instance of WebDriver was constructed on thread TestNG-test=Test-3 (id 23) and is being accessed by thread main (id 1)This is not permitted and *will* cause undefined behaviour
Build info: version: &amp;apos;4.11.0&amp;apos;, revision: &amp;apos;040bc5406b&amp;apos;
System info: os.name: &amp;apos;Windows 11&amp;apos;, os.arch: &amp;apos;amd64&amp;apos;, os.version: &amp;apos;10.0&amp;apos;, java.version: &amp;apos;17.0.7&amp;apos;
Driver info: driver.version: unknown">
      <![CDATA[org.openqa.selenium.WebDriverException: Thread safety error; this instance of WebDriver was constructed on thread TestNG-test=Test-3 (id 23) and is being accessed by thread main (id 1)This is not permitted and *will* cause undefined behaviour
Build info: version: '4.11.0', revision: '040bc5406b'
System info: os.name: 'Windows 11', os.arch: 'amd64', os.version: '10.0', java.version: '17.0.7'
Driver info: driver.version: unknown
at org.openqa.selenium.support.ThreadGuard$WebDriverInvocationHandler.invoke(ThreadGuard.java:85)
at jdk.proxy2/jdk.proxy2.$Proxy14.quit(Unknown Source)
at webDriverPractice.test.R0011BrokenLinkVerification.quitBrowser(R0011BrokenLinkVerification.java:127)
... Removed 24 stack frames]]>
    </failure>
  </testcase> <!-- @AfterTest quitBrowser -->
  <testcase classname="webDriverPractice.test.R0023extendReport" name="@AfterTest cleanTestBed" time="0.0">
    <skipped/>
  </testcase> <!-- @AfterTest cleanTestBed -->
  <testcase classname="webDriverPractice.test.R0024ChromeDevTool" name="openBrowserInMobileView" time="4.447"/>
  <testcase classname="webDriverPractice.test.RelativeXpath" name="parentToChildTestUsingChild" time="7.17"/>
  <testcase classname="webDriverPractice.test.R0012SecurityCertification" name="devToolsTest" time="9.062"/>
  <testcase classname="webDriverPractice.test.Locators" name="className_LocatorTest" time="14.85"/>
  <testcase classname="webDriverPractice.test.R0024ChromeDevTool" name="testGeoLocation" time="21.599">
    <skipped/>
  </testcase> <!-- testGeoLocation -->
  <testcase classname="webDriverPractice.test.RelativeXpath" name="parentToChildTestUsingForwardSlash" time="0.62"/>
  <testcase classname="webDriverPractice.test.R0012SecurityCertification" name="securityCertificates" time="1.234"/>
  <testcase classname="webDriverPractice.test.Locators" name="cssSelector_LocatorTest" time="2.213"/>
  <testcase classname="webDriverPractice.test.ParameterizationWithJsonFile" name="printJsonData" time="0.621"/>
  <testcase classname="webDriverPractice.test.R0013PropertiesClass" name="propertiesFileTest" time="0.002"/>
  <testcase classname="webDriverPractice.test.R0017ReadExcelData" name="readData" time="0.0">
    <skipped/>
  </testcase> <!-- readData -->
  <testcase classname="webDriverPractice.test.RelativeXpath" name="testUsingContainsMethodWithxpath" time="2.506"/>
  <testcase classname="webDriverPractice.test.TakeScreenShots" name="selenium4testTakeScreenShot" time="0.789"/>
  <testcase classname="webDriverPractice.test.Locators" name="id_LocatorTest" time="0.119"/>
  <testcase classname="webDriverPractice.test.ThreadSafeDriver" name="testThreadSafeDriver" time="12.001"/>
  <testcase classname="webDriverPractice.test.RelativeXpath" name="testUsingFollowingsibkingByXpath" time="1.556"/>
  <testcase classname="webDriverPractice.test.TakeScreenShots" name="testTakeScreenShot" time="3.408"/>
  <testcase classname="webDriverPractice.test.R0006AlertClass" name="alertClassTest" time="10.09"/>
  <testcase classname="webDriverPractice.test.Locators" name="linkText_LocatorTest" time="21.914"/>
  <testcase classname="webDriverPractice.test.RelativeXpath" name="testUsingParentKeywordByXpath" time="12.053">
    <skipped/>
  </testcase> <!-- testUsingParentKeywordByXpath -->
  <testcase classname="webDriverPractice.test.R0018checkBoxHandling" name="testCheckBox" time="16.643"/>
  <testcase classname="webDriverPractice.test.Locators" name="name_LocatorTest" time="0.487"/>
  <testcase classname="webDriverPractice.test.R0007TabAndWindow" name="testChildWindowHandle" time="14.449"/>
  <testcase classname="webDriverPractice.test.R0003CSSselector" name="testCssSelectorWithPartialText" time="0.595"/>
  <testcase classname="webDriverPractice.test.Locators" name="partialLinkText_LocatorTest" time="5.476"/>
  <testcase classname="webDriverPractice.test.R0018checkBoxHandling" name="testRadioButton" time="24.016"/>
  <testcase classname="webDriverPractice.test.R0004DropDown" name="testDropdownUsingSelectClass" time="14.442"/>
  <testcase classname="webDriverPractice.test.DrawBorderAroundElement" name="testDrawBorder" time="12.053"/>
  <testcase classname="webDriverPractice.test.R0023extendReport" name="testExtentReport03" time="0.0"/>
  <testcase classname="webDriverPractice.test.R0023extendReport" name="testExtentReport2" time="0.0"/>
  <testcase classname="webDriverPractice.test.R0023extendReport" name="testExtentReport" time="0.0"/>
  <testcase classname="webDriverPractice.test.R0011BrokenLinkVerification" name="testBrokenListUsingHttpsURLConnection" time="85.871"/>
  <testcase classname="webDriverPractice.test.Locators" name="relativeLocatorBelow" time="8.806"/>
  <testcase classname="webDriverPractice.test.R0009Synchronization" name="testFluentWait" time="9.353"/>
  <testcase classname="webDriverPractice.test.R0020FrameAndDragNDropDemo" name="testFrame" time="7.684"/>
  <testcase classname="webDriverPractice.test.R0004DropDown" name="testDynamicDropDownList" time="3.909"/>
  <testcase classname="webDriverPractice.test.ThreadSafeDriver" name="testThreadSafeDriver" time="14.964"/>
  <testcase classname="webDriverPractice.test.Locators" name="relativeLocator_above" time="4.997"/>
  <testcase classname="webDriverPractice.test.ThreadSafeDriver" name="testThreadSafeDriver" time="13.23"/>
  <testcase classname="webDriverPractice.test.R0009Synchronization" name="testImplicitlyWait" time="0.032"/>
  <testcase classname="webDriverPractice.test.Locators" name="tagName_LocatorTest" time="0.175"/>
  <testcase classname="webDriverPractice.test.R0015WebTableHandling" name="testdynamicWebTable" time="0.465"/>
  <testcase classname="webDriverPractice.test.R0016CalederHandling$R0015_WebTableHandling" name="testDynamicCalendar" time="11.04">
    <skipped/>
  </testcase> <!-- testDynamicCalendar -->
  <testcase classname="webDriverPractice.test.R0014JavaScriptExecutor" name="testJavaScriptExecutor" time="0.22"/>
  <testcase classname="webDriverPractice.test.R0010ActionsClass" name="testMouseHover" time="22.821"/>
  <testcase classname="webDriverPractice.test.R0010ActionsClass" name="keyboardInteractionTest" time="11.817"/>
  <testcase classname="webDriverPractice.test.R0010ActionsClass" name="TestDragNDrop" time="5.07"/>
  <testcase classname="webDriverPractice.test.R0009Synchronization" name="testWebDriverWait" time="137.817"/>
  <testcase classname="webDriverPractice.test.R0010ActionsClass" name="testkeyboardInteraction01" time="15.707"/>
  <testcase classname="webDriverPractice.test.Locators" name="xpath_LocatorTest" time="0.0">
    <skipped/>
  </testcase> <!-- xpath_LocatorTest -->
  <testcase classname="webDriverPractice.test.R0011BrokenLinkVerification" name="testBrokenLink" time="441.083"/>
</testsuite> <!-- Test -->
