<!DOCTYPE html PUBLIC "-//W3C//DTD XHTML 1.1//EN" "https://www.w3.org/TR/xhtml11/DTD/xhtml11.dtd">
<html xmlns="https://www.w3.org/1999/xhtml">
<head>
<meta http-equiv="content-type" content="text/html; charset=UTF-8"/>
<title>TestNG Report</title>
<style type="text/css">table {margin-bottom:10px;border-collapse:collapse;empty-cells:show}th,td {border:1px solid #009;padding:.25em .5em}th {vertical-align:bottom}td {vertical-align:top}table a {font-weight:bold}.stripe td {background-color: #E6EBF9}.num {text-align:right}.passedodd td {background-color: #3F3}.passedeven td {background-color: #0A0}.skippedodd td {background-color: #DDD}.skippedeven td {background-color: #CCC}.failedodd td,.attn {background-color: #F33}.failedeven td,.stripe .attn {background-color: #D00}.stacktrace {white-space:pre;font-family:monospace}.totop {font-size:85%;text-align:center;border-bottom:2px solid #000}.invisible {display:none}</style>
</head>
<body>
<table>
<tr><th>Test</th><th># Passed</th><th># Skipped</th><th># Retried</th><th># Failed</th><th>Time (ms)</th><th>Included Groups</th><th>Excluded Groups</th></tr>
<tr><th colspan="8">WebDriverTest</th></tr>
<tr><td><a href="#t0">Test</a></td><td class="num">46</td><td class="num attn">2</td><td class="num attn">3</td><td class="num">0</td><td class="num">631,166</td><td></td><td></td></tr>
</table>
<table id='summary'><thead><tr><th>Class</th><th>Method</th><th>Start</th><th>Time (ms)</th></tr></thead><tbody><tr><th colspan="4">WebDriverTest</th></tr></tbody><tbody id="t0"><tr><th colspan="4">Test &#8212; failed (configuration methods)</th></tr><tr class="failedeven"><td rowspan="1">webDriverPractice.test.Locators</td><td><a href="#m0">setupInitialComponents</a></td><td rowspan="1">1694055001833</td><td rowspan="1">189118</td></tr><tr class="failedodd"><td rowspan="1">webDriverPractice.test.R0011BrokenLinkVerification</td><td><a href="#m1">quitBrowser</a></td><td rowspan="1">1694055390371</td><td rowspan="1">1016</td></tr><tr class="failedeven"><td rowspan="1">webDriverPractice.test.R0017ReadExcelData</td><td><a href="#m2">setup</a></td><td rowspan="1">1694054818591</td><td rowspan="1">0</td></tr><tr><th colspan="4">Test &#8212; skipped (configuration methods)</th></tr><tr class="skippedeven"><td rowspan="1">webDriverPractice.test.Locators</td><td><a href="#m3">quitBrowser</a></td><td rowspan="1">1694055190954</td><td rowspan="1">0</td></tr><tr class="skippedodd"><td rowspan="1">webDriverPractice.test.R0023extendReport</td><td><a href="#m4">cleanTestBed</a></td><td rowspan="1">1694055391389</td><td rowspan="1">0</td></tr><tr><th colspan="4">Test &#8212; skipped</th></tr><tr class="skippedeven"><td rowspan="1">webDriverPractice.test.Locators</td><td><a href="#m5">xpath_LocatorTest</a></td><td rowspan="1">1694055190952</td><td rowspan="1">0</td></tr><tr class="skippedodd"><td rowspan="1">webDriverPractice.test.R0017ReadExcelData</td><td><a href="#m6">readData</a></td><td rowspan="1">1694054818591</td><td rowspan="1">0</td></tr><tr><th colspan="4">Test &#8212; retried</th></tr><tr class="retriedeven"><td rowspan="1">webDriverPractice.test.R0016CalederHandling$R0015_WebTableHandling</td><td><a href="#m7">testDynamicCalendar</a></td><td rowspan="1">1694054984556</td><td rowspan="1">11040</td></tr><tr class="retriedodd"><td rowspan="1">webDriverPractice.test.R0024ChromeDevTool</td><td><a href="#m8">testGeoLocation</a></td><td rowspan="1">1694054776424</td><td rowspan="1">21599</td></tr><tr class="retriedeven"><td rowspan="1">webDriverPractice.test.RelativeXpath</td><td><a href="#m9">testUsingParentKeywordByXpath</a></td><td rowspan="1">1694054860754</td><td rowspan="1">12053</td></tr><tr><th colspan="4">Test &#8212; passed</th></tr><tr class="passedeven"><td rowspan="1">webDriverPractice.test.DrawBorderAroundElement</td><td><a href="#m10">testDrawBorder</a></td><td rowspan="1">1694054916670</td><td rowspan="1">12053</td></tr><tr class="passedodd"><td rowspan="9">webDriverPractice.test.Locators</td><td><a href="#m11">className_LocatorTest</a></td><td rowspan="1">1694054777962</td><td rowspan="1">14850</td></tr><tr class="passedodd"><td><a href="#m12">cssSelector_LocatorTest</a></td><td rowspan="1">1694054805827</td><td rowspan="1">2213</td></tr><tr class="passedodd"><td><a href="#m13">id_LocatorTest</a></td><td rowspan="1">1694054832029</td><td rowspan="1">119</td></tr><tr class="passedodd"><td><a href="#m14">linkText_LocatorTest</a></td><td rowspan="1">1694054850357</td><td rowspan="1">21914</td></tr><tr class="passedodd"><td><a href="#m15">name_LocatorTest</a></td><td rowspan="1">1694054886703</td><td rowspan="1">487</td></tr><tr class="passedodd"><td><a href="#m16">partialLinkText_LocatorTest</a></td><td rowspan="1">1694054899468</td><td rowspan="1">5476</td></tr><tr class="passedodd"><td><a href="#m17">relativeLocatorBelow</a></td><td rowspan="1">1694054933411</td><td rowspan="1">8806</td></tr><tr class="passedodd"><td><a href="#m18">relativeLocator_above</a></td><td rowspan="1">1694054955744</td><td rowspan="1">4997</td></tr><tr class="passedodd"><td><a href="#m19">tagName_LocatorTest</a></td><td rowspan="1">1694054981963</td><td rowspan="1">175</td></tr><tr class="passedeven"><td rowspan="1">webDriverPractice.test.ParameterizationWithJsonFile</td><td><a href="#m20">printJsonData</a></td><td rowspan="1">1694054817960</td><td rowspan="1">621</td></tr><tr class="passedodd"><td rowspan="1">webDriverPractice.test.R0003CSSselector</td><td><a href="#m21">testCssSelectorWithPartialText</a></td><td rowspan="1">1694054899565</td><td rowspan="1">595</td></tr><tr class="passedeven"><td rowspan="2">webDriverPractice.test.R0004DropDown</td><td><a href="#m22">testDropdownUsingSelectClass</a></td><td rowspan="1">1694054912651</td><td rowspan="1">14442</td></tr><tr class="passedeven"><td><a href="#m23">testDynamicDropDownList</a></td><td rowspan="1">1694054944945</td><td rowspan="1">3909</td></tr><tr class="passedodd"><td rowspan="1">webDriverPractice.test.R0006AlertClass</td><td><a href="#m24">alertClassTest</a></td><td rowspan="1">1694054840787</td><td rowspan="1">10090</td></tr><tr class="passedeven"><td rowspan="1">webDriverPractice.test.R0007TabAndWindow</td><td><a href="#m25">testChildWindowHandle</a></td><td rowspan="1">1694054882334</td><td rowspan="1">14449</td></tr><tr class="passedodd"><td rowspan="3">webDriverPractice.test.R0009Synchronization</td><td><a href="#m26">testFluentWait</a></td><td rowspan="1">1694054934529</td><td rowspan="1">9353</td></tr><tr class="passedodd"><td><a href="#m27">testImplicitlyWait</a></td><td rowspan="1">1694054961894</td><td rowspan="1">32</td></tr><tr class="passedodd"><td><a href="#m28">testWebDriverWait</a></td><td rowspan="1">1694054975463</td><td rowspan="1">137817</td></tr><tr class="passedeven"><td rowspan="4">webDriverPractice.test.R0010ActionsClass</td><td><a href="#m29">TestDragNDrop</a></td><td rowspan="1">1694055085860</td><td rowspan="1">5070</td></tr><tr class="passedeven"><td><a href="#m30">keyboardInteractionTest</a></td><td rowspan="1">1694055062567</td><td rowspan="1">11817</td></tr><tr class="passedeven"><td><a href="#m31">testMouseHover</a></td><td rowspan="1">1694055028552</td><td rowspan="1">22821</td></tr><tr class="passedeven"><td><a href="#m32">testkeyboardInteraction01</a></td><td rowspan="1">1694055101877</td><td rowspan="1">15707</td></tr><tr class="passedodd"><td rowspan="3">webDriverPractice.test.R0011BrokenLinkVerification</td><td><a href="#m33">testBrokenLink</a></td><td rowspan="1">1694054949285</td><td rowspan="1">441083</td></tr><tr class="passedodd"><td><a href="#m34">testBrokenListUsingHttpsURLConnection</a></td><td rowspan="1">1694054848450</td><td rowspan="1">85871</td></tr><tr class="passedodd"><td><a href="#m35">testThreadSafeDriver</a></td><td rowspan="1">1694054934321</td><td rowspan="1">14964</td></tr><tr class="passedeven"><td rowspan="3">webDriverPractice.test.R0012SecurityCertification</td><td><a href="#m36">devToolsTest</a></td><td rowspan="1">1694054777092</td><td rowspan="1">9062</td></tr><tr class="passedeven"><td><a href="#m37">securityCertificates</a></td><td rowspan="1">1694054805672</td><td rowspan="1">1234</td></tr><tr class="passedeven"><td><a href="#m38">testThreadSafeDriver</a></td><td rowspan="1">1694054821043</td><td rowspan="1">12001</td></tr><tr class="passedodd"><td rowspan="1">webDriverPractice.test.R0013PropertiesClass</td><td><a href="#m39">propertiesFileTest</a></td><td rowspan="1">1694054818586</td><td rowspan="1">2</td></tr><tr class="passedeven"><td rowspan="1">webDriverPractice.test.R0014JavaScriptExecutor</td><td><a href="#m40">testJavaScriptExecutor</a></td><td rowspan="1">1694055012693</td><td rowspan="1">220</td></tr><tr class="passedodd"><td rowspan="1">webDriverPractice.test.R0015WebTableHandling</td><td><a href="#m41">testdynamicWebTable</a></td><td rowspan="1">1694054984021</td><td rowspan="1">465</td></tr><tr class="passedeven"><td rowspan="2">webDriverPractice.test.R0018checkBoxHandling</td><td><a href="#m42">testCheckBox</a></td><td rowspan="1">1694054867429</td><td rowspan="1">16643</td></tr><tr class="passedeven"><td><a href="#m43">testRadioButton</a></td><td rowspan="1">1694054900265</td><td rowspan="1">24016</td></tr><tr class="passedodd"><td rowspan="1">webDriverPractice.test.R0020FrameAndDragNDropDemo</td><td><a href="#m44">testFrame</a></td><td rowspan="1">1694054940713</td><td rowspan="1">7684</td></tr><tr class="passedeven"><td rowspan="3">webDriverPractice.test.R0023extendReport</td><td><a href="#m45">testExtentReport</a></td><td rowspan="1">1694054928723</td><td rowspan="1">0</td></tr><tr class="passedeven"><td><a href="#m46">testExtentReport03</a></td><td rowspan="1">1694054928723</td><td rowspan="1">0</td></tr><tr class="passedeven"><td><a href="#m47">testExtentReport2</a></td><td rowspan="1">1694054928723</td><td rowspan="1">0</td></tr><tr class="passedodd"><td rowspan="1">webDriverPractice.test.R0024ChromeDevTool</td><td><a href="#m48">openBrowserInMobileView</a></td><td rowspan="1">1694054764637</td><td rowspan="1">4447</td></tr><tr class="passedeven"><td rowspan="4">webDriverPractice.test.RelativeXpath</td><td><a href="#m49">parentToChildTestUsingChild</a></td><td rowspan="1">1694054778960</td><td rowspan="1">7170</td></tr><tr class="passedeven"><td><a href="#m50">parentToChildTestUsingForwardSlash</a></td><td rowspan="1">1694054799084</td><td rowspan="1">620</td></tr><tr class="passedeven"><td><a href="#m51">testUsingContainsMethodWithxpath</a></td><td rowspan="1">1694054820861</td><td rowspan="1">2506</td></tr><tr class="passedeven"><td><a href="#m52">testUsingFollowingsibkingByXpath</a></td><td rowspan="1">1694054841309</td><td rowspan="1">1556</td></tr><tr class="passedodd"><td rowspan="2">webDriverPractice.test.TakeScreenShots</td><td><a href="#m53">selenium4testTakeScreenShot</a></td><td rowspan="1">1694054824175</td><td rowspan="1">789</td></tr><tr class="passedodd"><td><a href="#m54">testTakeScreenShot</a></td><td rowspan="1">1694054845031</td><td rowspan="1">3408</td></tr><tr class="passedeven"><td rowspan="1">webDriverPractice.test.ThreadSafeDriver</td><td><a href="#m55">testThreadSafeDriver</a></td><td rowspan="1">1694054948397</td><td rowspan="1">13230</td></tr></tbody>
</table>
<h2>Test</h2><h3 id="m0">webDriverPractice.test.Locators#setupInitialComponents</h3><table class="result"><tr><th>Exception</th></tr><tr><td><div class="stacktrace">org.openqa.selenium.TimeoutException: java.util.concurrent.TimeoutException
Build info: version: &apos;4.11.0&apos;, revision: &apos;040bc5406b&apos;
System info: os.name: &apos;Windows 11&apos;, os.arch: &apos;amd64&apos;, os.version: &apos;10.0&apos;, java.version: &apos;17.0.7&apos;
Driver info: org.openqa.selenium.chrome.ChromeDriver
Command: [2e11bcfd77e5653c51c60c9b5a225fb5, get {url=https://www.ebay.com/}]
Capabilities {acceptInsecureCerts: true, browserName: chrome, browserVersion: 115.0.5790.170, chrome: {chromedriverVersion: 115.0.5790.170 (cc0d30c2ca5..., userDataDir: C:\Users\naimn\AppData\Loca...}, goog:chromeOptions: {debuggerAddress: localhost:53453}, networkConnectionEnabled: false, pageLoadStrategy: normal, platformName: windows, proxy: Proxy(), se:cdp: ws://localhost:53453/devtoo..., se:cdpVersion: 115.0.5790.170, setWindowRect: true, strictFileInteractability: false, timeouts: {implicit: 0, pageLoad: 300000, script: 30000}, unhandledPromptBehavior: dismiss and notify, webauthn:extension:credBlob: true, webauthn:extension:largeBlob: true, webauthn:extension:minPinLength: true, webauthn:extension:prf: true, webauthn:virtualAuthenticators: true}
Session ID: 2e11bcfd77e5653c51c60c9b5a225fb5
	at org.openqa.selenium.remote.http.netty.NettyHttpHandler.makeCall(NettyHttpHandler.java:65)
	at org.openqa.selenium.remote.http.AddSeleniumUserAgent.lambda$apply$0(AddSeleniumUserAgent.java:42)
	at org.openqa.selenium.remote.http.Filter.lambda$andFinally$1(Filter.java:55)
	at org.openqa.selenium.remote.http.netty.NettyHttpHandler.execute(NettyHttpHandler.java:48)
	at org.openqa.selenium.remote.http.netty.NettyClient.execute(NettyClient.java:96)
	at org.openqa.selenium.remote.HttpCommandExecutor.execute(HttpCommandExecutor.java:188)
	at org.openqa.selenium.remote.service.DriverCommandExecutor.invokeExecute(DriverCommandExecutor.java:196)
	at org.openqa.selenium.remote.service.DriverCommandExecutor.execute(DriverCommandExecutor.java:171)
	at org.openqa.selenium.remote.RemoteWebDriver.execute(RemoteWebDriver.java:518)
	at org.openqa.selenium.remote.RemoteWebDriver.get(RemoteWebDriver.java:300)
	at org.openqa.selenium.support.ThreadGuard$WebDriverInvocationHandler.invokeUnderlying(ThreadGuard.java:99)
	at org.openqa.selenium.support.ThreadGuard$WebDriverInvocationHandler.invoke(ThreadGuard.java:91)
	at jdk.proxy2/jdk.proxy2.$Proxy14.get(Unknown Source)
	at webDriverPractice.test.Locators.setupInitialComponents(Locators.java:48)
	at java.base/java.util.concurrent.ThreadPoolExecutor.runWorker(ThreadPoolExecutor.java:1136)
	at java.base/java.util.concurrent.ThreadPoolExecutor$Worker.run(ThreadPoolExecutor.java:635)
	at java.base/java.lang.Thread.run(Thread.java:833)
Caused by: java.util.concurrent.TimeoutException
	at java.base/java.util.concurrent.CompletableFuture.timedGet(CompletableFuture.java:1960)
	at java.base/java.util.concurrent.CompletableFuture.get(CompletableFuture.java:2095)
	at org.asynchttpclient.netty.NettyResponseFuture.get(NettyResponseFuture.java:206)
	at org.openqa.selenium.remote.http.netty.NettyHttpHandler.makeCall(NettyHttpHandler.java:59)
	... 35 more
... Removed 19 stack frames</div></td></tr></table><p class="totop"><a href="#summary">back to summary</a></p>
<h3 id="m1">webDriverPractice.test.R0011BrokenLinkVerification#quitBrowser</h3><table class="result"><tr><th>Exception</th></tr><tr><td><div class="stacktrace">org.openqa.selenium.WebDriverException: Thread safety error; this instance of WebDriver was constructed on thread TestNG-test=Test-3 (id 23) and is being accessed by thread main (id 1)This is not permitted and *will* cause undefined behaviour
Build info: version: &apos;4.11.0&apos;, revision: &apos;040bc5406b&apos;
System info: os.name: &apos;Windows 11&apos;, os.arch: &apos;amd64&apos;, os.version: &apos;10.0&apos;, java.version: &apos;17.0.7&apos;
Driver info: driver.version: unknown
	at org.openqa.selenium.support.ThreadGuard$WebDriverInvocationHandler.invoke(ThreadGuard.java:85)
	at jdk.proxy2/jdk.proxy2.$Proxy14.quit(Unknown Source)
	at webDriverPractice.test.R0011BrokenLinkVerification.quitBrowser(R0011BrokenLinkVerification.java:127)
... Removed 24 stack frames</div></td></tr></table><p class="totop"><a href="#summary">back to summary</a></p>
<h3 id="m2">webDriverPractice.test.R0017ReadExcelData#setup</h3><table class="result"><tr><th>Exception</th></tr><tr><td><div class="stacktrace">java.io.FileNotFoundException: C:\Users\naimn\DEV\IDE\eclipse\seleniumWebDriverPractice\src\main\java\webDriverPractice\initialization\Book1.xlsx (The system cannot find the path specified)
	at java.base/java.io.FileInputStream.open0(Native Method)
	at java.base/java.io.FileInputStream.open(FileInputStream.java:216)
	at java.base/java.io.FileInputStream.&lt;init&gt;(FileInputStream.java:157)
	at java.base/java.io.FileInputStream.&lt;init&gt;(FileInputStream.java:111)
	at webDriverPractice.test.R0017ReadExcelData.setup(R0017ReadExcelData.java:19)
	at java.base/java.util.concurrent.ThreadPoolExecutor.runWorker(ThreadPoolExecutor.java:1136)
	at java.base/java.util.concurrent.ThreadPoolExecutor$Worker.run(ThreadPoolExecutor.java:635)
	at java.base/java.lang.Thread.run(Thread.java:833)
... Removed 16 stack frames</div></td></tr></table><p class="totop"><a href="#summary">back to summary</a></p>
<h3 id="m3">webDriverPractice.test.Locators#quitBrowser</h3><table class="result"><tr><th class="invisible"/></tr></table><p class="totop"><a href="#summary">back to summary</a></p>
<h3 id="m4">webDriverPractice.test.R0023extendReport#cleanTestBed</h3><table class="result"><tr><th class="invisible"/></tr></table><p class="totop"><a href="#summary">back to summary</a></p>
<h3 id="m5">webDriverPractice.test.Locators#xpath_LocatorTest</h3><table class="result"><tr><th>Exception</th></tr><tr><td><div class="stacktrace">org.openqa.selenium.TimeoutException: java.util.concurrent.TimeoutException
Build info: version: &apos;4.11.0&apos;, revision: &apos;040bc5406b&apos;
System info: os.name: &apos;Windows 11&apos;, os.arch: &apos;amd64&apos;, os.version: &apos;10.0&apos;, java.version: &apos;17.0.7&apos;
Driver info: org.openqa.selenium.chrome.ChromeDriver
Command: [2e11bcfd77e5653c51c60c9b5a225fb5, get {url=https://www.ebay.com/}]
Capabilities {acceptInsecureCerts: true, browserName: chrome, browserVersion: 115.0.5790.170, chrome: {chromedriverVersion: 115.0.5790.170 (cc0d30c2ca5..., userDataDir: C:\Users\naimn\AppData\Loca...}, goog:chromeOptions: {debuggerAddress: localhost:53453}, networkConnectionEnabled: false, pageLoadStrategy: normal, platformName: windows, proxy: Proxy(), se:cdp: ws://localhost:53453/devtoo..., se:cdpVersion: 115.0.5790.170, setWindowRect: true, strictFileInteractability: false, timeouts: {implicit: 0, pageLoad: 300000, script: 30000}, unhandledPromptBehavior: dismiss and notify, webauthn:extension:credBlob: true, webauthn:extension:largeBlob: true, webauthn:extension:minPinLength: true, webauthn:extension:prf: true, webauthn:virtualAuthenticators: true}
Session ID: 2e11bcfd77e5653c51c60c9b5a225fb5
	at org.openqa.selenium.remote.http.netty.NettyHttpHandler.makeCall(NettyHttpHandler.java:65)
	at org.openqa.selenium.remote.http.AddSeleniumUserAgent.lambda$apply$0(AddSeleniumUserAgent.java:42)
	at org.openqa.selenium.remote.http.Filter.lambda$andFinally$1(Filter.java:55)
	at org.openqa.selenium.remote.http.netty.NettyHttpHandler.execute(NettyHttpHandler.java:48)
	at org.openqa.selenium.remote.http.netty.NettyClient.execute(NettyClient.java:96)
	at org.openqa.selenium.remote.HttpCommandExecutor.execute(HttpCommandExecutor.java:188)
	at org.openqa.selenium.remote.service.DriverCommandExecutor.invokeExecute(DriverCommandExecutor.java:196)
	at org.openqa.selenium.remote.service.DriverCommandExecutor.execute(DriverCommandExecutor.java:171)
	at org.openqa.selenium.remote.RemoteWebDriver.execute(RemoteWebDriver.java:518)
	at org.openqa.selenium.remote.RemoteWebDriver.get(RemoteWebDriver.java:300)
	at org.openqa.selenium.support.ThreadGuard$WebDriverInvocationHandler.invokeUnderlying(ThreadGuard.java:99)
	at org.openqa.selenium.support.ThreadGuard$WebDriverInvocationHandler.invoke(ThreadGuard.java:91)
	at jdk.proxy2/jdk.proxy2.$Proxy14.get(Unknown Source)
	at webDriverPractice.test.Locators.setupInitialComponents(Locators.java:48)
	at java.base/java.util.concurrent.ThreadPoolExecutor.runWorker(ThreadPoolExecutor.java:1136)
	at java.base/java.util.concurrent.ThreadPoolExecutor$Worker.run(ThreadPoolExecutor.java:635)
	at java.base/java.lang.Thread.run(Thread.java:833)
Caused by: java.util.concurrent.TimeoutException
	at java.base/java.util.concurrent.CompletableFuture.timedGet(CompletableFuture.java:1960)
	at java.base/java.util.concurrent.CompletableFuture.get(CompletableFuture.java:2095)
	at org.asynchttpclient.netty.NettyResponseFuture.get(NettyResponseFuture.java:206)
	at org.openqa.selenium.remote.http.netty.NettyHttpHandler.makeCall(NettyHttpHandler.java:59)
	... 35 more
... Removed 19 stack frames</div></td></tr></table><p class="totop"><a href="#summary">back to summary</a></p>
<h3 id="m6">webDriverPractice.test.R0017ReadExcelData#readData</h3><table class="result"><tr><th>Exception</th></tr><tr><td><div class="stacktrace">java.io.FileNotFoundException: C:\Users\naimn\DEV\IDE\eclipse\seleniumWebDriverPractice\src\main\java\webDriverPractice\initialization\Book1.xlsx (The system cannot find the path specified)
	at java.base/java.io.FileInputStream.open0(Native Method)
	at java.base/java.io.FileInputStream.open(FileInputStream.java:216)
	at java.base/java.io.FileInputStream.&lt;init&gt;(FileInputStream.java:157)
	at java.base/java.io.FileInputStream.&lt;init&gt;(FileInputStream.java:111)
	at webDriverPractice.test.R0017ReadExcelData.setup(R0017ReadExcelData.java:19)
	at java.base/java.util.concurrent.ThreadPoolExecutor.runWorker(ThreadPoolExecutor.java:1136)
	at java.base/java.util.concurrent.ThreadPoolExecutor$Worker.run(ThreadPoolExecutor.java:635)
	at java.base/java.lang.Thread.run(Thread.java:833)
... Removed 16 stack frames</div></td></tr></table><p class="totop"><a href="#summary">back to summary</a></p>
<h3 id="m7">webDriverPractice.test.R0016CalederHandling$R0015_WebTableHandling#testDynamicCalendar</h3><table class="result"><tr><th>Exception</th></tr><tr><td><div class="stacktrace">org.openqa.selenium.NoSuchElementException: no such element: Unable to locate element: {&quot;method&quot;:&quot;xpath&quot;,&quot;selector&quot;:&quot;//button[@id=&apos;d1-btn&apos;]&quot;}
  (Session info: chrome=117.0.5938.48)
For documentation on this error, please visit: https://www.selenium.dev/documentation/webdriver/troubleshooting/errors#no-such-element-exception
Build info: version: &apos;4.11.0&apos;, revision: &apos;040bc5406b&apos;
System info: os.name: &apos;Windows 11&apos;, os.arch: &apos;amd64&apos;, os.version: &apos;10.0&apos;, java.version: &apos;17.0.7&apos;
Driver info: org.openqa.selenium.chrome.ChromeDriver
Command: [9017d97355463000bc337a712804e56c, findElement {using=xpath, value=//button[@id=&apos;d1-btn&apos;]}]
Capabilities {acceptInsecureCerts: true, browserName: chrome, browserVersion: 117.0.5938.48, chrome: {chromedriverVersion: 117.0.5938.48 (bde8a58d4100..., userDataDir: C:\Users\naimn\AppData\Loca...}, fedcm:accounts: true, goog:chromeOptions: {debuggerAddress: localhost:53009}, networkConnectionEnabled: false, pageLoadStrategy: normal, platformName: windows, proxy: Proxy(), se:cdp: ws://localhost:53009/devtoo..., se:cdpVersion: 117.0.5938.48, setWindowRect: true, strictFileInteractability: false, timeouts: {implicit: 0, pageLoad: 300000, script: 30000}, unhandledPromptBehavior: dismiss and notify, webauthn:extension:credBlob: true, webauthn:extension:largeBlob: true, webauthn:extension:minPinLength: true, webauthn:extension:prf: true, webauthn:virtualAuthenticators: true}
Session ID: 9017d97355463000bc337a712804e56c
	at org.openqa.selenium.remote.codec.w3c.W3CHttpResponseCodec.createException(W3CHttpResponseCodec.java:200)
	at org.openqa.selenium.remote.codec.w3c.W3CHttpResponseCodec.decode(W3CHttpResponseCodec.java:133)
	at org.openqa.selenium.remote.codec.w3c.W3CHttpResponseCodec.decode(W3CHttpResponseCodec.java:52)
	at org.openqa.selenium.remote.HttpCommandExecutor.execute(HttpCommandExecutor.java:191)
	at org.openqa.selenium.remote.service.DriverCommandExecutor.invokeExecute(DriverCommandExecutor.java:196)
	at org.openqa.selenium.remote.service.DriverCommandExecutor.execute(DriverCommandExecutor.java:171)
	at org.openqa.selenium.remote.RemoteWebDriver.execute(RemoteWebDriver.java:518)
	at org.openqa.selenium.remote.ElementLocation$ElementFinder$2.findElement(ElementLocation.java:165)
	at org.openqa.selenium.remote.ElementLocation.findElement(ElementLocation.java:59)
	at org.openqa.selenium.remote.RemoteWebDriver.findElement(RemoteWebDriver.java:355)
	at org.openqa.selenium.remote.RemoteWebDriver.findElement(RemoteWebDriver.java:349)
	at webDriverPractice.test.R0016CalederHandling$R0015_WebTableHandling.pickDateExpediaCalender(R0016CalederHandling.java:18)
	at webDriverPractice.test.R0016CalederHandling$R0015_WebTableHandling.testDynamicCalendar(R0016CalederHandling.java:55)
	at java.base/java.util.concurrent.ThreadPoolExecutor.runWorker(ThreadPoolExecutor.java:1136)
	at java.base/java.util.concurrent.ThreadPoolExecutor$Worker.run(ThreadPoolExecutor.java:635)
	at java.base/java.lang.Thread.run(Thread.java:833)
... Removed 17 stack frames</div></td></tr></table><p class="totop"><a href="#summary">back to summary</a></p>
<h3 id="m8">webDriverPractice.test.R0024ChromeDevTool#testGeoLocation</h3><table class="result"><tr><th>Exception</th></tr><tr><td><div class="stacktrace">org.openqa.selenium.ElementNotInteractableException: element not interactable
  (Session info: chrome=116.0.5845.141)
Build info: version: &apos;4.11.0&apos;, revision: &apos;040bc5406b&apos;
System info: os.name: &apos;Windows 11&apos;, os.arch: &apos;amd64&apos;, os.version: &apos;10.0&apos;, java.version: &apos;17.0.7&apos;
Driver info: org.openqa.selenium.chrome.ChromeDriver
Command: [c3e743c093b6fde2e7858e6c5ce66b03, clickElement {id=9EBC67DE5AC17F757C2B24FBA539D7E9_element_137}]
Capabilities {acceptInsecureCerts: false, browserName: chrome, browserVersion: 116.0.5845.141, chrome: {chromedriverVersion: 116.0.5845.96 (1a3918166880..., userDataDir: C:\Users\naimn\AppData\Loca...}, fedcm:accounts: true, goog:chromeOptions: {debuggerAddress: localhost:50442}, networkConnectionEnabled: false, pageLoadStrategy: normal, platformName: windows, proxy: Proxy(), se:cdp: ws://localhost:50442/devtoo..., se:cdpVersion: 116.0.5845.141, setWindowRect: true, strictFileInteractability: false, timeouts: {implicit: 0, pageLoad: 300000, script: 30000}, unhandledPromptBehavior: dismiss and notify, webauthn:extension:credBlob: true, webauthn:extension:largeBlob: true, webauthn:extension:minPinLength: true, webauthn:extension:prf: true, webauthn:virtualAuthenticators: true}
Element: [[ChromeDriver: chrome on windows (c3e743c093b6fde2e7858e6c5ce66b03)] -&gt; xpath: //span[text()=&apos;netflix.com&apos;]]
Session ID: c3e743c093b6fde2e7858e6c5ce66b03
	at org.openqa.selenium.remote.codec.w3c.W3CHttpResponseCodec.createException(W3CHttpResponseCodec.java:200)
	at org.openqa.selenium.remote.codec.w3c.W3CHttpResponseCodec.decode(W3CHttpResponseCodec.java:133)
	at org.openqa.selenium.remote.codec.w3c.W3CHttpResponseCodec.decode(W3CHttpResponseCodec.java:52)
	at org.openqa.selenium.remote.HttpCommandExecutor.execute(HttpCommandExecutor.java:191)
	at org.openqa.selenium.remote.service.DriverCommandExecutor.invokeExecute(DriverCommandExecutor.java:196)
	at org.openqa.selenium.remote.service.DriverCommandExecutor.execute(DriverCommandExecutor.java:171)
	at org.openqa.selenium.remote.RemoteWebDriver.execute(RemoteWebDriver.java:518)
	at org.openqa.selenium.remote.RemoteWebElement.execute(RemoteWebElement.java:224)
	at org.openqa.selenium.remote.RemoteWebElement.click(RemoteWebElement.java:77)
	at webDriverPractice.test.R0024ChromeDevTool.testGeoLocation(R0024ChromeDevTool.java:70)
	at java.base/java.util.concurrent.ThreadPoolExecutor.runWorker(ThreadPoolExecutor.java:1136)
	at java.base/java.util.concurrent.ThreadPoolExecutor$Worker.run(ThreadPoolExecutor.java:635)
	at java.base/java.lang.Thread.run(Thread.java:833)
... Removed 17 stack frames</div></td></tr></table><p class="totop"><a href="#summary">back to summary</a></p>
<h3 id="m9">webDriverPractice.test.RelativeXpath#testUsingParentKeywordByXpath</h3><table class="result"><tr><th>Exception</th></tr><tr><td><div class="stacktrace">org.openqa.selenium.NoSuchElementException: no such element: Unable to locate element: {&quot;method&quot;:&quot;xpath&quot;,&quot;selector&quot;:&quot;//div[@class=&apos;hl-cat-nav__expander&apos;]/parent::li[@class=&apos;hl-cat-nav__js-tab&apos;]/child::a[@href=&apos;https://www.ebay.com/b/Auto-Parts-and-Vehicles/6000/bn_1865334&apos;]&quot;}
  (Session info: chrome=115.0.5790.170)
For documentation on this error, please visit: https://www.selenium.dev/documentation/webdriver/troubleshooting/errors#no-such-element-exception
Build info: version: &apos;4.11.0&apos;, revision: &apos;040bc5406b&apos;
System info: os.name: &apos;Windows 11&apos;, os.arch: &apos;amd64&apos;, os.version: &apos;10.0&apos;, java.version: &apos;17.0.7&apos;
Driver info: org.openqa.selenium.chrome.ChromeDriver
Command: [be32028c69dec56f33433564014114d0, findElement {using=xpath, value=//div[@class=&apos;hl-cat-nav__expander&apos;]/parent::li[@class=&apos;hl-cat-nav__js-tab&apos;]/child::a[@href=&apos;https://www.ebay.com/b/Auto-Parts-and-Vehicles/6000/bn_1865334&apos;]}]
Capabilities {acceptInsecureCerts: true, browserName: chrome, browserVersion: 115.0.5790.170, chrome: {chromedriverVersion: 115.0.5790.170 (cc0d30c2ca5..., userDataDir: C:\Users\naimn\AppData\Loca...}, goog:chromeOptions: {debuggerAddress: localhost:51392}, networkConnectionEnabled: false, pageLoadStrategy: normal, platformName: windows, proxy: Proxy(), se:cdp: ws://localhost:51392/devtoo..., se:cdpVersion: 115.0.5790.170, setWindowRect: true, strictFileInteractability: false, timeouts: {implicit: 0, pageLoad: 300000, script: 30000}, unhandledPromptBehavior: dismiss and notify, webauthn:extension:credBlob: true, webauthn:extension:largeBlob: true, webauthn:extension:minPinLength: true, webauthn:extension:prf: true, webauthn:virtualAuthenticators: true}
Session ID: be32028c69dec56f33433564014114d0
	at org.openqa.selenium.remote.codec.w3c.W3CHttpResponseCodec.createException(W3CHttpResponseCodec.java:200)
	at org.openqa.selenium.remote.codec.w3c.W3CHttpResponseCodec.decode(W3CHttpResponseCodec.java:133)
	at org.openqa.selenium.remote.codec.w3c.W3CHttpResponseCodec.decode(W3CHttpResponseCodec.java:52)
	at org.openqa.selenium.remote.HttpCommandExecutor.execute(HttpCommandExecutor.java:191)
	at org.openqa.selenium.remote.service.DriverCommandExecutor.invokeExecute(DriverCommandExecutor.java:196)
	at org.openqa.selenium.remote.service.DriverCommandExecutor.execute(DriverCommandExecutor.java:171)
	at org.openqa.selenium.remote.RemoteWebDriver.execute(RemoteWebDriver.java:518)
	at org.openqa.selenium.remote.ElementLocation$ElementFinder$2.findElement(ElementLocation.java:165)
	at org.openqa.selenium.remote.ElementLocation.findElement(ElementLocation.java:59)
	at org.openqa.selenium.remote.RemoteWebDriver.findElement(RemoteWebDriver.java:355)
	at org.openqa.selenium.remote.RemoteWebDriver.findElement(RemoteWebDriver.java:349)
	at org.openqa.selenium.support.ThreadGuard$WebDriverInvocationHandler.invokeUnderlying(ThreadGuard.java:99)
	at org.openqa.selenium.support.ThreadGuard$WebDriverInvocationHandler.invoke(ThreadGuard.java:91)
	at jdk.proxy2/jdk.proxy2.$Proxy14.findElement(Unknown Source)
	at webDriverPractice.test.RelativeXpath.testUsingParentKeywordByXpath(RelativeXpath.java:53)
	at java.base/java.util.concurrent.ThreadPoolExecutor.runWorker(ThreadPoolExecutor.java:1136)
	at java.base/java.util.concurrent.ThreadPoolExecutor$Worker.run(ThreadPoolExecutor.java:635)
	at java.base/java.lang.Thread.run(Thread.java:833)
... Removed 21 stack frames</div></td></tr></table><p class="totop"><a href="#summary">back to summary</a></p>
<h3 id="m10">webDriverPractice.test.DrawBorderAroundElement#testDrawBorder</h3><table class="result"><tr><th class="invisible"/></tr></table><p class="totop"><a href="#summary">back to summary</a></p>
<h3 id="m11">webDriverPractice.test.Locators#className_LocatorTest</h3><table class="result"><tr><th class="invisible"/></tr></table><p class="totop"><a href="#summary">back to summary</a></p>
<h3 id="m12">webDriverPractice.test.Locators#cssSelector_LocatorTest</h3><table class="result"><tr><th class="invisible"/></tr></table><p class="totop"><a href="#summary">back to summary</a></p>
<h3 id="m13">webDriverPractice.test.Locators#id_LocatorTest</h3><table class="result"><tr><th class="invisible"/></tr></table><p class="totop"><a href="#summary">back to summary</a></p>
<h3 id="m14">webDriverPractice.test.Locators#linkText_LocatorTest</h3><table class="result"><tr><th class="invisible"/></tr></table><p class="totop"><a href="#summary">back to summary</a></p>
<h3 id="m15">webDriverPractice.test.Locators#name_LocatorTest</h3><table class="result"><tr><th class="invisible"/></tr></table><p class="totop"><a href="#summary">back to summary</a></p>
<h3 id="m16">webDriverPractice.test.Locators#partialLinkText_LocatorTest</h3><table class="result"><tr><th class="invisible"/></tr></table><p class="totop"><a href="#summary">back to summary</a></p>
<h3 id="m17">webDriverPractice.test.Locators#relativeLocatorBelow</h3><table class="result"><tr><th class="invisible"/></tr></table><p class="totop"><a href="#summary">back to summary</a></p>
<h3 id="m18">webDriverPractice.test.Locators#relativeLocator_above</h3><table class="result"><tr><th class="invisible"/></tr></table><p class="totop"><a href="#summary">back to summary</a></p>
<h3 id="m19">webDriverPractice.test.Locators#tagName_LocatorTest</h3><table class="result"><tr><th class="invisible"/></tr></table><p class="totop"><a href="#summary">back to summary</a></p>
<h3 id="m20">webDriverPractice.test.ParameterizationWithJsonFile#printJsonData</h3><table class="result"><tr><th class="invisible"/></tr></table><p class="totop"><a href="#summary">back to summary</a></p>
<h3 id="m21">webDriverPractice.test.R0003CSSselector#testCssSelectorWithPartialText</h3><table class="result"><tr><th class="invisible"/></tr></table><p class="totop"><a href="#summary">back to summary</a></p>
<h3 id="m22">webDriverPractice.test.R0004DropDown#testDropdownUsingSelectClass</h3><table class="result"><tr><th class="invisible"/></tr></table><p class="totop"><a href="#summary">back to summary</a></p>
<h3 id="m23">webDriverPractice.test.R0004DropDown#testDynamicDropDownList</h3><table class="result"><tr><th class="invisible"/></tr></table><p class="totop"><a href="#summary">back to summary</a></p>
<h3 id="m24">webDriverPractice.test.R0006AlertClass#alertClassTest</h3><table class="result"><tr><th class="invisible"/></tr></table><p class="totop"><a href="#summary">back to summary</a></p>
<h3 id="m25">webDriverPractice.test.R0007TabAndWindow#testChildWindowHandle</h3><table class="result"><tr><th class="invisible"/></tr></table><p class="totop"><a href="#summary">back to summary</a></p>
<h3 id="m26">webDriverPractice.test.R0009Synchronization#testFluentWait</h3><table class="result"><tr><th class="invisible"/></tr></table><p class="totop"><a href="#summary">back to summary</a></p>
<h3 id="m27">webDriverPractice.test.R0009Synchronization#testImplicitlyWait</h3><table class="result"><tr><th class="invisible"/></tr></table><p class="totop"><a href="#summary">back to summary</a></p>
<h3 id="m28">webDriverPractice.test.R0009Synchronization#testWebDriverWait</h3><table class="result"><tr><th class="invisible"/></tr></table><p class="totop"><a href="#summary">back to summary</a></p>
<h3 id="m29">webDriverPractice.test.R0010ActionsClass#TestDragNDrop</h3><table class="result"><tr><th class="invisible"/></tr></table><p class="totop"><a href="#summary">back to summary</a></p>
<h3 id="m30">webDriverPractice.test.R0010ActionsClass#keyboardInteractionTest</h3><table class="result"><tr><th class="invisible"/></tr></table><p class="totop"><a href="#summary">back to summary</a></p>
<h3 id="m31">webDriverPractice.test.R0010ActionsClass#testMouseHover</h3><table class="result"><tr><th class="invisible"/></tr></table><p class="totop"><a href="#summary">back to summary</a></p>
<h3 id="m32">webDriverPractice.test.R0010ActionsClass#testkeyboardInteraction01</h3><table class="result"><tr><th class="invisible"/></tr></table><p class="totop"><a href="#summary">back to summary</a></p>
<h3 id="m33">webDriverPractice.test.R0011BrokenLinkVerification#testBrokenLink</h3><table class="result"><tr><th class="invisible"/></tr></table><p class="totop"><a href="#summary">back to summary</a></p>
<h3 id="m34">webDriverPractice.test.R0011BrokenLinkVerification#testBrokenListUsingHttpsURLConnection</h3><table class="result"><tr><th class="invisible"/></tr></table><p class="totop"><a href="#summary">back to summary</a></p>
<h3 id="m35">webDriverPractice.test.R0011BrokenLinkVerification#testThreadSafeDriver</h3><table class="result"><tr><th class="invisible"/></tr></table><p class="totop"><a href="#summary">back to summary</a></p>
<h3 id="m36">webDriverPractice.test.R0012SecurityCertification#devToolsTest</h3><table class="result"><tr><th class="invisible"/></tr></table><p class="totop"><a href="#summary">back to summary</a></p>
<h3 id="m37">webDriverPractice.test.R0012SecurityCertification#securityCertificates</h3><table class="result"><tr><th class="invisible"/></tr></table><p class="totop"><a href="#summary">back to summary</a></p>
<h3 id="m38">webDriverPractice.test.R0012SecurityCertification#testThreadSafeDriver</h3><table class="result"><tr><th class="invisible"/></tr></table><p class="totop"><a href="#summary">back to summary</a></p>
<h3 id="m39">webDriverPractice.test.R0013PropertiesClass#propertiesFileTest</h3><table class="result"><tr><th class="invisible"/></tr></table><p class="totop"><a href="#summary">back to summary</a></p>
<h3 id="m40">webDriverPractice.test.R0014JavaScriptExecutor#testJavaScriptExecutor</h3><table class="result"><tr><th class="invisible"/></tr></table><p class="totop"><a href="#summary">back to summary</a></p>
<h3 id="m41">webDriverPractice.test.R0015WebTableHandling#testdynamicWebTable</h3><table class="result"><tr><th class="invisible"/></tr></table><p class="totop"><a href="#summary">back to summary</a></p>
<h3 id="m42">webDriverPractice.test.R0018checkBoxHandling#testCheckBox</h3><table class="result"><tr><th class="invisible"/></tr></table><p class="totop"><a href="#summary">back to summary</a></p>
<h3 id="m43">webDriverPractice.test.R0018checkBoxHandling#testRadioButton</h3><table class="result"><tr><th class="invisible"/></tr></table><p class="totop"><a href="#summary">back to summary</a></p>
<h3 id="m44">webDriverPractice.test.R0020FrameAndDragNDropDemo#testFrame</h3><table class="result"><tr><th class="invisible"/></tr></table><p class="totop"><a href="#summary">back to summary</a></p>
<h3 id="m45">webDriverPractice.test.R0023extendReport#testExtentReport</h3><table class="result"><tr><th class="invisible"/></tr></table><p class="totop"><a href="#summary">back to summary</a></p>
<h3 id="m46">webDriverPractice.test.R0023extendReport#testExtentReport03</h3><table class="result"><tr><th class="invisible"/></tr></table><p class="totop"><a href="#summary">back to summary</a></p>
<h3 id="m47">webDriverPractice.test.R0023extendReport#testExtentReport2</h3><table class="result"><tr><th class="invisible"/></tr></table><p class="totop"><a href="#summary">back to summary</a></p>
<h3 id="m48">webDriverPractice.test.R0024ChromeDevTool#openBrowserInMobileView</h3><table class="result"><tr><th class="invisible"/></tr></table><p class="totop"><a href="#summary">back to summary</a></p>
<h3 id="m49">webDriverPractice.test.RelativeXpath#parentToChildTestUsingChild</h3><table class="result"><tr><th class="invisible"/></tr></table><p class="totop"><a href="#summary">back to summary</a></p>
<h3 id="m50">webDriverPractice.test.RelativeXpath#parentToChildTestUsingForwardSlash</h3><table class="result"><tr><th class="invisible"/></tr></table><p class="totop"><a href="#summary">back to summary</a></p>
<h3 id="m51">webDriverPractice.test.RelativeXpath#testUsingContainsMethodWithxpath</h3><table class="result"><tr><th class="invisible"/></tr></table><p class="totop"><a href="#summary">back to summary</a></p>
<h3 id="m52">webDriverPractice.test.RelativeXpath#testUsingFollowingsibkingByXpath</h3><table class="result"><tr><th class="invisible"/></tr></table><p class="totop"><a href="#summary">back to summary</a></p>
<h3 id="m53">webDriverPractice.test.TakeScreenShots#selenium4testTakeScreenShot</h3><table class="result"><tr><th class="invisible"/></tr></table><p class="totop"><a href="#summary">back to summary</a></p>
<h3 id="m54">webDriverPractice.test.TakeScreenShots#testTakeScreenShot</h3><table class="result"><tr><th class="invisible"/></tr></table><p class="totop"><a href="#summary">back to summary</a></p>
<h3 id="m55">webDriverPractice.test.ThreadSafeDriver#testThreadSafeDriver</h3><table class="result"><tr><th class="invisible"/></tr></table><p class="totop"><a href="#summary">back to summary</a></p>
</body>
</html>
