<?xml version="1.0" encoding="UTF-8"?>
<!-- Generated by org.testng.reporters.JUnitReportReporter -->
<testsuite hostname="NAIM" failures="0" tests="4" name="webDriverPractice.test.R0009Synchronization" time="6.569" errors="1" timestamp="2023-08-21T03:27:09 EDT" skipped="3">
  <testcase classname="webDriverPractice.test.R0009Synchronization" name="testImplicitlyWait" time="0.000">
    <skipped/>
  </testcase> <!-- testImplicitlyWait -->
  <testcase classname="webDriverPractice.test.R0009Synchronization" name="testWebDriverWait" time="0.000">
    <skipped/>
  </testcase> <!-- testWebDriverWait -->
  <testcase classname="webDriverPractice.test.R0009Synchronization" name="testFluentWait" time="0.001">
    <skipped/>
  </testcase> <!-- testFluentWait -->
  <testcase classname="webDriverPractice.test.R0009Synchronization" name="setupInitialComponents" time="6.568">
    <error message="http://:-1/json/version could not be parsed into a proper Uri, missing host" type="java.lang.IllegalArgumentException">
      <![CDATA[java.lang.IllegalArgumentException: http://:-1/json/version could not be parsed into a proper Uri, missing host
at org.asynchttpclient.uri.Uri.create(Uri.java:73)
at org.asynchttpclient.uri.Uri.create(Uri.java:62)
at org.asynchttpclient.RequestBuilderBase.setUrl(RequestBuilderBase.java:147)
at org.asynchttpclient.Dsl.request(Dsl.java:73)
at org.openqa.selenium.remote.http.netty.NettyMessages.toNettyRequest(NettyMessages.java:57)
at org.openqa.selenium.remote.http.netty.NettyHttpHandler.makeCall(NettyHttpHandler.java:55)
at org.openqa.selenium.remote.http.AddSeleniumUserAgent.lambda$apply$0(AddSeleniumUserAgent.java:42)
at org.openqa.selenium.remote.http.Filter.lambda$andFinally$1(Filter.java:55)
at org.openqa.selenium.remote.http.netty.NettyHttpHandler.execute(NettyHttpHandler.java:48)
at org.openqa.selenium.remote.http.netty.NettyClient.execute(NettyClient.java:96)
at org.openqa.selenium.devtools.CdpEndpointFinder.getCdpEndPoint(CdpEndpointFinder.java:58)
at org.openqa.selenium.chromium.ChromiumDriver.lambda$new$3(ChromiumDriver.java:144)
at java.base/java.util.Optional.flatMap(Optional.java:289)
at org.openqa.selenium.chromium.ChromiumDriver.<init>(ChromiumDriver.java:144)
at org.openqa.selenium.chrome.ChromeDriver.<init>(ChromeDriver.java:88)
at org.openqa.selenium.chrome.ChromeDriver.<init>(ChromeDriver.java:83)
at org.openqa.selenium.chrome.ChromeDriver.<init>(ChromeDriver.java:72)
at webDriverPractice.utilities.InitialComponents.launchBrowser(InitialComponents.java:58)
at webDriverPractice.test.R0009Synchronization.setupInitialComponents(R0009Synchronization.java:24)
at java.base/jdk.internal.reflect.NativeMethodAccessorImpl.invoke0(Native Method)
at java.base/jdk.internal.reflect.NativeMethodAccessorImpl.invoke(NativeMethodAccessorImpl.java:77)
at java.base/jdk.internal.reflect.DelegatingMethodAccessorImpl.invoke(DelegatingMethodAccessorImpl.java:43)
at java.base/java.lang.reflect.Method.invoke(Method.java:568)
at org.testng.internal.invokers.MethodInvocationHelper.invokeMethod(MethodInvocationHelper.java:139)
at org.testng.internal.invokers.MethodInvocationHelper.invokeMethodConsideringTimeout(MethodInvocationHelper.java:69)
at org.testng.internal.invokers.ConfigInvoker.invokeConfigurationMethod(ConfigInvoker.java:390)
at org.testng.internal.invokers.ConfigInvoker.invokeConfigurations(ConfigInvoker.java:325)
at org.testng.internal.invokers.TestInvoker.runConfigMethods(TestInvoker.java:810)
at org.testng.internal.invokers.TestInvoker.invokeMethod(TestInvoker.java:577)
at org.testng.internal.invokers.TestInvoker.invokeTestMethod(TestInvoker.java:227)
at org.testng.internal.invokers.MethodRunner.runInSequence(MethodRunner.java:50)
at org.testng.internal.invokers.TestInvoker$MethodInvocationAgent.invoke(TestInvoker.java:957)
at org.testng.internal.invokers.TestInvoker.invokeTestMethods(TestInvoker.java:200)
at org.testng.internal.invokers.TestMethodWorker.invokeTestMethods(TestMethodWorker.java:148)
at org.testng.internal.invokers.TestMethodWorker.run(TestMethodWorker.java:128)
at java.base/java.util.concurrent.ThreadPoolExecutor.runWorker(ThreadPoolExecutor.java:1136)
at java.base/java.util.concurrent.ThreadPoolExecutor$Worker.run(ThreadPoolExecutor.java:635)
at java.base/java.lang.Thread.run(Thread.java:833)
]]>
    </error>
  </testcase> <!-- setupInitialComponents -->
</testsuite> <!-- webDriverPractice.test.R0009Synchronization -->
