





<!DOCTYPE html>
<html>

<head>
    <meta charset="utf-8">
    <meta name="viewport" content="width=device-width, initial-scale=1, shrink-to-fit=no">
    <title>Title seleniumWebDriverPractice</title>
        <link rel="apple-touch-icon" href="https://cdn.jsdelivr.net/gh/extent-framework/extent-github-cdn@b00a2d0486596e73dd7326beacf352c639623a0e/commons/img/logo.png">
        <link rel="shortcut icon" href="https://cdn.jsdelivr.net/gh/extent-framework/extent-github-cdn@b00a2d0486596e73dd7326beacf352c639623a0e/commons/img/logo.png">
	    <link href="https://cdn.jsdelivr.net/gh/extent-framework/extent-github-cdn@7e408aed24af91e1ad76f49a74ecfa0ef1d97cfb/spark/css/spark-style.css" rel="stylesheet" />
        <link href="https://stackpath.bootstrapcdn.com/font-awesome/4.7.0/css/font-awesome.min.css" rel="stylesheet">
<style type="text/css">

</style></head>    <script src="https://cdn.rawgit.com/extent-framework/extent-github-cdn/7cc78ce/spark/js/jsontree.js"></script>
<body class="spa -report standard">
    <div class="app header-dark side-nav-folded">
        <div class="layout">
<div class="header navbar">
    <div class="header-container">
        <div class="nav-logo">
          <a href="index.html">
            <div class="logo logo-dark" style="background-image: url('https://cdn.rawgit.com/extent-framework/extent-github-cdn/d74480e/commons/img/logo.png')"></div>
            <div class="logo logo-white" style="background-image: url('https://cdn.rawgit.com/extent-framework/extent-github-cdn/d74480e/commons/img/logo.png')"></div>
          </a>
        </div>
        <ul class="nav-left">
          <li>
            <a class="sidenav-fold-toggler" href="javascript:void(0);">
              <i class="fa fa-bars"></i>
            </a>
            <a class="sidenav-expand-toggler" href="javascript:void(0);">
              <i class="fa fa-bars"></i>
            </a>
          </li>
          <li class="search-box">
            <a class="search-toggle" href="javascript:void(0);">
              <i class="search-icon fa fa-search"></i>
              <i class="search-icon-close fa fa-close"></i>
            </a>
          </li>
          <li class="search-input">
            <input id="search-tests" class="form-control" type="text" placeholder="Type to search...">
          </li>
        </ul>
        <ul class="nav-right">
          <li class="m-r-10">
            <a href="#">
              <span class="badge badge-primary">Report name 2023-08-21T03_19_16_589893200</span>
            </a>
          </li>
            <li class="m-r-10">
                <a href="#">
                    <span class="badge badge-primary">Aug 21, 2023 03:19:16 AM</span>
                </a>
            </li>
        </ul>
    </div>
</div><div class="side-nav side-nav-folded">
  <div class="side-nav-inner">
    <ul class="side-nav-menu scrollable">
      <li class="nav-item dropdown" onclick="toggleView('test-view')">
        <a id="nav-test" class="dropdown-toggle" href="index.html">
          <span class="icon-holder">
            <i class="fa fa-align-left"></i>
          </span>
          <span class="title">Tests</span>
        </a>
      </li>
            <li class="nav-item dropdown" onclick="toggleView('exception-view')">
        <a id="nav-ex" class="dropdown-toggle" href="exception.html">
          <span class="icon-holder">
            <i class="fa fa-bug"></i>
          </span>
          <span class="title">Exception</span>
        </a>
      </li>
      <li class="nav-item dropdown" onclick="toggleView('dashboard-view')">
        <a id="nav-dashboard" class="dropdown-toggle" href="dashboard.html">
          <span class="icon-holder">
            <i class="fa fa-bar-chart"></i>
          </span>
          <span class="title">Dashboard</span>
        </a>
      </li>
    </ul>
  </div>
</div>            <div class="page-container">
                <div class="main-content">
<div class="test-wrapper row test-view">
	<div class="test-list">
		<div class="test-list-tools">
			<ul class="tools pull-left">
				<li>
					<a href="">
					<span class="font-size-14">Tests</span>
					</a>
				</li>
			</ul>
			<ul class="tools text-right">
				<li class="user-profile dropdown dropdown-animated scale-left">
					<a href="#" class="dropdown-toggle" data-toggle="dropdown">
					<i class="fa fa-exclamation-circle"></i>
					</a>
					<ul id="status-toggle" class="dropdown-menu dropdown-md p-v-0">
						<a class="dropdown-item" status="pass" href="#"><span>Pass</span><span class="status success pull-right"></span></a>
						<a class="dropdown-item" status="fail" href="#"><span>Fail</span><span class="status danger pull-right"></span></a>
						
						
						
						<a class="dropdown-item" status="skip" href="#"><span>Skip</span><span class="status warning pull-right"></span></a>
						<div class="dropdown-divider"></div>
						<a status="clear" class="dropdown-item" href="#"><span>Clear</span><span class="pull-right"><i class="fa fa-close"></i></span></a>
					</ul>
				</li>
			</ul>
		</div>
		<div class="test-list-wrapper scrollable">
			<ul class="test-list-item">
				<li class="test-item"  status="pass" test-id="1"
					author=""
					tag=""
					device="">
					<div class="status-avatar pass-bg">
						<i class="fa fa-check text-white"></i>
					</div>
					<div class="open-test">
						<div class="test-detail">
							<p class="name">openBrowserInMobileView</p>
							<p class="duration text-sm">0h 0m 7s+677ms</p>
							<span class="datetime">03:19:22 AM</span>
						</div>
					</div>
					<div class="test-contents d-none">
						<div class="detail-head">
							<div class="p-v-10 d-inline-block">
								<div class="info">
									<h5 class="test-status text-pass">openBrowserInMobileView</h5>
									<span class='badge badge-success'>08.21.2023 03:19:22</span>
									<span class='badge badge-danger'>08.21.2023 03:19:30</span>
									<span class='badge badge-default'>0h 0m 7s+677ms</span>
								</div>
								<div class="m-t-10 m-l-5">
									
								</div>
							</div>
						</div>
<div class="detail-body mt-4">                                              
<table class="table table-sm">
	<thead><tr>
		<th class="status-col">Status</th>
		<th class="timestamp-col">Timestamp</th>
		<th class="details-col">Details</th>
	</tr></thead>
	<tbody>
			<tr class="event-row">
				<td><i class="fa fa-check text-pass"></i></td>
				<td>3:19:30 AM</td>
				<td>
						passed
				</td>
			</tr>
	</tbody>
</table>
</div>
					</div>
				</li>
				<li class="test-item"  status="pass" test-id="2"
					author=""
					tag=""
					device="">
					<div class="status-avatar pass-bg">
						<i class="fa fa-check text-white"></i>
					</div>
					<div class="open-test">
						<div class="test-detail">
							<p class="name">devToolsTest</p>
							<p class="duration text-sm">0h 0m 10s+356ms</p>
							<span class="datetime">03:19:25 AM</span>
						</div>
					</div>
					<div class="test-contents d-none">
						<div class="detail-head">
							<div class="p-v-10 d-inline-block">
								<div class="info">
									<h5 class="test-status text-pass">devToolsTest</h5>
									<span class='badge badge-success'>08.21.2023 03:19:25</span>
									<span class='badge badge-danger'>08.21.2023 03:19:35</span>
									<span class='badge badge-default'>0h 0m 10s+356ms</span>
								</div>
								<div class="m-t-10 m-l-5">
									
								</div>
							</div>
						</div>
<div class="detail-body mt-4">                                              
<table class="table table-sm">
	<thead><tr>
		<th class="status-col">Status</th>
		<th class="timestamp-col">Timestamp</th>
		<th class="details-col">Details</th>
	</tr></thead>
	<tbody>
			<tr class="event-row">
				<td><i class="fa fa-check text-pass"></i></td>
				<td>3:19:35 AM</td>
				<td>
						passed
				</td>
			</tr>
	</tbody>
</table>
</div>
					</div>
				</li>
				<li class="test-item"  status="pass" test-id="3"
					author=""
					tag=""
					device="">
					<div class="status-avatar pass-bg">
						<i class="fa fa-check text-white"></i>
					</div>
					<div class="open-test">
						<div class="test-detail">
							<p class="name">className_LocatorTest</p>
							<p class="duration text-sm">0h 0m 4s+252ms</p>
							<span class="datetime">03:19:26 AM</span>
						</div>
					</div>
					<div class="test-contents d-none">
						<div class="detail-head">
							<div class="p-v-10 d-inline-block">
								<div class="info">
									<h5 class="test-status text-pass">className_LocatorTest</h5>
									<span class='badge badge-success'>08.21.2023 03:19:26</span>
									<span class='badge badge-danger'>08.21.2023 03:19:30</span>
									<span class='badge badge-default'>0h 0m 4s+252ms</span>
								</div>
								<div class="m-t-10 m-l-5">
									
								</div>
							</div>
						</div>
<div class="detail-body mt-4">                                              
<table class="table table-sm">
	<thead><tr>
		<th class="status-col">Status</th>
		<th class="timestamp-col">Timestamp</th>
		<th class="details-col">Details</th>
	</tr></thead>
	<tbody>
			<tr class="event-row">
				<td><i class="fa fa-check text-pass"></i></td>
				<td>3:19:30 AM</td>
				<td>
						passed
				</td>
			</tr>
	</tbody>
</table>
</div>
					</div>
				</li>
				<li class="test-item"  status="pass" test-id="4"
					author=""
					tag=""
					device="">
					<div class="status-avatar pass-bg">
						<i class="fa fa-check text-white"></i>
					</div>
					<div class="open-test">
						<div class="test-detail">
							<p class="name">parentToChildTestUsingChild</p>
							<p class="duration text-sm">0h 0m 0s+646ms</p>
							<span class="datetime">03:19:27 AM</span>
						</div>
					</div>
					<div class="test-contents d-none">
						<div class="detail-head">
							<div class="p-v-10 d-inline-block">
								<div class="info">
									<h5 class="test-status text-pass">parentToChildTestUsingChild</h5>
									<span class='badge badge-success'>08.21.2023 03:19:27</span>
									<span class='badge badge-danger'>08.21.2023 03:19:28</span>
									<span class='badge badge-default'>0h 0m 0s+646ms</span>
								</div>
								<div class="m-t-10 m-l-5">
									
								</div>
							</div>
						</div>
<div class="detail-body mt-4">                                              
<table class="table table-sm">
	<thead><tr>
		<th class="status-col">Status</th>
		<th class="timestamp-col">Timestamp</th>
		<th class="details-col">Details</th>
	</tr></thead>
	<tbody>
			<tr class="event-row">
				<td><i class="fa fa-check text-pass"></i></td>
				<td>3:19:28 AM</td>
				<td>
						passed
				</td>
			</tr>
	</tbody>
</table>
</div>
					</div>
				</li>
				<li class="test-item"  status="pass" test-id="5"
					author=""
					tag=""
					device="">
					<div class="status-avatar pass-bg">
						<i class="fa fa-check text-white"></i>
					</div>
					<div class="open-test">
						<div class="test-detail">
							<p class="name">parentToChildTestUsingForwardSlash</p>
							<p class="duration text-sm">0h 0m 1s+9ms</p>
							<span class="datetime">03:19:38 AM</span>
						</div>
					</div>
					<div class="test-contents d-none">
						<div class="detail-head">
							<div class="p-v-10 d-inline-block">
								<div class="info">
									<h5 class="test-status text-pass">parentToChildTestUsingForwardSlash</h5>
									<span class='badge badge-success'>08.21.2023 03:19:38</span>
									<span class='badge badge-danger'>08.21.2023 03:19:39</span>
									<span class='badge badge-default'>0h 0m 1s+9ms</span>
								</div>
								<div class="m-t-10 m-l-5">
									
								</div>
							</div>
						</div>
<div class="detail-body mt-4">                                              
<table class="table table-sm">
	<thead><tr>
		<th class="status-col">Status</th>
		<th class="timestamp-col">Timestamp</th>
		<th class="details-col">Details</th>
	</tr></thead>
	<tbody>
			<tr class="event-row">
				<td><i class="fa fa-check text-pass"></i></td>
				<td>3:19:39 AM</td>
				<td>
						passed
				</td>
			</tr>
	</tbody>
</table>
</div>
					</div>
				</li>
				<li class="test-item"  status="pass" test-id="6"
					author=""
					tag=""
					device="">
					<div class="status-avatar pass-bg">
						<i class="fa fa-check text-white"></i>
					</div>
					<div class="open-test">
						<div class="test-detail">
							<p class="name">testGeoLocation</p>
							<p class="duration text-sm">0h 0m 14s+99ms</p>
							<span class="datetime">03:19:39 AM</span>
						</div>
					</div>
					<div class="test-contents d-none">
						<div class="detail-head">
							<div class="p-v-10 d-inline-block">
								<div class="info">
									<h5 class="test-status text-pass">testGeoLocation</h5>
									<span class='badge badge-success'>08.21.2023 03:19:39</span>
									<span class='badge badge-danger'>08.21.2023 03:19:53</span>
									<span class='badge badge-default'>0h 0m 14s+99ms</span>
								</div>
								<div class="m-t-10 m-l-5">
									
								</div>
							</div>
						</div>
<div class="detail-body mt-4">                                              
<table class="table table-sm">
	<thead><tr>
		<th class="status-col">Status</th>
		<th class="timestamp-col">Timestamp</th>
		<th class="details-col">Details</th>
	</tr></thead>
	<tbody>
			<tr class="event-row">
				<td><i class="fa fa-check text-pass"></i></td>
				<td>3:19:53 AM</td>
				<td>
						passed
				</td>
			</tr>
	</tbody>
</table>
</div>
					</div>
				</li>
				<li class="test-item"  status="pass" test-id="7"
					author=""
					tag=""
					device="">
					<div class="status-avatar pass-bg">
						<i class="fa fa-check text-white"></i>
					</div>
					<div class="open-test">
						<div class="test-detail">
							<p class="name">cssSelector_LocatorTest</p>
							<p class="duration text-sm">0h 0m 0s+440ms</p>
							<span class="datetime">03:19:43 AM</span>
						</div>
					</div>
					<div class="test-contents d-none">
						<div class="detail-head">
							<div class="p-v-10 d-inline-block">
								<div class="info">
									<h5 class="test-status text-pass">cssSelector_LocatorTest</h5>
									<span class='badge badge-success'>08.21.2023 03:19:43</span>
									<span class='badge badge-danger'>08.21.2023 03:19:44</span>
									<span class='badge badge-default'>0h 0m 0s+440ms</span>
								</div>
								<div class="m-t-10 m-l-5">
									
								</div>
							</div>
						</div>
<div class="detail-body mt-4">                                              
<table class="table table-sm">
	<thead><tr>
		<th class="status-col">Status</th>
		<th class="timestamp-col">Timestamp</th>
		<th class="details-col">Details</th>
	</tr></thead>
	<tbody>
			<tr class="event-row">
				<td><i class="fa fa-check text-pass"></i></td>
				<td>3:19:44 AM</td>
				<td>
						passed
				</td>
			</tr>
	</tbody>
</table>
</div>
					</div>
				</li>
				<li class="test-item"  status="pass" test-id="8"
					author=""
					tag=""
					device="">
					<div class="status-avatar pass-bg">
						<i class="fa fa-check text-white"></i>
					</div>
					<div class="open-test">
						<div class="test-detail">
							<p class="name">securityCertificates</p>
							<p class="duration text-sm">0h 0m 1s+303ms</p>
							<span class="datetime">03:19:56 AM</span>
						</div>
					</div>
					<div class="test-contents d-none">
						<div class="detail-head">
							<div class="p-v-10 d-inline-block">
								<div class="info">
									<h5 class="test-status text-pass">securityCertificates</h5>
									<span class='badge badge-success'>08.21.2023 03:19:56</span>
									<span class='badge badge-danger'>08.21.2023 03:19:57</span>
									<span class='badge badge-default'>0h 0m 1s+303ms</span>
								</div>
								<div class="m-t-10 m-l-5">
									
								</div>
							</div>
						</div>
<div class="detail-body mt-4">                                              
<table class="table table-sm">
	<thead><tr>
		<th class="status-col">Status</th>
		<th class="timestamp-col">Timestamp</th>
		<th class="details-col">Details</th>
	</tr></thead>
	<tbody>
			<tr class="event-row">
				<td><i class="fa fa-check text-pass"></i></td>
				<td>3:19:57 AM</td>
				<td>
						passed
				</td>
			</tr>
	</tbody>
</table>
</div>
					</div>
				</li>
				<li class="test-item"  status="pass" test-id="9"
					author=""
					tag=""
					device="">
					<div class="status-avatar pass-bg">
						<i class="fa fa-check text-white"></i>
					</div>
					<div class="open-test">
						<div class="test-detail">
							<p class="name">testUsingContainsMethodWithxpath</p>
							<p class="duration text-sm">0h 0m 1s+933ms</p>
							<span class="datetime">03:19:57 AM</span>
						</div>
					</div>
					<div class="test-contents d-none">
						<div class="detail-head">
							<div class="p-v-10 d-inline-block">
								<div class="info">
									<h5 class="test-status text-pass">testUsingContainsMethodWithxpath</h5>
									<span class='badge badge-success'>08.21.2023 03:19:57</span>
									<span class='badge badge-danger'>08.21.2023 03:19:59</span>
									<span class='badge badge-default'>0h 0m 1s+933ms</span>
								</div>
								<div class="m-t-10 m-l-5">
									
								</div>
							</div>
						</div>
<div class="detail-body mt-4">                                              
<table class="table table-sm">
	<thead><tr>
		<th class="status-col">Status</th>
		<th class="timestamp-col">Timestamp</th>
		<th class="details-col">Details</th>
	</tr></thead>
	<tbody>
			<tr class="event-row">
				<td><i class="fa fa-check text-pass"></i></td>
				<td>3:19:59 AM</td>
				<td>
						passed
				</td>
			</tr>
	</tbody>
</table>
</div>
					</div>
				</li>
				<li class="test-item"  status="pass" test-id="10"
					author=""
					tag=""
					device="">
					<div class="status-avatar pass-bg">
						<i class="fa fa-check text-white"></i>
					</div>
					<div class="open-test">
						<div class="test-detail">
							<p class="name">id_LocatorTest</p>
							<p class="duration text-sm">0h 0m 0s+65ms</p>
							<span class="datetime">03:20:00 AM</span>
						</div>
					</div>
					<div class="test-contents d-none">
						<div class="detail-head">
							<div class="p-v-10 d-inline-block">
								<div class="info">
									<h5 class="test-status text-pass">id_LocatorTest</h5>
									<span class='badge badge-success'>08.21.2023 03:20:00</span>
									<span class='badge badge-danger'>08.21.2023 03:20:00</span>
									<span class='badge badge-default'>0h 0m 0s+65ms</span>
								</div>
								<div class="m-t-10 m-l-5">
									
								</div>
							</div>
						</div>
<div class="detail-body mt-4">                                              
<table class="table table-sm">
	<thead><tr>
		<th class="status-col">Status</th>
		<th class="timestamp-col">Timestamp</th>
		<th class="details-col">Details</th>
	</tr></thead>
	<tbody>
			<tr class="event-row">
				<td><i class="fa fa-check text-pass"></i></td>
				<td>3:20:00 AM</td>
				<td>
						passed
				</td>
			</tr>
	</tbody>
</table>
</div>
					</div>
				</li>
				<li class="test-item"  status="pass" test-id="11"
					author=""
					tag=""
					device="">
					<div class="status-avatar pass-bg">
						<i class="fa fa-check text-white"></i>
					</div>
					<div class="open-test">
						<div class="test-detail">
							<p class="name">testNetwork</p>
							<p class="duration text-sm">0h 0m 2s+760ms</p>
							<span class="datetime">03:20:01 AM</span>
						</div>
					</div>
					<div class="test-contents d-none">
						<div class="detail-head">
							<div class="p-v-10 d-inline-block">
								<div class="info">
									<h5 class="test-status text-pass">testNetwork</h5>
									<span class='badge badge-success'>08.21.2023 03:20:01</span>
									<span class='badge badge-danger'>08.21.2023 03:20:04</span>
									<span class='badge badge-default'>0h 0m 2s+760ms</span>
								</div>
								<div class="m-t-10 m-l-5">
									
								</div>
							</div>
						</div>
<div class="detail-body mt-4">                                              
<table class="table table-sm">
	<thead><tr>
		<th class="status-col">Status</th>
		<th class="timestamp-col">Timestamp</th>
		<th class="details-col">Details</th>
	</tr></thead>
	<tbody>
			<tr class="event-row">
				<td><i class="fa fa-check text-pass"></i></td>
				<td>3:20:04 AM</td>
				<td>
						passed
				</td>
			</tr>
	</tbody>
</table>
</div>
					</div>
				</li>
				<li class="test-item"  status="pass" test-id="12"
					author=""
					tag=""
					device="">
					<div class="status-avatar pass-bg">
						<i class="fa fa-check text-white"></i>
					</div>
					<div class="open-test">
						<div class="test-detail">
							<p class="name">printJsonData</p>
							<p class="duration text-sm">0h 0m 0s+746ms</p>
							<span class="datetime">03:20:09 AM</span>
						</div>
					</div>
					<div class="test-contents d-none">
						<div class="detail-head">
							<div class="p-v-10 d-inline-block">
								<div class="info">
									<h5 class="test-status text-pass">printJsonData</h5>
									<span class='badge badge-success'>08.21.2023 03:20:09</span>
									<span class='badge badge-danger'>08.21.2023 03:20:10</span>
									<span class='badge badge-default'>0h 0m 0s+746ms</span>
								</div>
								<div class="m-t-10 m-l-5">
									
								</div>
							</div>
						</div>
<div class="detail-body mt-4">                                              
<table class="table table-sm">
	<thead><tr>
		<th class="status-col">Status</th>
		<th class="timestamp-col">Timestamp</th>
		<th class="details-col">Details</th>
	</tr></thead>
	<tbody>
			<tr class="event-row">
				<td><i class="fa fa-check text-pass"></i></td>
				<td>3:20:10 AM</td>
				<td>
						passed
				</td>
			</tr>
	</tbody>
</table>
</div>
					</div>
				</li>
				<li class="test-item"  status="pass" test-id="13"
					author=""
					tag=""
					device="">
					<div class="status-avatar pass-bg">
						<i class="fa fa-check text-white"></i>
					</div>
					<div class="open-test">
						<div class="test-detail">
							<p class="name">propertiesFileTest</p>
							<p class="duration text-sm">0h 0m 0s+11ms</p>
							<span class="datetime">03:20:10 AM</span>
						</div>
					</div>
					<div class="test-contents d-none">
						<div class="detail-head">
							<div class="p-v-10 d-inline-block">
								<div class="info">
									<h5 class="test-status text-pass">propertiesFileTest</h5>
									<span class='badge badge-success'>08.21.2023 03:20:10</span>
									<span class='badge badge-danger'>08.21.2023 03:20:10</span>
									<span class='badge badge-default'>0h 0m 0s+11ms</span>
								</div>
								<div class="m-t-10 m-l-5">
									
								</div>
							</div>
						</div>
<div class="detail-body mt-4">                                              
<table class="table table-sm">
	<thead><tr>
		<th class="status-col">Status</th>
		<th class="timestamp-col">Timestamp</th>
		<th class="details-col">Details</th>
	</tr></thead>
	<tbody>
			<tr class="event-row">
				<td><i class="fa fa-check text-pass"></i></td>
				<td>3:20:10 AM</td>
				<td>
						passed
				</td>
			</tr>
	</tbody>
</table>
</div>
					</div>
				</li>
				<li class="test-item"  status="skip" test-id="14"
					author=""
					tag=""
					device="">
					<div class="status-avatar skip-bg">
						<i class="fa fa-long-arrow-right text-white"></i>
					</div>
					<div class="open-test">
						<div class="test-detail">
							<p class="name">readData</p>
							<p class="duration text-sm">0h 0m 0s+2ms</p>
							<span class="datetime">03:20:10 AM</span>
						</div>
					</div>
					<div class="test-contents d-none">
						<div class="detail-head">
							<div class="p-v-10 d-inline-block">
								<div class="info">
									<h5 class="test-status text-skip">readData</h5>
									<span class='badge badge-success'>08.21.2023 03:20:10</span>
									<span class='badge badge-danger'>08.21.2023 03:20:10</span>
									<span class='badge badge-default'>0h 0m 0s+2ms</span>
								</div>
								<div class="m-t-10 m-l-5">
									
								</div>
							</div>
						</div>
<div class="detail-body mt-4">                                              
<table class="table table-sm">
	<thead><tr>
		<th class="status-col">Status</th>
		<th class="timestamp-col">Timestamp</th>
		<th class="details-col">Details</th>
	</tr></thead>
	<tbody>
			<tr class="event-row">
				<td><i class="fa fa-long-arrow-right text-skip"></i></td>
				<td>3:20:10 AM</td>
				<td>
						<textarea disabled class="code-block">java.io.FileNotFoundException: C:\Users\naimn\DEV\IDE\eclipse\seleniumWebDriverPractice\src\main\java\webDriverPractice\initialization\Book1.xlsx (The system cannot find the path specified)
	at java.base/java.io.FileInputStream.open0(Native Method)
	at java.base/java.io.FileInputStream.open(FileInputStream.java:216)
	at java.base/java.io.FileInputStream.<init>(FileInputStream.java:157)
	at java.base/java.io.FileInputStream.<init>(FileInputStream.java:111)
	at webDriverPractice.test.R0017ReadExcelData.setup(R0017ReadExcelData.java:20)
	at java.base/jdk.internal.reflect.NativeMethodAccessorImpl.invoke0(Native Method)
	at java.base/jdk.internal.reflect.NativeMethodAccessorImpl.invoke(NativeMethodAccessorImpl.java:77)
	at java.base/jdk.internal.reflect.DelegatingMethodAccessorImpl.invoke(DelegatingMethodAccessorImpl.java:43)
	at java.base/java.lang.reflect.Method.invoke(Method.java:568)
	at org.testng.internal.invokers.MethodInvocationHelper.invokeMethod(MethodInvocationHelper.java:139)
	at org.testng.internal.invokers.MethodInvocationHelper.invokeMethodConsideringTimeout(MethodInvocationHelper.java:69)
	at org.testng.internal.invokers.ConfigInvoker.invokeConfigurationMethod(ConfigInvoker.java:390)
	at org.testng.internal.invokers.ConfigInvoker.invokeConfigurations(ConfigInvoker.java:325)
	at org.testng.internal.invokers.TestInvoker.runConfigMethods(TestInvoker.java:810)
	at org.testng.internal.invokers.TestInvoker.invokeMethod(TestInvoker.java:577)
	at org.testng.internal.invokers.TestInvoker.invokeTestMethod(TestInvoker.java:227)
	at org.testng.internal.invokers.MethodRunner.runInSequence(MethodRunner.java:50)
	at org.testng.internal.invokers.TestInvoker$MethodInvocationAgent.invoke(TestInvoker.java:957)
	at org.testng.internal.invokers.TestInvoker.invokeTestMethods(TestInvoker.java:200)
	at org.testng.internal.invokers.TestMethodWorker.invokeTestMethods(TestMethodWorker.java:148)
	at org.testng.internal.invokers.TestMethodWorker.run(TestMethodWorker.java:128)
	at java.base/java.util.concurrent.ThreadPoolExecutor.runWorker(ThreadPoolExecutor.java:1136)
	at java.base/java.util.concurrent.ThreadPoolExecutor$Worker.run(ThreadPoolExecutor.java:635)
	at java.base/java.lang.Thread.run(Thread.java:833)
</textarea>
				</td>
			</tr>
	</tbody>
</table>
</div>
					</div>
				</li>
				<li class="test-item"  status="pass" test-id="15"
					author=""
					tag=""
					device="">
					<div class="status-avatar pass-bg">
						<i class="fa fa-check text-white"></i>
					</div>
					<div class="open-test">
						<div class="test-detail">
							<p class="name">testThreadSafeDriver</p>
							<p class="duration text-sm">0h 0m 27s+783ms</p>
							<span class="datetime">03:20:15 AM</span>
						</div>
					</div>
					<div class="test-contents d-none">
						<div class="detail-head">
							<div class="p-v-10 d-inline-block">
								<div class="info">
									<h5 class="test-status text-pass">testThreadSafeDriver</h5>
									<span class='badge badge-success'>08.21.2023 03:20:15</span>
									<span class='badge badge-danger'>08.21.2023 03:20:42</span>
									<span class='badge badge-default'>0h 0m 27s+783ms</span>
								</div>
								<div class="m-t-10 m-l-5">
									
								</div>
							</div>
						</div>
<div class="detail-body mt-4">                                              
<table class="table table-sm">
	<thead><tr>
		<th class="status-col">Status</th>
		<th class="timestamp-col">Timestamp</th>
		<th class="details-col">Details</th>
	</tr></thead>
	<tbody>
			<tr class="event-row">
				<td><i class="fa fa-check text-pass"></i></td>
				<td>3:20:42 AM</td>
				<td>
						passed
				</td>
			</tr>
	</tbody>
</table>
</div>
					</div>
				</li>
				<li class="test-item"  status="skip" test-id="16"
					author=""
					tag=""
					device="">
					<div class="status-avatar skip-bg">
						<i class="fa fa-long-arrow-right text-white"></i>
					</div>
					<div class="open-test">
						<div class="test-detail">
							<p class="name">selenium4testTakeScreenShot</p>
							<p class="duration text-sm">0h 0m 0s+1ms</p>
							<span class="datetime">03:20:15 AM</span>
						</div>
					</div>
					<div class="test-contents d-none">
						<div class="detail-head">
							<div class="p-v-10 d-inline-block">
								<div class="info">
									<h5 class="test-status text-skip">selenium4testTakeScreenShot</h5>
									<span class='badge badge-success'>08.21.2023 03:20:15</span>
									<span class='badge badge-danger'>08.21.2023 03:20:15</span>
									<span class='badge badge-default'>0h 0m 0s+1ms</span>
								</div>
								<div class="m-t-10 m-l-5">
									
								</div>
							</div>
						</div>
<div class="detail-body mt-4">                                              
<table class="table table-sm">
	<thead><tr>
		<th class="status-col">Status</th>
		<th class="timestamp-col">Timestamp</th>
		<th class="details-col">Details</th>
	</tr></thead>
	<tbody>
			<tr class="event-row">
				<td><i class="fa fa-long-arrow-right text-skip"></i></td>
				<td>3:20:15 AM</td>
				<td>
						<textarea disabled class="code-block">java.lang.IllegalArgumentException: http://:-1/json/version could not be parsed into a proper Uri, missing host
	at org.asynchttpclient.uri.Uri.create(Uri.java:73)
	at org.asynchttpclient.uri.Uri.create(Uri.java:62)
	at org.asynchttpclient.RequestBuilderBase.setUrl(RequestBuilderBase.java:147)
	at org.asynchttpclient.Dsl.request(Dsl.java:73)
	at org.openqa.selenium.remote.http.netty.NettyMessages.toNettyRequest(NettyMessages.java:57)
	at org.openqa.selenium.remote.http.netty.NettyHttpHandler.makeCall(NettyHttpHandler.java:55)
	at org.openqa.selenium.remote.http.AddSeleniumUserAgent.lambda$apply$0(AddSeleniumUserAgent.java:42)
	at org.openqa.selenium.remote.http.Filter.lambda$andFinally$1(Filter.java:55)
	at org.openqa.selenium.remote.http.netty.NettyHttpHandler.execute(NettyHttpHandler.java:48)
	at org.openqa.selenium.remote.http.netty.NettyClient.execute(NettyClient.java:96)
	at org.openqa.selenium.devtools.CdpEndpointFinder.getCdpEndPoint(CdpEndpointFinder.java:58)
	at org.openqa.selenium.chromium.ChromiumDriver.lambda$new$3(ChromiumDriver.java:144)
	at java.base/java.util.Optional.flatMap(Optional.java:289)
	at org.openqa.selenium.chromium.ChromiumDriver.<init>(ChromiumDriver.java:144)
	at org.openqa.selenium.chrome.ChromeDriver.<init>(ChromeDriver.java:88)
	at org.openqa.selenium.chrome.ChromeDriver.<init>(ChromeDriver.java:83)
	at org.openqa.selenium.chrome.ChromeDriver.<init>(ChromeDriver.java:72)
	at webDriverPractice.utilities.InitialComponents.launchBrowser(InitialComponents.java:58)
	at webDriverPractice.test.R0008TakeScreenShots.setupInitialComponents(R0008TakeScreenShots.java:25)
	at java.base/jdk.internal.reflect.NativeMethodAccessorImpl.invoke0(Native Method)
	at java.base/jdk.internal.reflect.NativeMethodAccessorImpl.invoke(NativeMethodAccessorImpl.java:77)
	at java.base/jdk.internal.reflect.DelegatingMethodAccessorImpl.invoke(DelegatingMethodAccessorImpl.java:43)
	at java.base/java.lang.reflect.Method.invoke(Method.java:568)
	at org.testng.internal.invokers.MethodInvocationHelper.invokeMethod(MethodInvocationHelper.java:139)
	at org.testng.internal.invokers.MethodInvocationHelper.invokeMethodConsideringTimeout(MethodInvocationHelper.java:69)
	at org.testng.internal.invokers.ConfigInvoker.invokeConfigurationMethod(ConfigInvoker.java:390)
	at org.testng.internal.invokers.ConfigInvoker.invokeConfigurations(ConfigInvoker.java:325)
	at org.testng.internal.invokers.TestInvoker.runConfigMethods(TestInvoker.java:810)
	at org.testng.internal.invokers.TestInvoker.invokeMethod(TestInvoker.java:577)
	at org.testng.internal.invokers.TestInvoker.invokeTestMethod(TestInvoker.java:227)
	at org.testng.internal.invokers.MethodRunner.runInSequence(MethodRunner.java:50)
	at org.testng.internal.invokers.TestInvoker$MethodInvocationAgent.invoke(TestInvoker.java:957)
	at org.testng.internal.invokers.TestInvoker.invokeTestMethods(TestInvoker.java:200)
	at org.testng.internal.invokers.TestMethodWorker.invokeTestMethods(TestMethodWorker.java:148)
	at org.testng.internal.invokers.TestMethodWorker.run(TestMethodWorker.java:128)
	at java.base/java.util.concurrent.ThreadPoolExecutor.runWorker(ThreadPoolExecutor.java:1136)
	at java.base/java.util.concurrent.ThreadPoolExecutor$Worker.run(ThreadPoolExecutor.java:635)
	at java.base/java.lang.Thread.run(Thread.java:833)
</textarea>
				</td>
			</tr>
	</tbody>
</table>
</div>
					</div>
				</li>
				<li class="test-item"  status="skip" test-id="17"
					author=""
					tag=""
					device="">
					<div class="status-avatar skip-bg">
						<i class="fa fa-long-arrow-right text-white"></i>
					</div>
					<div class="open-test">
						<div class="test-detail">
							<p class="name">testTakeScreenShot</p>
							<p class="duration text-sm">0h 0m 0s+1ms</p>
							<span class="datetime">03:20:15 AM</span>
						</div>
					</div>
					<div class="test-contents d-none">
						<div class="detail-head">
							<div class="p-v-10 d-inline-block">
								<div class="info">
									<h5 class="test-status text-skip">testTakeScreenShot</h5>
									<span class='badge badge-success'>08.21.2023 03:20:15</span>
									<span class='badge badge-danger'>08.21.2023 03:20:15</span>
									<span class='badge badge-default'>0h 0m 0s+1ms</span>
								</div>
								<div class="m-t-10 m-l-5">
									
								</div>
							</div>
						</div>
<div class="detail-body mt-4">                                              
<table class="table table-sm">
	<thead><tr>
		<th class="status-col">Status</th>
		<th class="timestamp-col">Timestamp</th>
		<th class="details-col">Details</th>
	</tr></thead>
	<tbody>
			<tr class="event-row">
				<td><i class="fa fa-long-arrow-right text-skip"></i></td>
				<td>3:20:15 AM</td>
				<td>
						<textarea disabled class="code-block">java.lang.IllegalArgumentException: http://:-1/json/version could not be parsed into a proper Uri, missing host
	at org.asynchttpclient.uri.Uri.create(Uri.java:73)
	at org.asynchttpclient.uri.Uri.create(Uri.java:62)
	at org.asynchttpclient.RequestBuilderBase.setUrl(RequestBuilderBase.java:147)
	at org.asynchttpclient.Dsl.request(Dsl.java:73)
	at org.openqa.selenium.remote.http.netty.NettyMessages.toNettyRequest(NettyMessages.java:57)
	at org.openqa.selenium.remote.http.netty.NettyHttpHandler.makeCall(NettyHttpHandler.java:55)
	at org.openqa.selenium.remote.http.AddSeleniumUserAgent.lambda$apply$0(AddSeleniumUserAgent.java:42)
	at org.openqa.selenium.remote.http.Filter.lambda$andFinally$1(Filter.java:55)
	at org.openqa.selenium.remote.http.netty.NettyHttpHandler.execute(NettyHttpHandler.java:48)
	at org.openqa.selenium.remote.http.netty.NettyClient.execute(NettyClient.java:96)
	at org.openqa.selenium.devtools.CdpEndpointFinder.getCdpEndPoint(CdpEndpointFinder.java:58)
	at org.openqa.selenium.chromium.ChromiumDriver.lambda$new$3(ChromiumDriver.java:144)
	at java.base/java.util.Optional.flatMap(Optional.java:289)
	at org.openqa.selenium.chromium.ChromiumDriver.<init>(ChromiumDriver.java:144)
	at org.openqa.selenium.chrome.ChromeDriver.<init>(ChromeDriver.java:88)
	at org.openqa.selenium.chrome.ChromeDriver.<init>(ChromeDriver.java:83)
	at org.openqa.selenium.chrome.ChromeDriver.<init>(ChromeDriver.java:72)
	at webDriverPractice.utilities.InitialComponents.launchBrowser(InitialComponents.java:58)
	at webDriverPractice.test.R0008TakeScreenShots.setupInitialComponents(R0008TakeScreenShots.java:25)
	at java.base/jdk.internal.reflect.NativeMethodAccessorImpl.invoke0(Native Method)
	at java.base/jdk.internal.reflect.NativeMethodAccessorImpl.invoke(NativeMethodAccessorImpl.java:77)
	at java.base/jdk.internal.reflect.DelegatingMethodAccessorImpl.invoke(DelegatingMethodAccessorImpl.java:43)
	at java.base/java.lang.reflect.Method.invoke(Method.java:568)
	at org.testng.internal.invokers.MethodInvocationHelper.invokeMethod(MethodInvocationHelper.java:139)
	at org.testng.internal.invokers.MethodInvocationHelper.invokeMethodConsideringTimeout(MethodInvocationHelper.java:69)
	at org.testng.internal.invokers.ConfigInvoker.invokeConfigurationMethod(ConfigInvoker.java:390)
	at org.testng.internal.invokers.ConfigInvoker.invokeConfigurations(ConfigInvoker.java:325)
	at org.testng.internal.invokers.TestInvoker.runConfigMethods(TestInvoker.java:810)
	at org.testng.internal.invokers.TestInvoker.invokeMethod(TestInvoker.java:577)
	at org.testng.internal.invokers.TestInvoker.invokeTestMethod(TestInvoker.java:227)
	at org.testng.internal.invokers.MethodRunner.runInSequence(MethodRunner.java:50)
	at org.testng.internal.invokers.TestInvoker$MethodInvocationAgent.invoke(TestInvoker.java:957)
	at org.testng.internal.invokers.TestInvoker.invokeTestMethods(TestInvoker.java:200)
	at org.testng.internal.invokers.TestMethodWorker.invokeTestMethods(TestMethodWorker.java:148)
	at org.testng.internal.invokers.TestMethodWorker.run(TestMethodWorker.java:128)
	at java.base/java.util.concurrent.ThreadPoolExecutor.runWorker(ThreadPoolExecutor.java:1136)
	at java.base/java.util.concurrent.ThreadPoolExecutor$Worker.run(ThreadPoolExecutor.java:635)
	at java.base/java.lang.Thread.run(Thread.java:833)
</textarea>
				</td>
			</tr>
	</tbody>
</table>
</div>
					</div>
				</li>
				<li class="test-item"  status="pass" test-id="18"
					author=""
					tag=""
					device="">
					<div class="status-avatar pass-bg">
						<i class="fa fa-check text-white"></i>
					</div>
					<div class="open-test">
						<div class="test-detail">
							<p class="name">testBrokenListUsingHttpsURLConnection</p>
							<p class="duration text-sm">0h 1m 18s+667ms</p>
							<span class="datetime">03:20:15 AM</span>
						</div>
					</div>
					<div class="test-contents d-none">
						<div class="detail-head">
							<div class="p-v-10 d-inline-block">
								<div class="info">
									<h5 class="test-status text-pass">testBrokenListUsingHttpsURLConnection</h5>
									<span class='badge badge-success'>08.21.2023 03:20:15</span>
									<span class='badge badge-danger'>08.21.2023 03:21:33</span>
									<span class='badge badge-default'>0h 1m 18s+667ms</span>
								</div>
								<div class="m-t-10 m-l-5">
									
								</div>
							</div>
						</div>
<div class="detail-body mt-4">                                              
<table class="table table-sm">
	<thead><tr>
		<th class="status-col">Status</th>
		<th class="timestamp-col">Timestamp</th>
		<th class="details-col">Details</th>
	</tr></thead>
	<tbody>
			<tr class="event-row">
				<td><i class="fa fa-check text-pass"></i></td>
				<td>3:21:33 AM</td>
				<td>
						passed
				</td>
			</tr>
	</tbody>
</table>
</div>
					</div>
				</li>
				<li class="test-item"  status="skip" test-id="19"
					author=""
					tag=""
					device="">
					<div class="status-avatar skip-bg">
						<i class="fa fa-long-arrow-right text-white"></i>
					</div>
					<div class="open-test">
						<div class="test-detail">
							<p class="name">alertClassTest</p>
							<p class="duration text-sm">0h 0m 0s+0ms</p>
							<span class="datetime">03:20:15 AM</span>
						</div>
					</div>
					<div class="test-contents d-none">
						<div class="detail-head">
							<div class="p-v-10 d-inline-block">
								<div class="info">
									<h5 class="test-status text-skip">alertClassTest</h5>
									<span class='badge badge-success'>08.21.2023 03:20:15</span>
									<span class='badge badge-danger'>08.21.2023 03:20:15</span>
									<span class='badge badge-default'>0h 0m 0s+0ms</span>
								</div>
								<div class="m-t-10 m-l-5">
									
								</div>
							</div>
						</div>
<div class="detail-body mt-4">                                              
<table class="table table-sm">
	<thead><tr>
		<th class="status-col">Status</th>
		<th class="timestamp-col">Timestamp</th>
		<th class="details-col">Details</th>
	</tr></thead>
	<tbody>
			<tr class="event-row">
				<td><i class="fa fa-long-arrow-right text-skip"></i></td>
				<td>3:20:15 AM</td>
				<td>
						<textarea disabled class="code-block">java.lang.IllegalArgumentException: http://:-1/json/version could not be parsed into a proper Uri, missing host
	at org.asynchttpclient.uri.Uri.create(Uri.java:73)
	at org.asynchttpclient.uri.Uri.create(Uri.java:62)
	at org.asynchttpclient.RequestBuilderBase.setUrl(RequestBuilderBase.java:147)
	at org.asynchttpclient.Dsl.request(Dsl.java:73)
	at org.openqa.selenium.remote.http.netty.NettyMessages.toNettyRequest(NettyMessages.java:57)
	at org.openqa.selenium.remote.http.netty.NettyHttpHandler.makeCall(NettyHttpHandler.java:55)
	at org.openqa.selenium.remote.http.AddSeleniumUserAgent.lambda$apply$0(AddSeleniumUserAgent.java:42)
	at org.openqa.selenium.remote.http.Filter.lambda$andFinally$1(Filter.java:55)
	at org.openqa.selenium.remote.http.netty.NettyHttpHandler.execute(NettyHttpHandler.java:48)
	at org.openqa.selenium.remote.http.netty.NettyClient.execute(NettyClient.java:96)
	at org.openqa.selenium.devtools.CdpEndpointFinder.getCdpEndPoint(CdpEndpointFinder.java:58)
	at org.openqa.selenium.chromium.ChromiumDriver.lambda$new$3(ChromiumDriver.java:144)
	at java.base/java.util.Optional.flatMap(Optional.java:289)
	at org.openqa.selenium.chromium.ChromiumDriver.<init>(ChromiumDriver.java:144)
	at org.openqa.selenium.chrome.ChromeDriver.<init>(ChromeDriver.java:88)
	at org.openqa.selenium.chrome.ChromeDriver.<init>(ChromeDriver.java:83)
	at org.openqa.selenium.chrome.ChromeDriver.<init>(ChromeDriver.java:72)
	at webDriverPractice.utilities.InitialComponents.launchBrowser(InitialComponents.java:58)
	at webDriverPractice.test.R0006AlertClass.setupInitialComponents(R0006AlertClass.java:16)
	at java.base/jdk.internal.reflect.NativeMethodAccessorImpl.invoke0(Native Method)
	at java.base/jdk.internal.reflect.NativeMethodAccessorImpl.invoke(NativeMethodAccessorImpl.java:77)
	at java.base/jdk.internal.reflect.DelegatingMethodAccessorImpl.invoke(DelegatingMethodAccessorImpl.java:43)
	at java.base/java.lang.reflect.Method.invoke(Method.java:568)
	at org.testng.internal.invokers.MethodInvocationHelper.invokeMethod(MethodInvocationHelper.java:139)
	at org.testng.internal.invokers.MethodInvocationHelper.invokeMethodConsideringTimeout(MethodInvocationHelper.java:69)
	at org.testng.internal.invokers.ConfigInvoker.invokeConfigurationMethod(ConfigInvoker.java:390)
	at org.testng.internal.invokers.ConfigInvoker.invokeConfigurations(ConfigInvoker.java:325)
	at org.testng.internal.invokers.TestInvoker.runConfigMethods(TestInvoker.java:810)
	at org.testng.internal.invokers.TestInvoker.invokeMethod(TestInvoker.java:577)
	at org.testng.internal.invokers.TestInvoker.invokeTestMethod(TestInvoker.java:227)
	at org.testng.internal.invokers.MethodRunner.runInSequence(MethodRunner.java:50)
	at org.testng.internal.invokers.TestInvoker$MethodInvocationAgent.invoke(TestInvoker.java:957)
	at org.testng.internal.invokers.TestInvoker.invokeTestMethods(TestInvoker.java:200)
	at org.testng.internal.invokers.TestMethodWorker.invokeTestMethods(TestMethodWorker.java:148)
	at org.testng.internal.invokers.TestMethodWorker.run(TestMethodWorker.java:128)
	at java.base/java.util.concurrent.ThreadPoolExecutor.runWorker(ThreadPoolExecutor.java:1136)
	at java.base/java.util.concurrent.ThreadPoolExecutor$Worker.run(ThreadPoolExecutor.java:635)
	at java.base/java.lang.Thread.run(Thread.java:833)
</textarea>
				</td>
			</tr>
	</tbody>
</table>
</div>
					</div>
				</li>
				<li class="test-item"  status="pass" test-id="20"
					author=""
					tag=""
					device="">
					<div class="status-avatar pass-bg">
						<i class="fa fa-check text-white"></i>
					</div>
					<div class="open-test">
						<div class="test-detail">
							<p class="name">testUsingFollowingsibkingByXpath</p>
							<p class="duration text-sm">0h 0m 0s+438ms</p>
							<span class="datetime">03:20:16 AM</span>
						</div>
					</div>
					<div class="test-contents d-none">
						<div class="detail-head">
							<div class="p-v-10 d-inline-block">
								<div class="info">
									<h5 class="test-status text-pass">testUsingFollowingsibkingByXpath</h5>
									<span class='badge badge-success'>08.21.2023 03:20:16</span>
									<span class='badge badge-danger'>08.21.2023 03:20:17</span>
									<span class='badge badge-default'>0h 0m 0s+438ms</span>
								</div>
								<div class="m-t-10 m-l-5">
									
								</div>
							</div>
						</div>
<div class="detail-body mt-4">                                              
<table class="table table-sm">
	<thead><tr>
		<th class="status-col">Status</th>
		<th class="timestamp-col">Timestamp</th>
		<th class="details-col">Details</th>
	</tr></thead>
	<tbody>
			<tr class="event-row">
				<td><i class="fa fa-check text-pass"></i></td>
				<td>3:20:17 AM</td>
				<td>
						passed
				</td>
			</tr>
	</tbody>
</table>
</div>
					</div>
				</li>
				<li class="test-item"  status="pass" test-id="21"
					author=""
					tag=""
					device="">
					<div class="status-avatar pass-bg">
						<i class="fa fa-check text-white"></i>
					</div>
					<div class="open-test">
						<div class="test-detail">
							<p class="name">linkText_LocatorTest</p>
							<p class="duration text-sm">0h 0m 3s+261ms</p>
							<span class="datetime">03:20:20 AM</span>
						</div>
					</div>
					<div class="test-contents d-none">
						<div class="detail-head">
							<div class="p-v-10 d-inline-block">
								<div class="info">
									<h5 class="test-status text-pass">linkText_LocatorTest</h5>
									<span class='badge badge-success'>08.21.2023 03:20:20</span>
									<span class='badge badge-danger'>08.21.2023 03:20:23</span>
									<span class='badge badge-default'>0h 0m 3s+261ms</span>
								</div>
								<div class="m-t-10 m-l-5">
									
								</div>
							</div>
						</div>
<div class="detail-body mt-4">                                              
<table class="table table-sm">
	<thead><tr>
		<th class="status-col">Status</th>
		<th class="timestamp-col">Timestamp</th>
		<th class="details-col">Details</th>
	</tr></thead>
	<tbody>
			<tr class="event-row">
				<td><i class="fa fa-check text-pass"></i></td>
				<td>3:20:23 AM</td>
				<td>
						passed
				</td>
			</tr>
	</tbody>
</table>
</div>
					</div>
				</li>
				<li class="test-item"  status="skip" test-id="22"
					author=""
					tag=""
					device="">
					<div class="status-avatar skip-bg">
						<i class="fa fa-long-arrow-right text-white"></i>
					</div>
					<div class="open-test">
						<div class="test-detail">
							<p class="name">testCheckBox</p>
							<p class="duration text-sm">0h 0m 0s+2ms</p>
							<span class="datetime">03:20:22 AM</span>
						</div>
					</div>
					<div class="test-contents d-none">
						<div class="detail-head">
							<div class="p-v-10 d-inline-block">
								<div class="info">
									<h5 class="test-status text-skip">testCheckBox</h5>
									<span class='badge badge-success'>08.21.2023 03:20:22</span>
									<span class='badge badge-danger'>08.21.2023 03:20:22</span>
									<span class='badge badge-default'>0h 0m 0s+2ms</span>
								</div>
								<div class="m-t-10 m-l-5">
									
								</div>
							</div>
						</div>
<div class="detail-body mt-4">                                              
<table class="table table-sm">
	<thead><tr>
		<th class="status-col">Status</th>
		<th class="timestamp-col">Timestamp</th>
		<th class="details-col">Details</th>
	</tr></thead>
	<tbody>
			<tr class="event-row">
				<td><i class="fa fa-long-arrow-right text-skip"></i></td>
				<td>3:20:22 AM</td>
				<td>
						<textarea disabled class="code-block">java.lang.IllegalArgumentException: http://:-1/json/version could not be parsed into a proper Uri, missing host
	at org.asynchttpclient.uri.Uri.create(Uri.java:73)
	at org.asynchttpclient.uri.Uri.create(Uri.java:62)
	at org.asynchttpclient.RequestBuilderBase.setUrl(RequestBuilderBase.java:147)
	at org.asynchttpclient.Dsl.request(Dsl.java:73)
	at org.openqa.selenium.remote.http.netty.NettyMessages.toNettyRequest(NettyMessages.java:57)
	at org.openqa.selenium.remote.http.netty.NettyHttpHandler.makeCall(NettyHttpHandler.java:55)
	at org.openqa.selenium.remote.http.AddSeleniumUserAgent.lambda$apply$0(AddSeleniumUserAgent.java:42)
	at org.openqa.selenium.remote.http.Filter.lambda$andFinally$1(Filter.java:55)
	at org.openqa.selenium.remote.http.netty.NettyHttpHandler.execute(NettyHttpHandler.java:48)
	at org.openqa.selenium.remote.http.netty.NettyClient.execute(NettyClient.java:96)
	at org.openqa.selenium.devtools.CdpEndpointFinder.getCdpEndPoint(CdpEndpointFinder.java:58)
	at org.openqa.selenium.chromium.ChromiumDriver.lambda$new$3(ChromiumDriver.java:144)
	at java.base/java.util.Optional.flatMap(Optional.java:289)
	at org.openqa.selenium.chromium.ChromiumDriver.<init>(ChromiumDriver.java:144)
	at org.openqa.selenium.chrome.ChromeDriver.<init>(ChromeDriver.java:88)
	at org.openqa.selenium.chrome.ChromeDriver.<init>(ChromeDriver.java:83)
	at org.openqa.selenium.chrome.ChromeDriver.<init>(ChromeDriver.java:72)
	at webDriverPractice.utilities.InitialComponents.launchBrowser(InitialComponents.java:58)
	at webDriverPractice.test.R0018checkBoxHandling.setupInitialComponents(R0018checkBoxHandling.java:18)
	at java.base/jdk.internal.reflect.NativeMethodAccessorImpl.invoke0(Native Method)
	at java.base/jdk.internal.reflect.NativeMethodAccessorImpl.invoke(NativeMethodAccessorImpl.java:77)
	at java.base/jdk.internal.reflect.DelegatingMethodAccessorImpl.invoke(DelegatingMethodAccessorImpl.java:43)
	at java.base/java.lang.reflect.Method.invoke(Method.java:568)
	at org.testng.internal.invokers.MethodInvocationHelper.invokeMethod(MethodInvocationHelper.java:139)
	at org.testng.internal.invokers.MethodInvocationHelper.invokeMethodConsideringTimeout(MethodInvocationHelper.java:69)
	at org.testng.internal.invokers.ConfigInvoker.invokeConfigurationMethod(ConfigInvoker.java:390)
	at org.testng.internal.invokers.ConfigInvoker.invokeConfigurations(ConfigInvoker.java:325)
	at org.testng.internal.invokers.TestInvoker.runConfigMethods(TestInvoker.java:810)
	at org.testng.internal.invokers.TestInvoker.invokeMethod(TestInvoker.java:577)
	at org.testng.internal.invokers.TestInvoker.invokeTestMethod(TestInvoker.java:227)
	at org.testng.internal.invokers.MethodRunner.runInSequence(MethodRunner.java:50)
	at org.testng.internal.invokers.TestInvoker$MethodInvocationAgent.invoke(TestInvoker.java:957)
	at org.testng.internal.invokers.TestInvoker.invokeTestMethods(TestInvoker.java:200)
	at org.testng.internal.invokers.TestMethodWorker.invokeTestMethods(TestMethodWorker.java:148)
	at org.testng.internal.invokers.TestMethodWorker.run(TestMethodWorker.java:128)
	at java.base/java.util.concurrent.ThreadPoolExecutor.runWorker(ThreadPoolExecutor.java:1136)
	at java.base/java.util.concurrent.ThreadPoolExecutor$Worker.run(ThreadPoolExecutor.java:635)
	at java.base/java.lang.Thread.run(Thread.java:833)
</textarea>
				</td>
			</tr>
	</tbody>
</table>
</div>
					</div>
				</li>
				<li class="test-item"  status="skip" test-id="23"
					author=""
					tag=""
					device="">
					<div class="status-avatar skip-bg">
						<i class="fa fa-long-arrow-right text-white"></i>
					</div>
					<div class="open-test">
						<div class="test-detail">
							<p class="name">testRadioButton</p>
							<p class="duration text-sm">0h 0m 0s+2ms</p>
							<span class="datetime">03:20:22 AM</span>
						</div>
					</div>
					<div class="test-contents d-none">
						<div class="detail-head">
							<div class="p-v-10 d-inline-block">
								<div class="info">
									<h5 class="test-status text-skip">testRadioButton</h5>
									<span class='badge badge-success'>08.21.2023 03:20:22</span>
									<span class='badge badge-danger'>08.21.2023 03:20:22</span>
									<span class='badge badge-default'>0h 0m 0s+2ms</span>
								</div>
								<div class="m-t-10 m-l-5">
									
								</div>
							</div>
						</div>
<div class="detail-body mt-4">                                              
<table class="table table-sm">
	<thead><tr>
		<th class="status-col">Status</th>
		<th class="timestamp-col">Timestamp</th>
		<th class="details-col">Details</th>
	</tr></thead>
	<tbody>
			<tr class="event-row">
				<td><i class="fa fa-long-arrow-right text-skip"></i></td>
				<td>3:20:22 AM</td>
				<td>
						<textarea disabled class="code-block">java.lang.IllegalArgumentException: http://:-1/json/version could not be parsed into a proper Uri, missing host
	at org.asynchttpclient.uri.Uri.create(Uri.java:73)
	at org.asynchttpclient.uri.Uri.create(Uri.java:62)
	at org.asynchttpclient.RequestBuilderBase.setUrl(RequestBuilderBase.java:147)
	at org.asynchttpclient.Dsl.request(Dsl.java:73)
	at org.openqa.selenium.remote.http.netty.NettyMessages.toNettyRequest(NettyMessages.java:57)
	at org.openqa.selenium.remote.http.netty.NettyHttpHandler.makeCall(NettyHttpHandler.java:55)
	at org.openqa.selenium.remote.http.AddSeleniumUserAgent.lambda$apply$0(AddSeleniumUserAgent.java:42)
	at org.openqa.selenium.remote.http.Filter.lambda$andFinally$1(Filter.java:55)
	at org.openqa.selenium.remote.http.netty.NettyHttpHandler.execute(NettyHttpHandler.java:48)
	at org.openqa.selenium.remote.http.netty.NettyClient.execute(NettyClient.java:96)
	at org.openqa.selenium.devtools.CdpEndpointFinder.getCdpEndPoint(CdpEndpointFinder.java:58)
	at org.openqa.selenium.chromium.ChromiumDriver.lambda$new$3(ChromiumDriver.java:144)
	at java.base/java.util.Optional.flatMap(Optional.java:289)
	at org.openqa.selenium.chromium.ChromiumDriver.<init>(ChromiumDriver.java:144)
	at org.openqa.selenium.chrome.ChromeDriver.<init>(ChromeDriver.java:88)
	at org.openqa.selenium.chrome.ChromeDriver.<init>(ChromeDriver.java:83)
	at org.openqa.selenium.chrome.ChromeDriver.<init>(ChromeDriver.java:72)
	at webDriverPractice.utilities.InitialComponents.launchBrowser(InitialComponents.java:58)
	at webDriverPractice.test.R0018checkBoxHandling.setupInitialComponents(R0018checkBoxHandling.java:18)
	at java.base/jdk.internal.reflect.NativeMethodAccessorImpl.invoke0(Native Method)
	at java.base/jdk.internal.reflect.NativeMethodAccessorImpl.invoke(NativeMethodAccessorImpl.java:77)
	at java.base/jdk.internal.reflect.DelegatingMethodAccessorImpl.invoke(DelegatingMethodAccessorImpl.java:43)
	at java.base/java.lang.reflect.Method.invoke(Method.java:568)
	at org.testng.internal.invokers.MethodInvocationHelper.invokeMethod(MethodInvocationHelper.java:139)
	at org.testng.internal.invokers.MethodInvocationHelper.invokeMethodConsideringTimeout(MethodInvocationHelper.java:69)
	at org.testng.internal.invokers.ConfigInvoker.invokeConfigurationMethod(ConfigInvoker.java:390)
	at org.testng.internal.invokers.ConfigInvoker.invokeConfigurations(ConfigInvoker.java:325)
	at org.testng.internal.invokers.TestInvoker.runConfigMethods(TestInvoker.java:810)
	at org.testng.internal.invokers.TestInvoker.invokeMethod(TestInvoker.java:577)
	at org.testng.internal.invokers.TestInvoker.invokeTestMethod(TestInvoker.java:227)
	at org.testng.internal.invokers.MethodRunner.runInSequence(MethodRunner.java:50)
	at org.testng.internal.invokers.TestInvoker$MethodInvocationAgent.invoke(TestInvoker.java:957)
	at org.testng.internal.invokers.TestInvoker.invokeTestMethods(TestInvoker.java:200)
	at org.testng.internal.invokers.TestMethodWorker.invokeTestMethods(TestMethodWorker.java:148)
	at org.testng.internal.invokers.TestMethodWorker.run(TestMethodWorker.java:128)
	at java.base/java.util.concurrent.ThreadPoolExecutor.runWorker(ThreadPoolExecutor.java:1136)
	at java.base/java.util.concurrent.ThreadPoolExecutor$Worker.run(ThreadPoolExecutor.java:635)
	at java.base/java.lang.Thread.run(Thread.java:833)
</textarea>
				</td>
			</tr>
	</tbody>
</table>
</div>
					</div>
				</li>
				<li class="test-item"  status="skip" test-id="24"
					author=""
					tag=""
					device="">
					<div class="status-avatar skip-bg">
						<i class="fa fa-long-arrow-right text-white"></i>
					</div>
					<div class="open-test">
						<div class="test-detail">
							<p class="name">testChildWindowHandle</p>
							<p class="duration text-sm">0h 0m 0s+1ms</p>
							<span class="datetime">03:20:26 AM</span>
						</div>
					</div>
					<div class="test-contents d-none">
						<div class="detail-head">
							<div class="p-v-10 d-inline-block">
								<div class="info">
									<h5 class="test-status text-skip">testChildWindowHandle</h5>
									<span class='badge badge-success'>08.21.2023 03:20:26</span>
									<span class='badge badge-danger'>08.21.2023 03:20:26</span>
									<span class='badge badge-default'>0h 0m 0s+1ms</span>
								</div>
								<div class="m-t-10 m-l-5">
									
								</div>
							</div>
						</div>
<div class="detail-body mt-4">                                              
<table class="table table-sm">
	<thead><tr>
		<th class="status-col">Status</th>
		<th class="timestamp-col">Timestamp</th>
		<th class="details-col">Details</th>
	</tr></thead>
	<tbody>
			<tr class="event-row">
				<td><i class="fa fa-long-arrow-right text-skip"></i></td>
				<td>3:20:26 AM</td>
				<td>
						<textarea disabled class="code-block">java.lang.IllegalArgumentException: http://:-1/json/version could not be parsed into a proper Uri, missing host
	at org.asynchttpclient.uri.Uri.create(Uri.java:73)
	at org.asynchttpclient.uri.Uri.create(Uri.java:62)
	at org.asynchttpclient.RequestBuilderBase.setUrl(RequestBuilderBase.java:147)
	at org.asynchttpclient.Dsl.request(Dsl.java:73)
	at org.openqa.selenium.remote.http.netty.NettyMessages.toNettyRequest(NettyMessages.java:57)
	at org.openqa.selenium.remote.http.netty.NettyHttpHandler.makeCall(NettyHttpHandler.java:55)
	at org.openqa.selenium.remote.http.AddSeleniumUserAgent.lambda$apply$0(AddSeleniumUserAgent.java:42)
	at org.openqa.selenium.remote.http.Filter.lambda$andFinally$1(Filter.java:55)
	at org.openqa.selenium.remote.http.netty.NettyHttpHandler.execute(NettyHttpHandler.java:48)
	at org.openqa.selenium.remote.http.netty.NettyClient.execute(NettyClient.java:96)
	at org.openqa.selenium.devtools.CdpEndpointFinder.getCdpEndPoint(CdpEndpointFinder.java:58)
	at org.openqa.selenium.chromium.ChromiumDriver.lambda$new$3(ChromiumDriver.java:144)
	at java.base/java.util.Optional.flatMap(Optional.java:289)
	at org.openqa.selenium.chromium.ChromiumDriver.<init>(ChromiumDriver.java:144)
	at org.openqa.selenium.chrome.ChromeDriver.<init>(ChromeDriver.java:88)
	at org.openqa.selenium.chrome.ChromeDriver.<init>(ChromeDriver.java:83)
	at org.openqa.selenium.chrome.ChromeDriver.<init>(ChromeDriver.java:72)
	at webDriverPractice.utilities.InitialComponents.launchBrowser(InitialComponents.java:58)
	at webDriverPractice.test.R0007TabAndWindow.setupInitialComponents(R0007TabAndWindow.java:20)
	at java.base/jdk.internal.reflect.NativeMethodAccessorImpl.invoke0(Native Method)
	at java.base/jdk.internal.reflect.NativeMethodAccessorImpl.invoke(NativeMethodAccessorImpl.java:77)
	at java.base/jdk.internal.reflect.DelegatingMethodAccessorImpl.invoke(DelegatingMethodAccessorImpl.java:43)
	at java.base/java.lang.reflect.Method.invoke(Method.java:568)
	at org.testng.internal.invokers.MethodInvocationHelper.invokeMethod(MethodInvocationHelper.java:139)
	at org.testng.internal.invokers.MethodInvocationHelper.invokeMethodConsideringTimeout(MethodInvocationHelper.java:69)
	at org.testng.internal.invokers.ConfigInvoker.invokeConfigurationMethod(ConfigInvoker.java:390)
	at org.testng.internal.invokers.ConfigInvoker.invokeConfigurations(ConfigInvoker.java:325)
	at org.testng.internal.invokers.TestInvoker.runConfigMethods(TestInvoker.java:810)
	at org.testng.internal.invokers.TestInvoker.invokeMethod(TestInvoker.java:577)
	at org.testng.internal.invokers.TestInvoker.invokeTestMethod(TestInvoker.java:227)
	at org.testng.internal.invokers.MethodRunner.runInSequence(MethodRunner.java:50)
	at org.testng.internal.invokers.TestInvoker$MethodInvocationAgent.invoke(TestInvoker.java:957)
	at org.testng.internal.invokers.TestInvoker.invokeTestMethods(TestInvoker.java:200)
	at org.testng.internal.invokers.TestMethodWorker.invokeTestMethods(TestMethodWorker.java:148)
	at org.testng.internal.invokers.TestMethodWorker.run(TestMethodWorker.java:128)
	at java.base/java.util.concurrent.ThreadPoolExecutor.runWorker(ThreadPoolExecutor.java:1136)
	at java.base/java.util.concurrent.ThreadPoolExecutor$Worker.run(ThreadPoolExecutor.java:635)
	at java.base/java.lang.Thread.run(Thread.java:833)
</textarea>
				</td>
			</tr>
	</tbody>
</table>
</div>
					</div>
				</li>
				<li class="test-item"  status="pass" test-id="25"
					author=""
					tag=""
					device="">
					<div class="status-avatar pass-bg">
						<i class="fa fa-check text-white"></i>
					</div>
					<div class="open-test">
						<div class="test-detail">
							<p class="name">testCssSelectorWithPartialText</p>
							<p class="duration text-sm">0h 0m 0s+244ms</p>
							<span class="datetime">03:20:42 AM</span>
						</div>
					</div>
					<div class="test-contents d-none">
						<div class="detail-head">
							<div class="p-v-10 d-inline-block">
								<div class="info">
									<h5 class="test-status text-pass">testCssSelectorWithPartialText</h5>
									<span class='badge badge-success'>08.21.2023 03:20:42</span>
									<span class='badge badge-danger'>08.21.2023 03:20:42</span>
									<span class='badge badge-default'>0h 0m 0s+244ms</span>
								</div>
								<div class="m-t-10 m-l-5">
									
								</div>
							</div>
						</div>
<div class="detail-body mt-4">                                              
<table class="table table-sm">
	<thead><tr>
		<th class="status-col">Status</th>
		<th class="timestamp-col">Timestamp</th>
		<th class="details-col">Details</th>
	</tr></thead>
	<tbody>
			<tr class="event-row">
				<td><i class="fa fa-check text-pass"></i></td>
				<td>3:20:42 AM</td>
				<td>
						passed
				</td>
			</tr>
	</tbody>
</table>
</div>
					</div>
				</li>
				<li class="test-item"  status="skip" test-id="26"
					author=""
					tag=""
					device="">
					<div class="status-avatar skip-bg">
						<i class="fa fa-long-arrow-right text-white"></i>
					</div>
					<div class="open-test">
						<div class="test-detail">
							<p class="name">testUsingParentKeywordByXpath</p>
							<p class="duration text-sm">0h 0m 0s+16ms</p>
							<span class="datetime">03:20:45 AM</span>
						</div>
					</div>
					<div class="test-contents d-none">
						<div class="detail-head">
							<div class="p-v-10 d-inline-block">
								<div class="info">
									<h5 class="test-status text-skip">testUsingParentKeywordByXpath</h5>
									<span class='badge badge-success'>08.21.2023 03:20:45</span>
									<span class='badge badge-danger'>08.21.2023 03:20:45</span>
									<span class='badge badge-default'>0h 0m 0s+16ms</span>
								</div>
								<div class="m-t-10 m-l-5">
									
								</div>
							</div>
						</div>
<div class="detail-body mt-4">                                              
<table class="table table-sm">
	<thead><tr>
		<th class="status-col">Status</th>
		<th class="timestamp-col">Timestamp</th>
		<th class="details-col">Details</th>
	</tr></thead>
	<tbody>
			<tr class="event-row">
				<td><i class="fa fa-long-arrow-right text-skip"></i></td>
				<td>3:20:45 AM</td>
				<td>
						<textarea disabled class="code-block">org.openqa.selenium.WebDriverException: Timed out waiting for driver server to stop.
Build info: version: '4.11.0', revision: '040bc5406b'
System info: os.name: 'Windows 11', os.arch: 'amd64', os.version: '10.0', java.version: '17.0.7'
Driver info: org.openqa.selenium.chrome.ChromeDriver
Command: [48301ffe7c5209cf6b81a5f6153e384b, quit {}]
Capabilities {acceptInsecureCerts: true, browserName: chrome, browserVersion: 115.0.5790.170, chrome: {chromedriverVersion: 115.0.5790.170 (cc0d30c2ca5..., userDataDir: C:\Users\naimn\AppData\Loca...}, goog:chromeOptions: {debuggerAddress: localhost:52400}, networkConnectionEnabled: false, pageLoadStrategy: normal, platformName: windows, proxy: Proxy(), se:cdp: ws://localhost:52400/devtoo..., se:cdpVersion: 115.0.5790.170, setWindowRect: true, strictFileInteractability: false, timeouts: {implicit: 0, pageLoad: 300000, script: 30000}, unhandledPromptBehavior: dismiss and notify, webauthn:extension:credBlob: true, webauthn:extension:largeBlob: true, webauthn:extension:minPinLength: true, webauthn:extension:prf: true, webauthn:virtualAuthenticators: true}
Session ID: 48301ffe7c5209cf6b81a5f6153e384b
	at org.openqa.selenium.remote.service.DriverCommandExecutor.execute(DriverCommandExecutor.java:161)
	at org.openqa.selenium.remote.RemoteWebDriver.execute(RemoteWebDriver.java:518)
	at org.openqa.selenium.remote.RemoteWebDriver.execute(RemoteWebDriver.java:591)
	at org.openqa.selenium.remote.RemoteWebDriver.execute(RemoteWebDriver.java:595)
	at org.openqa.selenium.remote.RemoteWebDriver.quit(RemoteWebDriver.java:433)
	at org.openqa.selenium.chromium.ChromiumDriver.quit(ChromiumDriver.java:351)
	at java.base/jdk.internal.reflect.NativeMethodAccessorImpl.invoke0(Native Method)
	at java.base/jdk.internal.reflect.NativeMethodAccessorImpl.invoke(NativeMethodAccessorImpl.java:77)
	at java.base/jdk.internal.reflect.DelegatingMethodAccessorImpl.invoke(DelegatingMethodAccessorImpl.java:43)
	at java.base/java.lang.reflect.Method.invoke(Method.java:568)
	at org.openqa.selenium.support.ThreadGuard$WebDriverInvocationHandler.invokeUnderlying(ThreadGuard.java:99)
	at org.openqa.selenium.support.ThreadGuard$WebDriverInvocationHandler.invoke(ThreadGuard.java:91)
	at jdk.proxy2/jdk.proxy2.$Proxy11.quit(Unknown Source)
	at webDriverPractice.test.RelativeXpath.quitDriver(RelativeXpath.java:60)
	at java.base/jdk.internal.reflect.NativeMethodAccessorImpl.invoke0(Native Method)
	at java.base/jdk.internal.reflect.NativeMethodAccessorImpl.invoke(NativeMethodAccessorImpl.java:77)
	at java.base/jdk.internal.reflect.DelegatingMethodAccessorImpl.invoke(DelegatingMethodAccessorImpl.java:43)
	at java.base/java.lang.reflect.Method.invoke(Method.java:568)
	at org.testng.internal.invokers.MethodInvocationHelper.invokeMethod(MethodInvocationHelper.java:139)
	at org.testng.internal.invokers.MethodInvocationHelper.invokeMethodConsideringTimeout(MethodInvocationHelper.java:69)
	at org.testng.internal.invokers.ConfigInvoker.invokeConfigurationMethod(ConfigInvoker.java:390)
	at org.testng.internal.invokers.ConfigInvoker.invokeConfigurations(ConfigInvoker.java:325)
	at org.testng.internal.invokers.TestInvoker.runConfigMethods(TestInvoker.java:810)
	at org.testng.internal.invokers.TestInvoker.runAfterConfigurations(TestInvoker.java:779)
	at org.testng.internal.invokers.TestInvoker.invokeMethod(TestInvoker.java:755)
	at org.testng.internal.invokers.TestInvoker.invokeTestMethod(TestInvoker.java:227)
	at org.testng.internal.invokers.MethodRunner.runInSequence(MethodRunner.java:50)
	at org.testng.internal.invokers.TestInvoker$MethodInvocationAgent.invoke(TestInvoker.java:957)
	at org.testng.internal.invokers.TestInvoker.invokeTestMethods(TestInvoker.java:200)
	at org.testng.internal.invokers.TestMethodWorker.invokeTestMethods(TestMethodWorker.java:148)
	at org.testng.internal.invokers.TestMethodWorker.run(TestMethodWorker.java:128)
	at java.base/java.util.concurrent.ThreadPoolExecutor.runWorker(ThreadPoolExecutor.java:1136)
	at java.base/java.util.concurrent.ThreadPoolExecutor$Worker.run(ThreadPoolExecutor.java:635)
	at java.base/java.lang.Thread.run(Thread.java:833)
Caused by: java.util.concurrent.ExecutionException: org.openqa.selenium.TimeoutException: Process timed out after waiting for 20000 ms.
Build info: version: '4.11.0', revision: '040bc5406b'
System info: os.name: 'Windows 11', os.arch: 'amd64', os.version: '10.0', java.version: '17.0.7'
Driver info: driver.version: unknown
	at java.base/java.util.concurrent.CompletableFuture.reportGet(CompletableFuture.java:396)
	at java.base/java.util.concurrent.CompletableFuture.get(CompletableFuture.java:2096)
	at org.openqa.selenium.remote.service.DriverCommandExecutor.execute(DriverCommandExecutor.java:157)
	... 33 more
Caused by: org.openqa.selenium.TimeoutException: Process timed out after waiting for 20000 ms.
Build info: version: '4.11.0', revision: '040bc5406b'
System info: os.name: 'Windows 11', os.arch: 'amd64', os.version: '10.0', java.version: '17.0.7'
Driver info: driver.version: unknown
	at org.openqa.selenium.os.OsProcess.waitFor(OsProcess.java:183)
	at org.openqa.selenium.os.CommandLine.waitFor(CommandLine.java:117)
	at org.openqa.selenium.remote.service.DriverCommandExecutor.lambda$execute$2(DriverCommandExecutor.java:148)
	at java.base/java.util.concurrent.CompletableFuture$AsyncSupply.run(CompletableFuture.java:1768)
	... 3 more
</textarea>
				</td>
			</tr>
	</tbody>
</table>
</div>
					</div>
				</li>
				<li class="test-item"  status="skip" test-id="27"
					author=""
					tag=""
					device="">
					<div class="status-avatar skip-bg">
						<i class="fa fa-long-arrow-right text-white"></i>
					</div>
					<div class="open-test">
						<div class="test-detail">
							<p class="name">testUsingTextFunctionWithXpath</p>
							<p class="duration text-sm">0h 0m 0s+0ms</p>
							<span class="datetime">03:20:45 AM</span>
						</div>
					</div>
					<div class="test-contents d-none">
						<div class="detail-head">
							<div class="p-v-10 d-inline-block">
								<div class="info">
									<h5 class="test-status text-skip">testUsingTextFunctionWithXpath</h5>
									<span class='badge badge-success'>08.21.2023 03:20:45</span>
									<span class='badge badge-danger'>08.21.2023 03:20:45</span>
									<span class='badge badge-default'>0h 0m 0s+0ms</span>
								</div>
								<div class="m-t-10 m-l-5">
									
								</div>
							</div>
						</div>
<div class="detail-body mt-4">                                              
<table class="table table-sm">
	<thead><tr>
		<th class="status-col">Status</th>
		<th class="timestamp-col">Timestamp</th>
		<th class="details-col">Details</th>
	</tr></thead>
	<tbody>
			<tr class="event-row">
				<td><i class="fa fa-long-arrow-right text-skip"></i></td>
				<td>3:20:45 AM</td>
				<td>
						<textarea disabled class="code-block">org.openqa.selenium.WebDriverException: Timed out waiting for driver server to stop.
Build info: version: '4.11.0', revision: '040bc5406b'
System info: os.name: 'Windows 11', os.arch: 'amd64', os.version: '10.0', java.version: '17.0.7'
Driver info: org.openqa.selenium.chrome.ChromeDriver
Command: [48301ffe7c5209cf6b81a5f6153e384b, quit {}]
Capabilities {acceptInsecureCerts: true, browserName: chrome, browserVersion: 115.0.5790.170, chrome: {chromedriverVersion: 115.0.5790.170 (cc0d30c2ca5..., userDataDir: C:\Users\naimn\AppData\Loca...}, goog:chromeOptions: {debuggerAddress: localhost:52400}, networkConnectionEnabled: false, pageLoadStrategy: normal, platformName: windows, proxy: Proxy(), se:cdp: ws://localhost:52400/devtoo..., se:cdpVersion: 115.0.5790.170, setWindowRect: true, strictFileInteractability: false, timeouts: {implicit: 0, pageLoad: 300000, script: 30000}, unhandledPromptBehavior: dismiss and notify, webauthn:extension:credBlob: true, webauthn:extension:largeBlob: true, webauthn:extension:minPinLength: true, webauthn:extension:prf: true, webauthn:virtualAuthenticators: true}
Session ID: 48301ffe7c5209cf6b81a5f6153e384b
	at org.openqa.selenium.remote.service.DriverCommandExecutor.execute(DriverCommandExecutor.java:161)
	at org.openqa.selenium.remote.RemoteWebDriver.execute(RemoteWebDriver.java:518)
	at org.openqa.selenium.remote.RemoteWebDriver.execute(RemoteWebDriver.java:591)
	at org.openqa.selenium.remote.RemoteWebDriver.execute(RemoteWebDriver.java:595)
	at org.openqa.selenium.remote.RemoteWebDriver.quit(RemoteWebDriver.java:433)
	at org.openqa.selenium.chromium.ChromiumDriver.quit(ChromiumDriver.java:351)
	at java.base/jdk.internal.reflect.NativeMethodAccessorImpl.invoke0(Native Method)
	at java.base/jdk.internal.reflect.NativeMethodAccessorImpl.invoke(NativeMethodAccessorImpl.java:77)
	at java.base/jdk.internal.reflect.DelegatingMethodAccessorImpl.invoke(DelegatingMethodAccessorImpl.java:43)
	at java.base/java.lang.reflect.Method.invoke(Method.java:568)
	at org.openqa.selenium.support.ThreadGuard$WebDriverInvocationHandler.invokeUnderlying(ThreadGuard.java:99)
	at org.openqa.selenium.support.ThreadGuard$WebDriverInvocationHandler.invoke(ThreadGuard.java:91)
	at jdk.proxy2/jdk.proxy2.$Proxy11.quit(Unknown Source)
	at webDriverPractice.test.RelativeXpath.quitDriver(RelativeXpath.java:60)
	at java.base/jdk.internal.reflect.NativeMethodAccessorImpl.invoke0(Native Method)
	at java.base/jdk.internal.reflect.NativeMethodAccessorImpl.invoke(NativeMethodAccessorImpl.java:77)
	at java.base/jdk.internal.reflect.DelegatingMethodAccessorImpl.invoke(DelegatingMethodAccessorImpl.java:43)
	at java.base/java.lang.reflect.Method.invoke(Method.java:568)
	at org.testng.internal.invokers.MethodInvocationHelper.invokeMethod(MethodInvocationHelper.java:139)
	at org.testng.internal.invokers.MethodInvocationHelper.invokeMethodConsideringTimeout(MethodInvocationHelper.java:69)
	at org.testng.internal.invokers.ConfigInvoker.invokeConfigurationMethod(ConfigInvoker.java:390)
	at org.testng.internal.invokers.ConfigInvoker.invokeConfigurations(ConfigInvoker.java:325)
	at org.testng.internal.invokers.TestInvoker.runConfigMethods(TestInvoker.java:810)
	at org.testng.internal.invokers.TestInvoker.runAfterConfigurations(TestInvoker.java:779)
	at org.testng.internal.invokers.TestInvoker.invokeMethod(TestInvoker.java:755)
	at org.testng.internal.invokers.TestInvoker.invokeTestMethod(TestInvoker.java:227)
	at org.testng.internal.invokers.MethodRunner.runInSequence(MethodRunner.java:50)
	at org.testng.internal.invokers.TestInvoker$MethodInvocationAgent.invoke(TestInvoker.java:957)
	at org.testng.internal.invokers.TestInvoker.invokeTestMethods(TestInvoker.java:200)
	at org.testng.internal.invokers.TestMethodWorker.invokeTestMethods(TestMethodWorker.java:148)
	at org.testng.internal.invokers.TestMethodWorker.run(TestMethodWorker.java:128)
	at java.base/java.util.concurrent.ThreadPoolExecutor.runWorker(ThreadPoolExecutor.java:1136)
	at java.base/java.util.concurrent.ThreadPoolExecutor$Worker.run(ThreadPoolExecutor.java:635)
	at java.base/java.lang.Thread.run(Thread.java:833)
Caused by: java.util.concurrent.ExecutionException: org.openqa.selenium.TimeoutException: Process timed out after waiting for 20000 ms.
Build info: version: '4.11.0', revision: '040bc5406b'
System info: os.name: 'Windows 11', os.arch: 'amd64', os.version: '10.0', java.version: '17.0.7'
Driver info: driver.version: unknown
	at java.base/java.util.concurrent.CompletableFuture.reportGet(CompletableFuture.java:396)
	at java.base/java.util.concurrent.CompletableFuture.get(CompletableFuture.java:2096)
	at org.openqa.selenium.remote.service.DriverCommandExecutor.execute(DriverCommandExecutor.java:157)
	... 33 more
Caused by: org.openqa.selenium.TimeoutException: Process timed out after waiting for 20000 ms.
Build info: version: '4.11.0', revision: '040bc5406b'
System info: os.name: 'Windows 11', os.arch: 'amd64', os.version: '10.0', java.version: '17.0.7'
Driver info: driver.version: unknown
	at org.openqa.selenium.os.OsProcess.waitFor(OsProcess.java:183)
	at org.openqa.selenium.os.CommandLine.waitFor(CommandLine.java:117)
	at org.openqa.selenium.remote.service.DriverCommandExecutor.lambda$execute$2(DriverCommandExecutor.java:148)
	at java.base/java.util.concurrent.CompletableFuture$AsyncSupply.run(CompletableFuture.java:1768)
	... 3 more
</textarea>
				</td>
			</tr>
	</tbody>
</table>
</div>
					</div>
				</li>
				<li class="test-item"  status="skip" test-id="28"
					author=""
					tag=""
					device="">
					<div class="status-avatar skip-bg">
						<i class="fa fa-long-arrow-right text-white"></i>
					</div>
					<div class="open-test">
						<div class="test-detail">
							<p class="name">testDrawBorder</p>
							<p class="duration text-sm">0h 0m 0s+0ms</p>
							<span class="datetime">03:20:52 AM</span>
						</div>
					</div>
					<div class="test-contents d-none">
						<div class="detail-head">
							<div class="p-v-10 d-inline-block">
								<div class="info">
									<h5 class="test-status text-skip">testDrawBorder</h5>
									<span class='badge badge-success'>08.21.2023 03:20:52</span>
									<span class='badge badge-danger'>08.21.2023 03:20:52</span>
									<span class='badge badge-default'>0h 0m 0s+0ms</span>
								</div>
								<div class="m-t-10 m-l-5">
									
								</div>
							</div>
						</div>
<div class="detail-body mt-4">                                              
<table class="table table-sm">
	<thead><tr>
		<th class="status-col">Status</th>
		<th class="timestamp-col">Timestamp</th>
		<th class="details-col">Details</th>
	</tr></thead>
	<tbody>
			<tr class="event-row">
				<td><i class="fa fa-long-arrow-right text-skip"></i></td>
				<td>3:20:52 AM</td>
				<td>
						<textarea disabled class="code-block">java.lang.IllegalArgumentException: http://:-1/json/version could not be parsed into a proper Uri, missing host
	at org.asynchttpclient.uri.Uri.create(Uri.java:73)
	at org.asynchttpclient.uri.Uri.create(Uri.java:62)
	at org.asynchttpclient.RequestBuilderBase.setUrl(RequestBuilderBase.java:147)
	at org.asynchttpclient.Dsl.request(Dsl.java:73)
	at org.openqa.selenium.remote.http.netty.NettyMessages.toNettyRequest(NettyMessages.java:57)
	at org.openqa.selenium.remote.http.netty.NettyHttpHandler.makeCall(NettyHttpHandler.java:55)
	at org.openqa.selenium.remote.http.AddSeleniumUserAgent.lambda$apply$0(AddSeleniumUserAgent.java:42)
	at org.openqa.selenium.remote.http.Filter.lambda$andFinally$1(Filter.java:55)
	at org.openqa.selenium.remote.http.netty.NettyHttpHandler.execute(NettyHttpHandler.java:48)
	at org.openqa.selenium.remote.http.netty.NettyClient.execute(NettyClient.java:96)
	at org.openqa.selenium.devtools.CdpEndpointFinder.getCdpEndPoint(CdpEndpointFinder.java:58)
	at org.openqa.selenium.chromium.ChromiumDriver.lambda$new$3(ChromiumDriver.java:144)
	at java.base/java.util.Optional.flatMap(Optional.java:289)
	at org.openqa.selenium.chromium.ChromiumDriver.<init>(ChromiumDriver.java:144)
	at org.openqa.selenium.chrome.ChromeDriver.<init>(ChromeDriver.java:88)
	at org.openqa.selenium.chrome.ChromeDriver.<init>(ChromeDriver.java:83)
	at org.openqa.selenium.chrome.ChromeDriver.<init>(ChromeDriver.java:72)
	at webDriverPractice.utilities.InitialComponents.launchBrowser(InitialComponents.java:58)
	at webDriverPractice.test.R0005DrawBorder.setupInitialComponents(R0005DrawBorder.java:18)
	at java.base/jdk.internal.reflect.NativeMethodAccessorImpl.invoke0(Native Method)
	at java.base/jdk.internal.reflect.NativeMethodAccessorImpl.invoke(NativeMethodAccessorImpl.java:77)
	at java.base/jdk.internal.reflect.DelegatingMethodAccessorImpl.invoke(DelegatingMethodAccessorImpl.java:43)
	at java.base/java.lang.reflect.Method.invoke(Method.java:568)
	at org.testng.internal.invokers.MethodInvocationHelper.invokeMethod(MethodInvocationHelper.java:139)
	at org.testng.internal.invokers.MethodInvocationHelper.invokeMethodConsideringTimeout(MethodInvocationHelper.java:69)
	at org.testng.internal.invokers.ConfigInvoker.invokeConfigurationMethod(ConfigInvoker.java:390)
	at org.testng.internal.invokers.ConfigInvoker.invokeConfigurations(ConfigInvoker.java:325)
	at org.testng.internal.invokers.TestInvoker.runConfigMethods(TestInvoker.java:810)
	at org.testng.internal.invokers.TestInvoker.invokeMethod(TestInvoker.java:577)
	at org.testng.internal.invokers.TestInvoker.invokeTestMethod(TestInvoker.java:227)
	at org.testng.internal.invokers.MethodRunner.runInSequence(MethodRunner.java:50)
	at org.testng.internal.invokers.TestInvoker$MethodInvocationAgent.invoke(TestInvoker.java:957)
	at org.testng.internal.invokers.TestInvoker.invokeTestMethods(TestInvoker.java:200)
	at org.testng.internal.invokers.TestMethodWorker.invokeTestMethods(TestMethodWorker.java:148)
	at org.testng.internal.invokers.TestMethodWorker.run(TestMethodWorker.java:128)
	at java.base/java.util.concurrent.ThreadPoolExecutor.runWorker(ThreadPoolExecutor.java:1136)
	at java.base/java.util.concurrent.ThreadPoolExecutor$Worker.run(ThreadPoolExecutor.java:635)
	at java.base/java.lang.Thread.run(Thread.java:833)
</textarea>
				</td>
			</tr>
	</tbody>
</table>
</div>
					</div>
				</li>
				<li class="test-item"  status="pass" test-id="29"
					author=""
					tag=""
					device="">
					<div class="status-avatar pass-bg">
						<i class="fa fa-check text-white"></i>
					</div>
					<div class="open-test">
						<div class="test-detail">
							<p class="name">testExtentReport03</p>
							<p class="duration text-sm">0h 0m 0s+2ms</p>
							<span class="datetime">03:20:52 AM</span>
						</div>
					</div>
					<div class="test-contents d-none">
						<div class="detail-head">
							<div class="p-v-10 d-inline-block">
								<div class="info">
									<h5 class="test-status text-pass">testExtentReport03</h5>
									<span class='badge badge-success'>08.21.2023 03:20:52</span>
									<span class='badge badge-danger'>08.21.2023 03:20:52</span>
									<span class='badge badge-default'>0h 0m 0s+2ms</span>
								</div>
								<div class="m-t-10 m-l-5">
									
								</div>
							</div>
						</div>
<div class="detail-body mt-4">                                              
<table class="table table-sm">
	<thead><tr>
		<th class="status-col">Status</th>
		<th class="timestamp-col">Timestamp</th>
		<th class="details-col">Details</th>
	</tr></thead>
	<tbody>
			<tr class="event-row">
				<td><i class="fa fa-check text-pass"></i></td>
				<td>3:20:52 AM</td>
				<td>
						passed
				</td>
			</tr>
	</tbody>
</table>
</div>
					</div>
				</li>
				<li class="test-item"  status="pass" test-id="31"
					author=""
					tag=""
					device="">
					<div class="status-avatar pass-bg">
						<i class="fa fa-check text-white"></i>
					</div>
					<div class="open-test">
						<div class="test-detail">
							<p class="name">testExtentReport2</p>
							<p class="duration text-sm">0h 0m 0s+3ms</p>
							<span class="datetime">03:20:52 AM</span>
						</div>
					</div>
					<div class="test-contents d-none">
						<div class="detail-head">
							<div class="p-v-10 d-inline-block">
								<div class="info">
									<h5 class="test-status text-pass">testExtentReport2</h5>
									<span class='badge badge-success'>08.21.2023 03:20:52</span>
									<span class='badge badge-danger'>08.21.2023 03:20:52</span>
									<span class='badge badge-default'>0h 0m 0s+3ms</span>
								</div>
								<div class="m-t-10 m-l-5">
									
								</div>
							</div>
						</div>
<div class="detail-body mt-4">                                              
<table class="table table-sm">
	<thead><tr>
		<th class="status-col">Status</th>
		<th class="timestamp-col">Timestamp</th>
		<th class="details-col">Details</th>
	</tr></thead>
	<tbody>
			<tr class="event-row">
				<td><i class="fa fa-check text-pass"></i></td>
				<td>3:20:52 AM</td>
				<td>
						passed
				</td>
			</tr>
	</tbody>
</table>
</div>
					</div>
				</li>
				<li class="test-item"  status="pass" test-id="33"
					author=""
					tag=""
					device="">
					<div class="status-avatar pass-bg">
						<i class="fa fa-check text-white"></i>
					</div>
					<div class="open-test">
						<div class="test-detail">
							<p class="name">testExtentReport</p>
							<p class="duration text-sm">0h 0m 0s+2ms</p>
							<span class="datetime">03:20:52 AM</span>
						</div>
					</div>
					<div class="test-contents d-none">
						<div class="detail-head">
							<div class="p-v-10 d-inline-block">
								<div class="info">
									<h5 class="test-status text-pass">testExtentReport</h5>
									<span class='badge badge-success'>08.21.2023 03:20:52</span>
									<span class='badge badge-danger'>08.21.2023 03:20:52</span>
									<span class='badge badge-default'>0h 0m 0s+2ms</span>
								</div>
								<div class="m-t-10 m-l-5">
									
								</div>
							</div>
						</div>
<div class="detail-body mt-4">                                              
<table class="table table-sm">
	<thead><tr>
		<th class="status-col">Status</th>
		<th class="timestamp-col">Timestamp</th>
		<th class="details-col">Details</th>
	</tr></thead>
	<tbody>
			<tr class="event-row">
				<td><i class="fa fa-check text-pass"></i></td>
				<td>3:20:52 AM</td>
				<td>
						passed
				</td>
			</tr>
	</tbody>
</table>
</div>
					</div>
				</li>
				<li class="test-item"  status="pass" test-id="35"
					author=""
					tag=""
					device="">
					<div class="status-avatar pass-bg">
						<i class="fa fa-check text-white"></i>
					</div>
					<div class="open-test">
						<div class="test-detail">
							<p class="name">name_LocatorTest</p>
							<p class="duration text-sm">0h 0m 19s+76ms</p>
							<span class="datetime">03:20:55 AM</span>
						</div>
					</div>
					<div class="test-contents d-none">
						<div class="detail-head">
							<div class="p-v-10 d-inline-block">
								<div class="info">
									<h5 class="test-status text-pass">name_LocatorTest</h5>
									<span class='badge badge-success'>08.21.2023 03:20:55</span>
									<span class='badge badge-danger'>08.21.2023 03:21:14</span>
									<span class='badge badge-default'>0h 0m 19s+76ms</span>
								</div>
								<div class="m-t-10 m-l-5">
									
								</div>
							</div>
						</div>
<div class="detail-body mt-4">                                              
<table class="table table-sm">
	<thead><tr>
		<th class="status-col">Status</th>
		<th class="timestamp-col">Timestamp</th>
		<th class="details-col">Details</th>
	</tr></thead>
	<tbody>
			<tr class="event-row">
				<td><i class="fa fa-check text-pass"></i></td>
				<td>3:21:14 AM</td>
				<td>
						passed
				</td>
			</tr>
	</tbody>
</table>
</div>
					</div>
				</li>
				<li class="test-item"  status="skip" test-id="36"
					author=""
					tag=""
					device="">
					<div class="status-avatar skip-bg">
						<i class="fa fa-long-arrow-right text-white"></i>
					</div>
					<div class="open-test">
						<div class="test-detail">
							<p class="name">testDropdownUsingSelectClass</p>
							<p class="duration text-sm">0h 0m 0s+1ms</p>
							<span class="datetime">03:20:56 AM</span>
						</div>
					</div>
					<div class="test-contents d-none">
						<div class="detail-head">
							<div class="p-v-10 d-inline-block">
								<div class="info">
									<h5 class="test-status text-skip">testDropdownUsingSelectClass</h5>
									<span class='badge badge-success'>08.21.2023 03:20:56</span>
									<span class='badge badge-danger'>08.21.2023 03:20:56</span>
									<span class='badge badge-default'>0h 0m 0s+1ms</span>
								</div>
								<div class="m-t-10 m-l-5">
									
								</div>
							</div>
						</div>
<div class="detail-body mt-4">                                              
<table class="table table-sm">
	<thead><tr>
		<th class="status-col">Status</th>
		<th class="timestamp-col">Timestamp</th>
		<th class="details-col">Details</th>
	</tr></thead>
	<tbody>
			<tr class="event-row">
				<td><i class="fa fa-long-arrow-right text-skip"></i></td>
				<td>3:20:56 AM</td>
				<td>
						<textarea disabled class="code-block">java.lang.IllegalArgumentException: http://:-1/json/version could not be parsed into a proper Uri, missing host
	at org.asynchttpclient.uri.Uri.create(Uri.java:73)
	at org.asynchttpclient.uri.Uri.create(Uri.java:62)
	at org.asynchttpclient.RequestBuilderBase.setUrl(RequestBuilderBase.java:147)
	at org.asynchttpclient.Dsl.request(Dsl.java:73)
	at org.openqa.selenium.remote.http.netty.NettyMessages.toNettyRequest(NettyMessages.java:57)
	at org.openqa.selenium.remote.http.netty.NettyHttpHandler.makeCall(NettyHttpHandler.java:55)
	at org.openqa.selenium.remote.http.AddSeleniumUserAgent.lambda$apply$0(AddSeleniumUserAgent.java:42)
	at org.openqa.selenium.remote.http.Filter.lambda$andFinally$1(Filter.java:55)
	at org.openqa.selenium.remote.http.netty.NettyHttpHandler.execute(NettyHttpHandler.java:48)
	at org.openqa.selenium.remote.http.netty.NettyClient.execute(NettyClient.java:96)
	at org.openqa.selenium.devtools.CdpEndpointFinder.getCdpEndPoint(CdpEndpointFinder.java:58)
	at org.openqa.selenium.chromium.ChromiumDriver.lambda$new$3(ChromiumDriver.java:144)
	at java.base/java.util.Optional.flatMap(Optional.java:289)
	at org.openqa.selenium.chromium.ChromiumDriver.<init>(ChromiumDriver.java:144)
	at org.openqa.selenium.chrome.ChromeDriver.<init>(ChromeDriver.java:88)
	at org.openqa.selenium.chrome.ChromeDriver.<init>(ChromeDriver.java:83)
	at org.openqa.selenium.chrome.ChromeDriver.<init>(ChromeDriver.java:72)
	at webDriverPractice.utilities.InitialComponents.launchBrowser(InitialComponents.java:58)
	at webDriverPractice.test.R0004DropDown.setupInitialComponents(R0004DropDown.java:25)
	at java.base/jdk.internal.reflect.NativeMethodAccessorImpl.invoke0(Native Method)
	at java.base/jdk.internal.reflect.NativeMethodAccessorImpl.invoke(NativeMethodAccessorImpl.java:77)
	at java.base/jdk.internal.reflect.DelegatingMethodAccessorImpl.invoke(DelegatingMethodAccessorImpl.java:43)
	at java.base/java.lang.reflect.Method.invoke(Method.java:568)
	at org.testng.internal.invokers.MethodInvocationHelper.invokeMethod(MethodInvocationHelper.java:139)
	at org.testng.internal.invokers.MethodInvocationHelper.invokeMethodConsideringTimeout(MethodInvocationHelper.java:69)
	at org.testng.internal.invokers.ConfigInvoker.invokeConfigurationMethod(ConfigInvoker.java:390)
	at org.testng.internal.invokers.ConfigInvoker.invokeConfigurations(ConfigInvoker.java:325)
	at org.testng.internal.invokers.TestInvoker.runConfigMethods(TestInvoker.java:810)
	at org.testng.internal.invokers.TestInvoker.invokeMethod(TestInvoker.java:577)
	at org.testng.internal.invokers.TestInvoker.invokeTestMethod(TestInvoker.java:227)
	at org.testng.internal.invokers.MethodRunner.runInSequence(MethodRunner.java:50)
	at org.testng.internal.invokers.TestInvoker$MethodInvocationAgent.invoke(TestInvoker.java:957)
	at org.testng.internal.invokers.TestInvoker.invokeTestMethods(TestInvoker.java:200)
	at org.testng.internal.invokers.TestMethodWorker.invokeTestMethods(TestMethodWorker.java:148)
	at org.testng.internal.invokers.TestMethodWorker.run(TestMethodWorker.java:128)
	at java.base/java.util.concurrent.ThreadPoolExecutor.runWorker(ThreadPoolExecutor.java:1136)
	at java.base/java.util.concurrent.ThreadPoolExecutor$Worker.run(ThreadPoolExecutor.java:635)
	at java.base/java.lang.Thread.run(Thread.java:833)
</textarea>
				</td>
			</tr>
	</tbody>
</table>
</div>
					</div>
				</li>
				<li class="test-item"  status="skip" test-id="37"
					author=""
					tag=""
					device="">
					<div class="status-avatar skip-bg">
						<i class="fa fa-long-arrow-right text-white"></i>
					</div>
					<div class="open-test">
						<div class="test-detail">
							<p class="name">testDynamicDropDownList</p>
							<p class="duration text-sm">0h 0m 0s+0ms</p>
							<span class="datetime">03:20:56 AM</span>
						</div>
					</div>
					<div class="test-contents d-none">
						<div class="detail-head">
							<div class="p-v-10 d-inline-block">
								<div class="info">
									<h5 class="test-status text-skip">testDynamicDropDownList</h5>
									<span class='badge badge-success'>08.21.2023 03:20:56</span>
									<span class='badge badge-danger'>08.21.2023 03:20:56</span>
									<span class='badge badge-default'>0h 0m 0s+0ms</span>
								</div>
								<div class="m-t-10 m-l-5">
									
								</div>
							</div>
						</div>
<div class="detail-body mt-4">                                              
<table class="table table-sm">
	<thead><tr>
		<th class="status-col">Status</th>
		<th class="timestamp-col">Timestamp</th>
		<th class="details-col">Details</th>
	</tr></thead>
	<tbody>
			<tr class="event-row">
				<td><i class="fa fa-long-arrow-right text-skip"></i></td>
				<td>3:20:56 AM</td>
				<td>
						<textarea disabled class="code-block">java.lang.IllegalArgumentException: http://:-1/json/version could not be parsed into a proper Uri, missing host
	at org.asynchttpclient.uri.Uri.create(Uri.java:73)
	at org.asynchttpclient.uri.Uri.create(Uri.java:62)
	at org.asynchttpclient.RequestBuilderBase.setUrl(RequestBuilderBase.java:147)
	at org.asynchttpclient.Dsl.request(Dsl.java:73)
	at org.openqa.selenium.remote.http.netty.NettyMessages.toNettyRequest(NettyMessages.java:57)
	at org.openqa.selenium.remote.http.netty.NettyHttpHandler.makeCall(NettyHttpHandler.java:55)
	at org.openqa.selenium.remote.http.AddSeleniumUserAgent.lambda$apply$0(AddSeleniumUserAgent.java:42)
	at org.openqa.selenium.remote.http.Filter.lambda$andFinally$1(Filter.java:55)
	at org.openqa.selenium.remote.http.netty.NettyHttpHandler.execute(NettyHttpHandler.java:48)
	at org.openqa.selenium.remote.http.netty.NettyClient.execute(NettyClient.java:96)
	at org.openqa.selenium.devtools.CdpEndpointFinder.getCdpEndPoint(CdpEndpointFinder.java:58)
	at org.openqa.selenium.chromium.ChromiumDriver.lambda$new$3(ChromiumDriver.java:144)
	at java.base/java.util.Optional.flatMap(Optional.java:289)
	at org.openqa.selenium.chromium.ChromiumDriver.<init>(ChromiumDriver.java:144)
	at org.openqa.selenium.chrome.ChromeDriver.<init>(ChromeDriver.java:88)
	at org.openqa.selenium.chrome.ChromeDriver.<init>(ChromeDriver.java:83)
	at org.openqa.selenium.chrome.ChromeDriver.<init>(ChromeDriver.java:72)
	at webDriverPractice.utilities.InitialComponents.launchBrowser(InitialComponents.java:58)
	at webDriverPractice.test.R0004DropDown.setupInitialComponents(R0004DropDown.java:25)
	at java.base/jdk.internal.reflect.NativeMethodAccessorImpl.invoke0(Native Method)
	at java.base/jdk.internal.reflect.NativeMethodAccessorImpl.invoke(NativeMethodAccessorImpl.java:77)
	at java.base/jdk.internal.reflect.DelegatingMethodAccessorImpl.invoke(DelegatingMethodAccessorImpl.java:43)
	at java.base/java.lang.reflect.Method.invoke(Method.java:568)
	at org.testng.internal.invokers.MethodInvocationHelper.invokeMethod(MethodInvocationHelper.java:139)
	at org.testng.internal.invokers.MethodInvocationHelper.invokeMethodConsideringTimeout(MethodInvocationHelper.java:69)
	at org.testng.internal.invokers.ConfigInvoker.invokeConfigurationMethod(ConfigInvoker.java:390)
	at org.testng.internal.invokers.ConfigInvoker.invokeConfigurations(ConfigInvoker.java:325)
	at org.testng.internal.invokers.TestInvoker.runConfigMethods(TestInvoker.java:810)
	at org.testng.internal.invokers.TestInvoker.invokeMethod(TestInvoker.java:577)
	at org.testng.internal.invokers.TestInvoker.invokeTestMethod(TestInvoker.java:227)
	at org.testng.internal.invokers.MethodRunner.runInSequence(MethodRunner.java:50)
	at org.testng.internal.invokers.TestInvoker$MethodInvocationAgent.invoke(TestInvoker.java:957)
	at org.testng.internal.invokers.TestInvoker.invokeTestMethods(TestInvoker.java:200)
	at org.testng.internal.invokers.TestMethodWorker.invokeTestMethods(TestMethodWorker.java:148)
	at org.testng.internal.invokers.TestMethodWorker.run(TestMethodWorker.java:128)
	at java.base/java.util.concurrent.ThreadPoolExecutor.runWorker(ThreadPoolExecutor.java:1136)
	at java.base/java.util.concurrent.ThreadPoolExecutor$Worker.run(ThreadPoolExecutor.java:635)
	at java.base/java.lang.Thread.run(Thread.java:833)
</textarea>
				</td>
			</tr>
	</tbody>
</table>
</div>
					</div>
				</li>
				<li class="test-item"  status="skip" test-id="38"
					author=""
					tag=""
					device="">
					<div class="status-avatar skip-bg">
						<i class="fa fa-long-arrow-right text-white"></i>
					</div>
					<div class="open-test">
						<div class="test-detail">
							<p class="name">testFluentWait</p>
							<p class="duration text-sm">0h 0m 0s+2ms</p>
							<span class="datetime">03:20:59 AM</span>
						</div>
					</div>
					<div class="test-contents d-none">
						<div class="detail-head">
							<div class="p-v-10 d-inline-block">
								<div class="info">
									<h5 class="test-status text-skip">testFluentWait</h5>
									<span class='badge badge-success'>08.21.2023 03:20:59</span>
									<span class='badge badge-danger'>08.21.2023 03:20:59</span>
									<span class='badge badge-default'>0h 0m 0s+2ms</span>
								</div>
								<div class="m-t-10 m-l-5">
									
								</div>
							</div>
						</div>
<div class="detail-body mt-4">                                              
<table class="table table-sm">
	<thead><tr>
		<th class="status-col">Status</th>
		<th class="timestamp-col">Timestamp</th>
		<th class="details-col">Details</th>
	</tr></thead>
	<tbody>
			<tr class="event-row">
				<td><i class="fa fa-long-arrow-right text-skip"></i></td>
				<td>3:20:59 AM</td>
				<td>
						<textarea disabled class="code-block">java.lang.IllegalArgumentException: http://:-1/json/version could not be parsed into a proper Uri, missing host
	at org.asynchttpclient.uri.Uri.create(Uri.java:73)
	at org.asynchttpclient.uri.Uri.create(Uri.java:62)
	at org.asynchttpclient.RequestBuilderBase.setUrl(RequestBuilderBase.java:147)
	at org.asynchttpclient.Dsl.request(Dsl.java:73)
	at org.openqa.selenium.remote.http.netty.NettyMessages.toNettyRequest(NettyMessages.java:57)
	at org.openqa.selenium.remote.http.netty.NettyHttpHandler.makeCall(NettyHttpHandler.java:55)
	at org.openqa.selenium.remote.http.AddSeleniumUserAgent.lambda$apply$0(AddSeleniumUserAgent.java:42)
	at org.openqa.selenium.remote.http.Filter.lambda$andFinally$1(Filter.java:55)
	at org.openqa.selenium.remote.http.netty.NettyHttpHandler.execute(NettyHttpHandler.java:48)
	at org.openqa.selenium.remote.http.netty.NettyClient.execute(NettyClient.java:96)
	at org.openqa.selenium.devtools.CdpEndpointFinder.getCdpEndPoint(CdpEndpointFinder.java:58)
	at org.openqa.selenium.chromium.ChromiumDriver.lambda$new$3(ChromiumDriver.java:144)
	at java.base/java.util.Optional.flatMap(Optional.java:289)
	at org.openqa.selenium.chromium.ChromiumDriver.<init>(ChromiumDriver.java:144)
	at org.openqa.selenium.chrome.ChromeDriver.<init>(ChromeDriver.java:88)
	at org.openqa.selenium.chrome.ChromeDriver.<init>(ChromeDriver.java:83)
	at org.openqa.selenium.chrome.ChromeDriver.<init>(ChromeDriver.java:72)
	at webDriverPractice.utilities.InitialComponents.launchBrowser(InitialComponents.java:58)
	at webDriverPractice.test.R0009Synchronization.setupInitialComponents(R0009Synchronization.java:24)
	at java.base/jdk.internal.reflect.NativeMethodAccessorImpl.invoke0(Native Method)
	at java.base/jdk.internal.reflect.NativeMethodAccessorImpl.invoke(NativeMethodAccessorImpl.java:77)
	at java.base/jdk.internal.reflect.DelegatingMethodAccessorImpl.invoke(DelegatingMethodAccessorImpl.java:43)
	at java.base/java.lang.reflect.Method.invoke(Method.java:568)
	at org.testng.internal.invokers.MethodInvocationHelper.invokeMethod(MethodInvocationHelper.java:139)
	at org.testng.internal.invokers.MethodInvocationHelper.invokeMethodConsideringTimeout(MethodInvocationHelper.java:69)
	at org.testng.internal.invokers.ConfigInvoker.invokeConfigurationMethod(ConfigInvoker.java:390)
	at org.testng.internal.invokers.ConfigInvoker.invokeConfigurations(ConfigInvoker.java:325)
	at org.testng.internal.invokers.TestInvoker.runConfigMethods(TestInvoker.java:810)
	at org.testng.internal.invokers.TestInvoker.invokeMethod(TestInvoker.java:577)
	at org.testng.internal.invokers.TestInvoker.invokeTestMethod(TestInvoker.java:227)
	at org.testng.internal.invokers.MethodRunner.runInSequence(MethodRunner.java:50)
	at org.testng.internal.invokers.TestInvoker$MethodInvocationAgent.invoke(TestInvoker.java:957)
	at org.testng.internal.invokers.TestInvoker.invokeTestMethods(TestInvoker.java:200)
	at org.testng.internal.invokers.TestMethodWorker.invokeTestMethods(TestMethodWorker.java:148)
	at org.testng.internal.invokers.TestMethodWorker.run(TestMethodWorker.java:128)
	at java.base/java.util.concurrent.ThreadPoolExecutor.runWorker(ThreadPoolExecutor.java:1136)
	at java.base/java.util.concurrent.ThreadPoolExecutor$Worker.run(ThreadPoolExecutor.java:635)
	at java.base/java.lang.Thread.run(Thread.java:833)
</textarea>
				</td>
			</tr>
	</tbody>
</table>
</div>
					</div>
				</li>
				<li class="test-item"  status="skip" test-id="39"
					author=""
					tag=""
					device="">
					<div class="status-avatar skip-bg">
						<i class="fa fa-long-arrow-right text-white"></i>
					</div>
					<div class="open-test">
						<div class="test-detail">
							<p class="name">testImplicitlyWait</p>
							<p class="duration text-sm">0h 0m 0s+1ms</p>
							<span class="datetime">03:20:59 AM</span>
						</div>
					</div>
					<div class="test-contents d-none">
						<div class="detail-head">
							<div class="p-v-10 d-inline-block">
								<div class="info">
									<h5 class="test-status text-skip">testImplicitlyWait</h5>
									<span class='badge badge-success'>08.21.2023 03:20:59</span>
									<span class='badge badge-danger'>08.21.2023 03:20:59</span>
									<span class='badge badge-default'>0h 0m 0s+1ms</span>
								</div>
								<div class="m-t-10 m-l-5">
									
								</div>
							</div>
						</div>
<div class="detail-body mt-4">                                              
<table class="table table-sm">
	<thead><tr>
		<th class="status-col">Status</th>
		<th class="timestamp-col">Timestamp</th>
		<th class="details-col">Details</th>
	</tr></thead>
	<tbody>
			<tr class="event-row">
				<td><i class="fa fa-long-arrow-right text-skip"></i></td>
				<td>3:20:59 AM</td>
				<td>
						<textarea disabled class="code-block">java.lang.IllegalArgumentException: http://:-1/json/version could not be parsed into a proper Uri, missing host
	at org.asynchttpclient.uri.Uri.create(Uri.java:73)
	at org.asynchttpclient.uri.Uri.create(Uri.java:62)
	at org.asynchttpclient.RequestBuilderBase.setUrl(RequestBuilderBase.java:147)
	at org.asynchttpclient.Dsl.request(Dsl.java:73)
	at org.openqa.selenium.remote.http.netty.NettyMessages.toNettyRequest(NettyMessages.java:57)
	at org.openqa.selenium.remote.http.netty.NettyHttpHandler.makeCall(NettyHttpHandler.java:55)
	at org.openqa.selenium.remote.http.AddSeleniumUserAgent.lambda$apply$0(AddSeleniumUserAgent.java:42)
	at org.openqa.selenium.remote.http.Filter.lambda$andFinally$1(Filter.java:55)
	at org.openqa.selenium.remote.http.netty.NettyHttpHandler.execute(NettyHttpHandler.java:48)
	at org.openqa.selenium.remote.http.netty.NettyClient.execute(NettyClient.java:96)
	at org.openqa.selenium.devtools.CdpEndpointFinder.getCdpEndPoint(CdpEndpointFinder.java:58)
	at org.openqa.selenium.chromium.ChromiumDriver.lambda$new$3(ChromiumDriver.java:144)
	at java.base/java.util.Optional.flatMap(Optional.java:289)
	at org.openqa.selenium.chromium.ChromiumDriver.<init>(ChromiumDriver.java:144)
	at org.openqa.selenium.chrome.ChromeDriver.<init>(ChromeDriver.java:88)
	at org.openqa.selenium.chrome.ChromeDriver.<init>(ChromeDriver.java:83)
	at org.openqa.selenium.chrome.ChromeDriver.<init>(ChromeDriver.java:72)
	at webDriverPractice.utilities.InitialComponents.launchBrowser(InitialComponents.java:58)
	at webDriverPractice.test.R0009Synchronization.setupInitialComponents(R0009Synchronization.java:24)
	at java.base/jdk.internal.reflect.NativeMethodAccessorImpl.invoke0(Native Method)
	at java.base/jdk.internal.reflect.NativeMethodAccessorImpl.invoke(NativeMethodAccessorImpl.java:77)
	at java.base/jdk.internal.reflect.DelegatingMethodAccessorImpl.invoke(DelegatingMethodAccessorImpl.java:43)
	at java.base/java.lang.reflect.Method.invoke(Method.java:568)
	at org.testng.internal.invokers.MethodInvocationHelper.invokeMethod(MethodInvocationHelper.java:139)
	at org.testng.internal.invokers.MethodInvocationHelper.invokeMethodConsideringTimeout(MethodInvocationHelper.java:69)
	at org.testng.internal.invokers.ConfigInvoker.invokeConfigurationMethod(ConfigInvoker.java:390)
	at org.testng.internal.invokers.ConfigInvoker.invokeConfigurations(ConfigInvoker.java:325)
	at org.testng.internal.invokers.TestInvoker.runConfigMethods(TestInvoker.java:810)
	at org.testng.internal.invokers.TestInvoker.invokeMethod(TestInvoker.java:577)
	at org.testng.internal.invokers.TestInvoker.invokeTestMethod(TestInvoker.java:227)
	at org.testng.internal.invokers.MethodRunner.runInSequence(MethodRunner.java:50)
	at org.testng.internal.invokers.TestInvoker$MethodInvocationAgent.invoke(TestInvoker.java:957)
	at org.testng.internal.invokers.TestInvoker.invokeTestMethods(TestInvoker.java:200)
	at org.testng.internal.invokers.TestMethodWorker.invokeTestMethods(TestMethodWorker.java:148)
	at org.testng.internal.invokers.TestMethodWorker.run(TestMethodWorker.java:128)
	at java.base/java.util.concurrent.ThreadPoolExecutor.runWorker(ThreadPoolExecutor.java:1136)
	at java.base/java.util.concurrent.ThreadPoolExecutor$Worker.run(ThreadPoolExecutor.java:635)
	at java.base/java.lang.Thread.run(Thread.java:833)
</textarea>
				</td>
			</tr>
	</tbody>
</table>
</div>
					</div>
				</li>
				<li class="test-item"  status="skip" test-id="40"
					author=""
					tag=""
					device="">
					<div class="status-avatar skip-bg">
						<i class="fa fa-long-arrow-right text-white"></i>
					</div>
					<div class="open-test">
						<div class="test-detail">
							<p class="name">testWebDriverWait</p>
							<p class="duration text-sm">0h 0m 0s+1ms</p>
							<span class="datetime">03:20:59 AM</span>
						</div>
					</div>
					<div class="test-contents d-none">
						<div class="detail-head">
							<div class="p-v-10 d-inline-block">
								<div class="info">
									<h5 class="test-status text-skip">testWebDriverWait</h5>
									<span class='badge badge-success'>08.21.2023 03:20:59</span>
									<span class='badge badge-danger'>08.21.2023 03:20:59</span>
									<span class='badge badge-default'>0h 0m 0s+1ms</span>
								</div>
								<div class="m-t-10 m-l-5">
									
								</div>
							</div>
						</div>
<div class="detail-body mt-4">                                              
<table class="table table-sm">
	<thead><tr>
		<th class="status-col">Status</th>
		<th class="timestamp-col">Timestamp</th>
		<th class="details-col">Details</th>
	</tr></thead>
	<tbody>
			<tr class="event-row">
				<td><i class="fa fa-long-arrow-right text-skip"></i></td>
				<td>3:20:59 AM</td>
				<td>
						<textarea disabled class="code-block">java.lang.IllegalArgumentException: http://:-1/json/version could not be parsed into a proper Uri, missing host
	at org.asynchttpclient.uri.Uri.create(Uri.java:73)
	at org.asynchttpclient.uri.Uri.create(Uri.java:62)
	at org.asynchttpclient.RequestBuilderBase.setUrl(RequestBuilderBase.java:147)
	at org.asynchttpclient.Dsl.request(Dsl.java:73)
	at org.openqa.selenium.remote.http.netty.NettyMessages.toNettyRequest(NettyMessages.java:57)
	at org.openqa.selenium.remote.http.netty.NettyHttpHandler.makeCall(NettyHttpHandler.java:55)
	at org.openqa.selenium.remote.http.AddSeleniumUserAgent.lambda$apply$0(AddSeleniumUserAgent.java:42)
	at org.openqa.selenium.remote.http.Filter.lambda$andFinally$1(Filter.java:55)
	at org.openqa.selenium.remote.http.netty.NettyHttpHandler.execute(NettyHttpHandler.java:48)
	at org.openqa.selenium.remote.http.netty.NettyClient.execute(NettyClient.java:96)
	at org.openqa.selenium.devtools.CdpEndpointFinder.getCdpEndPoint(CdpEndpointFinder.java:58)
	at org.openqa.selenium.chromium.ChromiumDriver.lambda$new$3(ChromiumDriver.java:144)
	at java.base/java.util.Optional.flatMap(Optional.java:289)
	at org.openqa.selenium.chromium.ChromiumDriver.<init>(ChromiumDriver.java:144)
	at org.openqa.selenium.chrome.ChromeDriver.<init>(ChromeDriver.java:88)
	at org.openqa.selenium.chrome.ChromeDriver.<init>(ChromeDriver.java:83)
	at org.openqa.selenium.chrome.ChromeDriver.<init>(ChromeDriver.java:72)
	at webDriverPractice.utilities.InitialComponents.launchBrowser(InitialComponents.java:58)
	at webDriverPractice.test.R0009Synchronization.setupInitialComponents(R0009Synchronization.java:24)
	at java.base/jdk.internal.reflect.NativeMethodAccessorImpl.invoke0(Native Method)
	at java.base/jdk.internal.reflect.NativeMethodAccessorImpl.invoke(NativeMethodAccessorImpl.java:77)
	at java.base/jdk.internal.reflect.DelegatingMethodAccessorImpl.invoke(DelegatingMethodAccessorImpl.java:43)
	at java.base/java.lang.reflect.Method.invoke(Method.java:568)
	at org.testng.internal.invokers.MethodInvocationHelper.invokeMethod(MethodInvocationHelper.java:139)
	at org.testng.internal.invokers.MethodInvocationHelper.invokeMethodConsideringTimeout(MethodInvocationHelper.java:69)
	at org.testng.internal.invokers.ConfigInvoker.invokeConfigurationMethod(ConfigInvoker.java:390)
	at org.testng.internal.invokers.ConfigInvoker.invokeConfigurations(ConfigInvoker.java:325)
	at org.testng.internal.invokers.TestInvoker.runConfigMethods(TestInvoker.java:810)
	at org.testng.internal.invokers.TestInvoker.invokeMethod(TestInvoker.java:577)
	at org.testng.internal.invokers.TestInvoker.invokeTestMethod(TestInvoker.java:227)
	at org.testng.internal.invokers.MethodRunner.runInSequence(MethodRunner.java:50)
	at org.testng.internal.invokers.TestInvoker$MethodInvocationAgent.invoke(TestInvoker.java:957)
	at org.testng.internal.invokers.TestInvoker.invokeTestMethods(TestInvoker.java:200)
	at org.testng.internal.invokers.TestMethodWorker.invokeTestMethods(TestMethodWorker.java:148)
	at org.testng.internal.invokers.TestMethodWorker.run(TestMethodWorker.java:128)
	at java.base/java.util.concurrent.ThreadPoolExecutor.runWorker(ThreadPoolExecutor.java:1136)
	at java.base/java.util.concurrent.ThreadPoolExecutor$Worker.run(ThreadPoolExecutor.java:635)
	at java.base/java.lang.Thread.run(Thread.java:833)
</textarea>
				</td>
			</tr>
	</tbody>
</table>
</div>
					</div>
				</li>
				<li class="test-item"  status="pass" test-id="41"
					author=""
					tag=""
					device="">
					<div class="status-avatar pass-bg">
						<i class="fa fa-check text-white"></i>
					</div>
					<div class="open-test">
						<div class="test-detail">
							<p class="name">testThreadSafeDriver</p>
							<p class="duration text-sm">0h 0m 9s+614ms</p>
							<span class="datetime">03:20:59 AM</span>
						</div>
					</div>
					<div class="test-contents d-none">
						<div class="detail-head">
							<div class="p-v-10 d-inline-block">
								<div class="info">
									<h5 class="test-status text-pass">testThreadSafeDriver</h5>
									<span class='badge badge-success'>08.21.2023 03:20:59</span>
									<span class='badge badge-danger'>08.21.2023 03:21:09</span>
									<span class='badge badge-default'>0h 0m 9s+614ms</span>
								</div>
								<div class="m-t-10 m-l-5">
									
								</div>
							</div>
						</div>
<div class="detail-body mt-4">                                              
<table class="table table-sm">
	<thead><tr>
		<th class="status-col">Status</th>
		<th class="timestamp-col">Timestamp</th>
		<th class="details-col">Details</th>
	</tr></thead>
	<tbody>
			<tr class="event-row">
				<td><i class="fa fa-check text-pass"></i></td>
				<td>3:21:09 AM</td>
				<td>
						passed
				</td>
			</tr>
	</tbody>
</table>
</div>
					</div>
				</li>
				<li class="test-item"  status="pass" test-id="42"
					author=""
					tag=""
					device="">
					<div class="status-avatar pass-bg">
						<i class="fa fa-check text-white"></i>
					</div>
					<div class="open-test">
						<div class="test-detail">
							<p class="name">testFrame</p>
							<p class="duration text-sm">0h 0m 2s+787ms</p>
							<span class="datetime">03:21:03 AM</span>
						</div>
					</div>
					<div class="test-contents d-none">
						<div class="detail-head">
							<div class="p-v-10 d-inline-block">
								<div class="info">
									<h5 class="test-status text-pass">testFrame</h5>
									<span class='badge badge-success'>08.21.2023 03:21:03</span>
									<span class='badge badge-danger'>08.21.2023 03:21:06</span>
									<span class='badge badge-default'>0h 0m 2s+787ms</span>
								</div>
								<div class="m-t-10 m-l-5">
									
								</div>
							</div>
						</div>
<div class="detail-body mt-4">                                              
<table class="table table-sm">
	<thead><tr>
		<th class="status-col">Status</th>
		<th class="timestamp-col">Timestamp</th>
		<th class="details-col">Details</th>
	</tr></thead>
	<tbody>
			<tr class="event-row">
				<td><i class="fa fa-check text-pass"></i></td>
				<td>3:21:06 AM</td>
				<td>
						passed
				</td>
			</tr>
	</tbody>
</table>
</div>
					</div>
				</li>
				<li class="test-item"  status="skip" test-id="43"
					author=""
					tag=""
					device="">
					<div class="status-avatar skip-bg">
						<i class="fa fa-long-arrow-right text-white"></i>
					</div>
					<div class="open-test">
						<div class="test-detail">
							<p class="name">testdynamicWebTable</p>
							<p class="duration text-sm">0h 0m 0s+0ms</p>
							<span class="datetime">03:21:11 AM</span>
						</div>
					</div>
					<div class="test-contents d-none">
						<div class="detail-head">
							<div class="p-v-10 d-inline-block">
								<div class="info">
									<h5 class="test-status text-skip">testdynamicWebTable</h5>
									<span class='badge badge-success'>08.21.2023 03:21:11</span>
									<span class='badge badge-danger'>08.21.2023 03:21:11</span>
									<span class='badge badge-default'>0h 0m 0s+0ms</span>
								</div>
								<div class="m-t-10 m-l-5">
									
								</div>
							</div>
						</div>
<div class="detail-body mt-4">                                              
<table class="table table-sm">
	<thead><tr>
		<th class="status-col">Status</th>
		<th class="timestamp-col">Timestamp</th>
		<th class="details-col">Details</th>
	</tr></thead>
	<tbody>
			<tr class="event-row">
				<td><i class="fa fa-long-arrow-right text-skip"></i></td>
				<td>3:21:11 AM</td>
				<td>
						<textarea disabled class="code-block">java.lang.IllegalArgumentException: http://:-1/json/version could not be parsed into a proper Uri, missing host
	at org.asynchttpclient.uri.Uri.create(Uri.java:73)
	at org.asynchttpclient.uri.Uri.create(Uri.java:62)
	at org.asynchttpclient.RequestBuilderBase.setUrl(RequestBuilderBase.java:147)
	at org.asynchttpclient.Dsl.request(Dsl.java:73)
	at org.openqa.selenium.remote.http.netty.NettyMessages.toNettyRequest(NettyMessages.java:57)
	at org.openqa.selenium.remote.http.netty.NettyHttpHandler.makeCall(NettyHttpHandler.java:55)
	at org.openqa.selenium.remote.http.AddSeleniumUserAgent.lambda$apply$0(AddSeleniumUserAgent.java:42)
	at org.openqa.selenium.remote.http.Filter.lambda$andFinally$1(Filter.java:55)
	at org.openqa.selenium.remote.http.netty.NettyHttpHandler.execute(NettyHttpHandler.java:48)
	at org.openqa.selenium.remote.http.netty.NettyClient.execute(NettyClient.java:96)
	at org.openqa.selenium.devtools.CdpEndpointFinder.getCdpEndPoint(CdpEndpointFinder.java:58)
	at org.openqa.selenium.chromium.ChromiumDriver.lambda$new$3(ChromiumDriver.java:144)
	at java.base/java.util.Optional.flatMap(Optional.java:289)
	at org.openqa.selenium.chromium.ChromiumDriver.<init>(ChromiumDriver.java:144)
	at org.openqa.selenium.chrome.ChromeDriver.<init>(ChromeDriver.java:88)
	at org.openqa.selenium.chrome.ChromeDriver.<init>(ChromeDriver.java:83)
	at org.openqa.selenium.chrome.ChromeDriver.<init>(ChromeDriver.java:72)
	at webDriverPractice.utilities.InitialComponents.launchBrowser(InitialComponents.java:58)
	at webDriverPractice.test.R0015WebTableHandling.setupInitialComponents(R0015WebTableHandling.java:18)
	at java.base/jdk.internal.reflect.NativeMethodAccessorImpl.invoke0(Native Method)
	at java.base/jdk.internal.reflect.NativeMethodAccessorImpl.invoke(NativeMethodAccessorImpl.java:77)
	at java.base/jdk.internal.reflect.DelegatingMethodAccessorImpl.invoke(DelegatingMethodAccessorImpl.java:43)
	at java.base/java.lang.reflect.Method.invoke(Method.java:568)
	at org.testng.internal.invokers.MethodInvocationHelper.invokeMethod(MethodInvocationHelper.java:139)
	at org.testng.internal.invokers.MethodInvocationHelper.invokeMethodConsideringTimeout(MethodInvocationHelper.java:69)
	at org.testng.internal.invokers.ConfigInvoker.invokeConfigurationMethod(ConfigInvoker.java:390)
	at org.testng.internal.invokers.ConfigInvoker.invokeConfigurations(ConfigInvoker.java:325)
	at org.testng.internal.invokers.TestInvoker.runConfigMethods(TestInvoker.java:810)
	at org.testng.internal.invokers.TestInvoker.invokeMethod(TestInvoker.java:577)
	at org.testng.internal.invokers.TestInvoker.invokeTestMethod(TestInvoker.java:227)
	at org.testng.internal.invokers.MethodRunner.runInSequence(MethodRunner.java:50)
	at org.testng.internal.invokers.TestInvoker$MethodInvocationAgent.invoke(TestInvoker.java:957)
	at org.testng.internal.invokers.TestInvoker.invokeTestMethods(TestInvoker.java:200)
	at org.testng.internal.invokers.TestMethodWorker.invokeTestMethods(TestMethodWorker.java:148)
	at org.testng.internal.invokers.TestMethodWorker.run(TestMethodWorker.java:128)
	at java.base/java.util.concurrent.ThreadPoolExecutor.runWorker(ThreadPoolExecutor.java:1136)
	at java.base/java.util.concurrent.ThreadPoolExecutor$Worker.run(ThreadPoolExecutor.java:635)
	at java.base/java.lang.Thread.run(Thread.java:833)
</textarea>
				</td>
			</tr>
	</tbody>
</table>
</div>
					</div>
				</li>
				<li class="test-item"  status="skip" test-id="44"
					author=""
					tag=""
					device="">
					<div class="status-avatar skip-bg">
						<i class="fa fa-long-arrow-right text-white"></i>
					</div>
					<div class="open-test">
						<div class="test-detail">
							<p class="name">testDynamicCalendar</p>
							<p class="duration text-sm">0h 0m 0s+1ms</p>
							<span class="datetime">03:21:13 AM</span>
						</div>
					</div>
					<div class="test-contents d-none">
						<div class="detail-head">
							<div class="p-v-10 d-inline-block">
								<div class="info">
									<h5 class="test-status text-skip">testDynamicCalendar</h5>
									<span class='badge badge-success'>08.21.2023 03:21:13</span>
									<span class='badge badge-danger'>08.21.2023 03:21:13</span>
									<span class='badge badge-default'>0h 0m 0s+1ms</span>
								</div>
								<div class="m-t-10 m-l-5">
									
								</div>
							</div>
						</div>
<div class="detail-body mt-4">                                              
<table class="table table-sm">
	<thead><tr>
		<th class="status-col">Status</th>
		<th class="timestamp-col">Timestamp</th>
		<th class="details-col">Details</th>
	</tr></thead>
	<tbody>
			<tr class="event-row">
				<td><i class="fa fa-long-arrow-right text-skip"></i></td>
				<td>3:21:13 AM</td>
				<td>
						<textarea disabled class="code-block">java.lang.IllegalArgumentException: http://:-1/json/version could not be parsed into a proper Uri, missing host
	at org.asynchttpclient.uri.Uri.create(Uri.java:73)
	at org.asynchttpclient.uri.Uri.create(Uri.java:62)
	at org.asynchttpclient.RequestBuilderBase.setUrl(RequestBuilderBase.java:147)
	at org.asynchttpclient.Dsl.request(Dsl.java:73)
	at org.openqa.selenium.remote.http.netty.NettyMessages.toNettyRequest(NettyMessages.java:57)
	at org.openqa.selenium.remote.http.netty.NettyHttpHandler.makeCall(NettyHttpHandler.java:55)
	at org.openqa.selenium.remote.http.AddSeleniumUserAgent.lambda$apply$0(AddSeleniumUserAgent.java:42)
	at org.openqa.selenium.remote.http.Filter.lambda$andFinally$1(Filter.java:55)
	at org.openqa.selenium.remote.http.netty.NettyHttpHandler.execute(NettyHttpHandler.java:48)
	at org.openqa.selenium.remote.http.netty.NettyClient.execute(NettyClient.java:96)
	at org.openqa.selenium.devtools.CdpEndpointFinder.getCdpEndPoint(CdpEndpointFinder.java:58)
	at org.openqa.selenium.chromium.ChromiumDriver.lambda$new$3(ChromiumDriver.java:144)
	at java.base/java.util.Optional.flatMap(Optional.java:289)
	at org.openqa.selenium.chromium.ChromiumDriver.<init>(ChromiumDriver.java:144)
	at org.openqa.selenium.chrome.ChromeDriver.<init>(ChromeDriver.java:88)
	at org.openqa.selenium.chrome.ChromeDriver.<init>(ChromeDriver.java:83)
	at org.openqa.selenium.chrome.ChromeDriver.<init>(ChromeDriver.java:72)
	at webDriverPractice.utilities.InitialComponents.launchBrowser(InitialComponents.java:58)
	at webDriverPractice.test.R0016CalederHandling$R0015_WebTableHandling.setupInitialComponents(R0016CalederHandling.java:35)
	at java.base/jdk.internal.reflect.NativeMethodAccessorImpl.invoke0(Native Method)
	at java.base/jdk.internal.reflect.NativeMethodAccessorImpl.invoke(NativeMethodAccessorImpl.java:77)
	at java.base/jdk.internal.reflect.DelegatingMethodAccessorImpl.invoke(DelegatingMethodAccessorImpl.java:43)
	at java.base/java.lang.reflect.Method.invoke(Method.java:568)
	at org.testng.internal.invokers.MethodInvocationHelper.invokeMethod(MethodInvocationHelper.java:139)
	at org.testng.internal.invokers.MethodInvocationHelper.invokeMethodConsideringTimeout(MethodInvocationHelper.java:69)
	at org.testng.internal.invokers.ConfigInvoker.invokeConfigurationMethod(ConfigInvoker.java:390)
	at org.testng.internal.invokers.ConfigInvoker.invokeConfigurations(ConfigInvoker.java:325)
	at org.testng.internal.invokers.TestInvoker.runConfigMethods(TestInvoker.java:810)
	at org.testng.internal.invokers.TestInvoker.invokeMethod(TestInvoker.java:577)
	at org.testng.internal.invokers.TestInvoker.invokeTestMethod(TestInvoker.java:227)
	at org.testng.internal.invokers.MethodRunner.runInSequence(MethodRunner.java:50)
	at org.testng.internal.invokers.TestInvoker$MethodInvocationAgent.invoke(TestInvoker.java:957)
	at org.testng.internal.invokers.TestInvoker.invokeTestMethods(TestInvoker.java:200)
	at org.testng.internal.invokers.TestMethodWorker.invokeTestMethods(TestMethodWorker.java:148)
	at org.testng.internal.invokers.TestMethodWorker.run(TestMethodWorker.java:128)
	at java.base/java.util.concurrent.ThreadPoolExecutor.runWorker(ThreadPoolExecutor.java:1136)
	at java.base/java.util.concurrent.ThreadPoolExecutor$Worker.run(ThreadPoolExecutor.java:635)
	at java.base/java.lang.Thread.run(Thread.java:833)
</textarea>
				</td>
			</tr>
	</tbody>
</table>
</div>
					</div>
				</li>
				<li class="test-item"  status="skip" test-id="45"
					author=""
					tag=""
					device="">
					<div class="status-avatar skip-bg">
						<i class="fa fa-long-arrow-right text-white"></i>
					</div>
					<div class="open-test">
						<div class="test-detail">
							<p class="name">testMouseHover</p>
							<p class="duration text-sm">0h 0m 3s+508ms</p>
							<span class="datetime">03:21:13 AM</span>
						</div>
					</div>
					<div class="test-contents d-none">
						<div class="detail-head">
							<div class="p-v-10 d-inline-block">
								<div class="info">
									<h5 class="test-status text-skip">testMouseHover</h5>
									<span class='badge badge-success'>08.21.2023 03:21:13</span>
									<span class='badge badge-danger'>08.21.2023 03:21:16</span>
									<span class='badge badge-default'>0h 0m 3s+508ms</span>
								</div>
								<div class="m-t-10 m-l-5">
									
								</div>
							</div>
						</div>
<div class="detail-body mt-4">                                              
<table class="table table-sm">
	<thead><tr>
		<th class="status-col">Status</th>
		<th class="timestamp-col">Timestamp</th>
		<th class="details-col">Details</th>
	</tr></thead>
	<tbody>
			<tr class="event-row">
				<td><i class="fa fa-long-arrow-right text-skip"></i></td>
				<td>3:21:16 AM</td>
				<td>
						<textarea disabled class="code-block">java.lang.IllegalArgumentException: http://:-1/json/version could not be parsed into a proper Uri, missing host
	at org.asynchttpclient.uri.Uri.create(Uri.java:73)
	at org.asynchttpclient.uri.Uri.create(Uri.java:62)
	at org.asynchttpclient.RequestBuilderBase.setUrl(RequestBuilderBase.java:147)
	at org.asynchttpclient.Dsl.request(Dsl.java:73)
	at org.openqa.selenium.remote.http.netty.NettyMessages.toNettyRequest(NettyMessages.java:57)
	at org.openqa.selenium.remote.http.netty.NettyHttpHandler.makeCall(NettyHttpHandler.java:55)
	at org.openqa.selenium.remote.http.AddSeleniumUserAgent.lambda$apply$0(AddSeleniumUserAgent.java:42)
	at org.openqa.selenium.remote.http.Filter.lambda$andFinally$1(Filter.java:55)
	at org.openqa.selenium.remote.http.netty.NettyHttpHandler.execute(NettyHttpHandler.java:48)
	at org.openqa.selenium.remote.http.netty.NettyClient.execute(NettyClient.java:96)
	at org.openqa.selenium.devtools.CdpEndpointFinder.getCdpEndPoint(CdpEndpointFinder.java:58)
	at org.openqa.selenium.chromium.ChromiumDriver.lambda$new$3(ChromiumDriver.java:144)
	at java.base/java.util.Optional.flatMap(Optional.java:289)
	at org.openqa.selenium.chromium.ChromiumDriver.<init>(ChromiumDriver.java:144)
	at org.openqa.selenium.chrome.ChromeDriver.<init>(ChromeDriver.java:88)
	at org.openqa.selenium.chrome.ChromeDriver.<init>(ChromeDriver.java:83)
	at org.openqa.selenium.chrome.ChromeDriver.<init>(ChromeDriver.java:72)
	at webDriverPractice.utilities.InitialComponents.launchBrowser(InitialComponents.java:58)
	at webDriverPractice.test.R0010ActionsClass.testMouseHover(R0010ActionsClass.java:22)
	at java.base/jdk.internal.reflect.NativeMethodAccessorImpl.invoke0(Native Method)
	at java.base/jdk.internal.reflect.NativeMethodAccessorImpl.invoke(NativeMethodAccessorImpl.java:77)
	at java.base/jdk.internal.reflect.DelegatingMethodAccessorImpl.invoke(DelegatingMethodAccessorImpl.java:43)
	at java.base/java.lang.reflect.Method.invoke(Method.java:568)
	at org.testng.internal.invokers.MethodInvocationHelper.invokeMethod(MethodInvocationHelper.java:139)
	at org.testng.internal.invokers.TestInvoker.invokeMethod(TestInvoker.java:664)
	at org.testng.internal.invokers.TestInvoker.invokeTestMethod(TestInvoker.java:227)
	at org.testng.internal.invokers.MethodRunner.runInSequence(MethodRunner.java:50)
	at org.testng.internal.invokers.TestInvoker$MethodInvocationAgent.invoke(TestInvoker.java:957)
	at org.testng.internal.invokers.TestInvoker.invokeTestMethods(TestInvoker.java:200)
	at org.testng.internal.invokers.TestMethodWorker.invokeTestMethods(TestMethodWorker.java:148)
	at org.testng.internal.invokers.TestMethodWorker.run(TestMethodWorker.java:128)
	at java.base/java.util.concurrent.ThreadPoolExecutor.runWorker(ThreadPoolExecutor.java:1136)
	at java.base/java.util.concurrent.ThreadPoolExecutor$Worker.run(ThreadPoolExecutor.java:635)
	at java.base/java.lang.Thread.run(Thread.java:833)
</textarea>
				</td>
			</tr>
	</tbody>
</table>
</div>
					</div>
				</li>
				<li class="test-item"  status="skip" test-id="46"
					author=""
					tag=""
					device="">
					<div class="status-avatar skip-bg">
						<i class="fa fa-long-arrow-right text-white"></i>
					</div>
					<div class="open-test">
						<div class="test-detail">
							<p class="name">testJavaScriptExecutor</p>
							<p class="duration text-sm">0h 0m 0s+0ms</p>
							<span class="datetime">03:21:15 AM</span>
						</div>
					</div>
					<div class="test-contents d-none">
						<div class="detail-head">
							<div class="p-v-10 d-inline-block">
								<div class="info">
									<h5 class="test-status text-skip">testJavaScriptExecutor</h5>
									<span class='badge badge-success'>08.21.2023 03:21:15</span>
									<span class='badge badge-danger'>08.21.2023 03:21:15</span>
									<span class='badge badge-default'>0h 0m 0s+0ms</span>
								</div>
								<div class="m-t-10 m-l-5">
									
								</div>
							</div>
						</div>
<div class="detail-body mt-4">                                              
<table class="table table-sm">
	<thead><tr>
		<th class="status-col">Status</th>
		<th class="timestamp-col">Timestamp</th>
		<th class="details-col">Details</th>
	</tr></thead>
	<tbody>
			<tr class="event-row">
				<td><i class="fa fa-long-arrow-right text-skip"></i></td>
				<td>3:21:15 AM</td>
				<td>
						<textarea disabled class="code-block">java.lang.IllegalArgumentException: http://:-1/json/version could not be parsed into a proper Uri, missing host
	at org.asynchttpclient.uri.Uri.create(Uri.java:73)
	at org.asynchttpclient.uri.Uri.create(Uri.java:62)
	at org.asynchttpclient.RequestBuilderBase.setUrl(RequestBuilderBase.java:147)
	at org.asynchttpclient.Dsl.request(Dsl.java:73)
	at org.openqa.selenium.remote.http.netty.NettyMessages.toNettyRequest(NettyMessages.java:57)
	at org.openqa.selenium.remote.http.netty.NettyHttpHandler.makeCall(NettyHttpHandler.java:55)
	at org.openqa.selenium.remote.http.AddSeleniumUserAgent.lambda$apply$0(AddSeleniumUserAgent.java:42)
	at org.openqa.selenium.remote.http.Filter.lambda$andFinally$1(Filter.java:55)
	at org.openqa.selenium.remote.http.netty.NettyHttpHandler.execute(NettyHttpHandler.java:48)
	at org.openqa.selenium.remote.http.netty.NettyClient.execute(NettyClient.java:96)
	at org.openqa.selenium.devtools.CdpEndpointFinder.getCdpEndPoint(CdpEndpointFinder.java:58)
	at org.openqa.selenium.chromium.ChromiumDriver.lambda$new$3(ChromiumDriver.java:144)
	at java.base/java.util.Optional.flatMap(Optional.java:289)
	at org.openqa.selenium.chromium.ChromiumDriver.<init>(ChromiumDriver.java:144)
	at org.openqa.selenium.chrome.ChromeDriver.<init>(ChromeDriver.java:88)
	at org.openqa.selenium.chrome.ChromeDriver.<init>(ChromeDriver.java:83)
	at org.openqa.selenium.chrome.ChromeDriver.<init>(ChromeDriver.java:72)
	at webDriverPractice.utilities.InitialComponents.launchBrowser(InitialComponents.java:58)
	at webDriverPractice.test.R0014JavaScriptExecutor.setupInitialComponents(R0014JavaScriptExecutor.java:17)
	at java.base/jdk.internal.reflect.NativeMethodAccessorImpl.invoke0(Native Method)
	at java.base/jdk.internal.reflect.NativeMethodAccessorImpl.invoke(NativeMethodAccessorImpl.java:77)
	at java.base/jdk.internal.reflect.DelegatingMethodAccessorImpl.invoke(DelegatingMethodAccessorImpl.java:43)
	at java.base/java.lang.reflect.Method.invoke(Method.java:568)
	at org.testng.internal.invokers.MethodInvocationHelper.invokeMethod(MethodInvocationHelper.java:139)
	at org.testng.internal.invokers.MethodInvocationHelper.invokeMethodConsideringTimeout(MethodInvocationHelper.java:69)
	at org.testng.internal.invokers.ConfigInvoker.invokeConfigurationMethod(ConfigInvoker.java:390)
	at org.testng.internal.invokers.ConfigInvoker.invokeConfigurations(ConfigInvoker.java:325)
	at org.testng.internal.invokers.TestInvoker.runConfigMethods(TestInvoker.java:810)
	at org.testng.internal.invokers.TestInvoker.invokeMethod(TestInvoker.java:577)
	at org.testng.internal.invokers.TestInvoker.invokeTestMethod(TestInvoker.java:227)
	at org.testng.internal.invokers.MethodRunner.runInSequence(MethodRunner.java:50)
	at org.testng.internal.invokers.TestInvoker$MethodInvocationAgent.invoke(TestInvoker.java:957)
	at org.testng.internal.invokers.TestInvoker.invokeTestMethods(TestInvoker.java:200)
	at org.testng.internal.invokers.TestMethodWorker.invokeTestMethods(TestMethodWorker.java:148)
	at org.testng.internal.invokers.TestMethodWorker.run(TestMethodWorker.java:128)
	at java.base/java.util.concurrent.ThreadPoolExecutor.runWorker(ThreadPoolExecutor.java:1136)
	at java.base/java.util.concurrent.ThreadPoolExecutor$Worker.run(ThreadPoolExecutor.java:635)
	at java.base/java.lang.Thread.run(Thread.java:833)
</textarea>
				</td>
			</tr>
	</tbody>
</table>
</div>
					</div>
				</li>
				<li class="test-item"  status="pass" test-id="47"
					author=""
					tag=""
					device="">
					<div class="status-avatar pass-bg">
						<i class="fa fa-check text-white"></i>
					</div>
					<div class="open-test">
						<div class="test-detail">
							<p class="name">partialLinkText_LocatorTest</p>
							<p class="duration text-sm">0h 0m 2s+873ms</p>
							<span class="datetime">03:21:23 AM</span>
						</div>
					</div>
					<div class="test-contents d-none">
						<div class="detail-head">
							<div class="p-v-10 d-inline-block">
								<div class="info">
									<h5 class="test-status text-pass">partialLinkText_LocatorTest</h5>
									<span class='badge badge-success'>08.21.2023 03:21:23</span>
									<span class='badge badge-danger'>08.21.2023 03:21:26</span>
									<span class='badge badge-default'>0h 0m 2s+873ms</span>
								</div>
								<div class="m-t-10 m-l-5">
									
								</div>
							</div>
						</div>
<div class="detail-body mt-4">                                              
<table class="table table-sm">
	<thead><tr>
		<th class="status-col">Status</th>
		<th class="timestamp-col">Timestamp</th>
		<th class="details-col">Details</th>
	</tr></thead>
	<tbody>
			<tr class="event-row">
				<td><i class="fa fa-check text-pass"></i></td>
				<td>3:21:26 AM</td>
				<td>
						passed
				</td>
			</tr>
	</tbody>
</table>
</div>
					</div>
				</li>
				<li class="test-item"  status="fail" test-id="48"
					author=""
					tag=""
					device="">
					<div class="status-avatar fail-bg">
						<i class="fa fa-times text-white"></i>
					</div>
					<div class="open-test">
						<div class="test-detail">
							<p class="name">testMouseHover</p>
							<p class="duration text-sm">0h 0m 2s+473ms</p>
							<span class="datetime">03:21:26 AM</span>
						</div>
					</div>
					<div class="test-contents d-none">
						<div class="detail-head">
							<div class="p-v-10 d-inline-block">
								<div class="info">
									<h5 class="test-status text-fail">testMouseHover</h5>
									<span class='badge badge-success'>08.21.2023 03:21:26</span>
									<span class='badge badge-danger'>08.21.2023 03:21:29</span>
									<span class='badge badge-default'>0h 0m 2s+473ms</span>
								</div>
								<div class="m-t-10 m-l-5">
									
								</div>
							</div>
						</div>
<div class="detail-body mt-4">                                              
<table class="table table-sm">
	<thead><tr>
		<th class="status-col">Status</th>
		<th class="timestamp-col">Timestamp</th>
		<th class="details-col">Details</th>
	</tr></thead>
	<tbody>
			<tr class="event-row">
				<td><i class="fa fa-times text-fail"></i></td>
				<td>3:21:29 AM</td>
				<td>
						<textarea disabled class="code-block">java.lang.IllegalArgumentException: http://:-1/json/version could not be parsed into a proper Uri, missing host
	at org.asynchttpclient.uri.Uri.create(Uri.java:73)
	at org.asynchttpclient.uri.Uri.create(Uri.java:62)
	at org.asynchttpclient.RequestBuilderBase.setUrl(RequestBuilderBase.java:147)
	at org.asynchttpclient.Dsl.request(Dsl.java:73)
	at org.openqa.selenium.remote.http.netty.NettyMessages.toNettyRequest(NettyMessages.java:57)
	at org.openqa.selenium.remote.http.netty.NettyHttpHandler.makeCall(NettyHttpHandler.java:55)
	at org.openqa.selenium.remote.http.AddSeleniumUserAgent.lambda$apply$0(AddSeleniumUserAgent.java:42)
	at org.openqa.selenium.remote.http.Filter.lambda$andFinally$1(Filter.java:55)
	at org.openqa.selenium.remote.http.netty.NettyHttpHandler.execute(NettyHttpHandler.java:48)
	at org.openqa.selenium.remote.http.netty.NettyClient.execute(NettyClient.java:96)
	at org.openqa.selenium.devtools.CdpEndpointFinder.getCdpEndPoint(CdpEndpointFinder.java:58)
	at org.openqa.selenium.chromium.ChromiumDriver.lambda$new$3(ChromiumDriver.java:144)
	at java.base/java.util.Optional.flatMap(Optional.java:289)
	at org.openqa.selenium.chromium.ChromiumDriver.<init>(ChromiumDriver.java:144)
	at org.openqa.selenium.chrome.ChromeDriver.<init>(ChromeDriver.java:88)
	at org.openqa.selenium.chrome.ChromeDriver.<init>(ChromeDriver.java:83)
	at org.openqa.selenium.chrome.ChromeDriver.<init>(ChromeDriver.java:72)
	at webDriverPractice.utilities.InitialComponents.launchBrowser(InitialComponents.java:58)
	at webDriverPractice.test.R0010ActionsClass.testMouseHover(R0010ActionsClass.java:22)
	at java.base/jdk.internal.reflect.NativeMethodAccessorImpl.invoke0(Native Method)
	at java.base/jdk.internal.reflect.NativeMethodAccessorImpl.invoke(NativeMethodAccessorImpl.java:77)
	at java.base/jdk.internal.reflect.DelegatingMethodAccessorImpl.invoke(DelegatingMethodAccessorImpl.java:43)
	at java.base/java.lang.reflect.Method.invoke(Method.java:568)
	at org.testng.internal.invokers.MethodInvocationHelper.invokeMethod(MethodInvocationHelper.java:139)
	at org.testng.internal.invokers.TestInvoker.invokeMethod(TestInvoker.java:664)
	at org.testng.internal.invokers.TestInvoker.retryFailed(TestInvoker.java:248)
	at org.testng.internal.invokers.MethodRunner.runInSequence(MethodRunner.java:62)
	at org.testng.internal.invokers.TestInvoker$MethodInvocationAgent.invoke(TestInvoker.java:957)
	at org.testng.internal.invokers.TestInvoker.invokeTestMethods(TestInvoker.java:200)
	at org.testng.internal.invokers.TestMethodWorker.invokeTestMethods(TestMethodWorker.java:148)
	at org.testng.internal.invokers.TestMethodWorker.run(TestMethodWorker.java:128)
	at java.base/java.util.concurrent.ThreadPoolExecutor.runWorker(ThreadPoolExecutor.java:1136)
	at java.base/java.util.concurrent.ThreadPoolExecutor$Worker.run(ThreadPoolExecutor.java:635)
	at java.base/java.lang.Thread.run(Thread.java:833)
</textarea>
				</td>
			</tr>
			<tr class="event-row">
				<td><i class="fa fa-times text-fail"></i></td>
				<td>3:21:29 AM</td>
				<td>
						<textarea disabled class="code-block">java.lang.NullPointerException: Cannot invoke "org.openqa.selenium.TakesScreenshot.getScreenshotAs(org.openqa.selenium.OutputType)" because "this.driver" is null
	at webDriverPractice.listeners.ListenersAndReporter.onTestFailure(ListenersAndReporter.java:90)
	at org.testng.internal.TestListenerHelper.runTestListeners(TestListenerHelper.java:108)
	at org.testng.internal.invokers.TestInvoker.runTestResultListener(TestInvoker.java:262)
	at org.testng.internal.invokers.TestInvoker.invokeMethod(TestInvoker.java:751)
	at org.testng.internal.invokers.TestInvoker.retryFailed(TestInvoker.java:248)
	at org.testng.internal.invokers.MethodRunner.runInSequence(MethodRunner.java:62)
	at org.testng.internal.invokers.TestInvoker$MethodInvocationAgent.invoke(TestInvoker.java:957)
	at org.testng.internal.invokers.TestInvoker.invokeTestMethods(TestInvoker.java:200)
	at org.testng.internal.invokers.TestMethodWorker.invokeTestMethods(TestMethodWorker.java:148)
	at org.testng.internal.invokers.TestMethodWorker.run(TestMethodWorker.java:128)
	at java.base/java.util.concurrent.ThreadPoolExecutor.runWorker(ThreadPoolExecutor.java:1136)
	at java.base/java.util.concurrent.ThreadPoolExecutor$Worker.run(ThreadPoolExecutor.java:635)
	at java.base/java.lang.Thread.run(Thread.java:833)
</textarea>
				</td>
			</tr>
	</tbody>
</table>
</div>
					</div>
				</li>
				<li class="test-item"  status="pass" test-id="49"
					author=""
					tag=""
					device="">
					<div class="status-avatar pass-bg">
						<i class="fa fa-check text-white"></i>
					</div>
					<div class="open-test">
						<div class="test-detail">
							<p class="name">testThreadSafeDriver</p>
							<p class="duration text-sm">0h 0m 5s+196ms</p>
							<span class="datetime">03:21:33 AM</span>
						</div>
					</div>
					<div class="test-contents d-none">
						<div class="detail-head">
							<div class="p-v-10 d-inline-block">
								<div class="info">
									<h5 class="test-status text-pass">testThreadSafeDriver</h5>
									<span class='badge badge-success'>08.21.2023 03:21:33</span>
									<span class='badge badge-danger'>08.21.2023 03:21:39</span>
									<span class='badge badge-default'>0h 0m 5s+196ms</span>
								</div>
								<div class="m-t-10 m-l-5">
									
								</div>
							</div>
						</div>
<div class="detail-body mt-4">                                              
<table class="table table-sm">
	<thead><tr>
		<th class="status-col">Status</th>
		<th class="timestamp-col">Timestamp</th>
		<th class="details-col">Details</th>
	</tr></thead>
	<tbody>
			<tr class="event-row">
				<td><i class="fa fa-check text-pass"></i></td>
				<td>3:21:39 AM</td>
				<td>
						passed
				</td>
			</tr>
	</tbody>
</table>
</div>
					</div>
				</li>
				<li class="test-item"  status="pass" test-id="50"
					author=""
					tag=""
					device="">
					<div class="status-avatar pass-bg">
						<i class="fa fa-check text-white"></i>
					</div>
					<div class="open-test">
						<div class="test-detail">
							<p class="name">relativeLocatorBelow</p>
							<p class="duration text-sm">0h 0m 1s+908ms</p>
							<span class="datetime">03:21:36 AM</span>
						</div>
					</div>
					<div class="test-contents d-none">
						<div class="detail-head">
							<div class="p-v-10 d-inline-block">
								<div class="info">
									<h5 class="test-status text-pass">relativeLocatorBelow</h5>
									<span class='badge badge-success'>08.21.2023 03:21:36</span>
									<span class='badge badge-danger'>08.21.2023 03:21:38</span>
									<span class='badge badge-default'>0h 0m 1s+908ms</span>
								</div>
								<div class="m-t-10 m-l-5">
									
								</div>
							</div>
						</div>
<div class="detail-body mt-4">                                              
<table class="table table-sm">
	<thead><tr>
		<th class="status-col">Status</th>
		<th class="timestamp-col">Timestamp</th>
		<th class="details-col">Details</th>
	</tr></thead>
	<tbody>
			<tr class="event-row">
				<td><i class="fa fa-check text-pass"></i></td>
				<td>3:21:38 AM</td>
				<td>
						passed
				</td>
			</tr>
	</tbody>
</table>
</div>
					</div>
				</li>
				<li class="test-item"  status="pass" test-id="51"
					author=""
					tag=""
					device="">
					<div class="status-avatar pass-bg">
						<i class="fa fa-check text-white"></i>
					</div>
					<div class="open-test">
						<div class="test-detail">
							<p class="name">testBrokenLink</p>
							<p class="duration text-sm">0h 5m 27s+986ms</p>
							<span class="datetime">03:21:39 AM</span>
						</div>
					</div>
					<div class="test-contents d-none">
						<div class="detail-head">
							<div class="p-v-10 d-inline-block">
								<div class="info">
									<h5 class="test-status text-pass">testBrokenLink</h5>
									<span class='badge badge-success'>08.21.2023 03:21:39</span>
									<span class='badge badge-danger'>08.21.2023 03:27:07</span>
									<span class='badge badge-default'>0h 5m 27s+986ms</span>
								</div>
								<div class="m-t-10 m-l-5">
									
								</div>
							</div>
						</div>
<div class="detail-body mt-4">                                              
<table class="table table-sm">
	<thead><tr>
		<th class="status-col">Status</th>
		<th class="timestamp-col">Timestamp</th>
		<th class="details-col">Details</th>
	</tr></thead>
	<tbody>
			<tr class="event-row">
				<td><i class="fa fa-check text-pass"></i></td>
				<td>3:27:07 AM</td>
				<td>
						passed
				</td>
			</tr>
	</tbody>
</table>
</div>
					</div>
				</li>
				<li class="test-item"  status="pass" test-id="52"
					author=""
					tag=""
					device="">
					<div class="status-avatar pass-bg">
						<i class="fa fa-check text-white"></i>
					</div>
					<div class="open-test">
						<div class="test-detail">
							<p class="name">relativeLocator_above</p>
							<p class="duration text-sm">0h 0m 2s+222ms</p>
							<span class="datetime">03:21:48 AM</span>
						</div>
					</div>
					<div class="test-contents d-none">
						<div class="detail-head">
							<div class="p-v-10 d-inline-block">
								<div class="info">
									<h5 class="test-status text-pass">relativeLocator_above</h5>
									<span class='badge badge-success'>08.21.2023 03:21:48</span>
									<span class='badge badge-danger'>08.21.2023 03:21:50</span>
									<span class='badge badge-default'>0h 0m 2s+222ms</span>
								</div>
								<div class="m-t-10 m-l-5">
									
								</div>
							</div>
						</div>
<div class="detail-body mt-4">                                              
<table class="table table-sm">
	<thead><tr>
		<th class="status-col">Status</th>
		<th class="timestamp-col">Timestamp</th>
		<th class="details-col">Details</th>
	</tr></thead>
	<tbody>
			<tr class="event-row">
				<td><i class="fa fa-check text-pass"></i></td>
				<td>3:21:50 AM</td>
				<td>
						passed
				</td>
			</tr>
	</tbody>
</table>
</div>
					</div>
				</li>
				<li class="test-item"  status="pass" test-id="53"
					author=""
					tag=""
					device="">
					<div class="status-avatar pass-bg">
						<i class="fa fa-check text-white"></i>
					</div>
					<div class="open-test">
						<div class="test-detail">
							<p class="name">tagName_LocatorTest</p>
							<p class="duration text-sm">0h 0m 0s+33ms</p>
							<span class="datetime">03:22:01 AM</span>
						</div>
					</div>
					<div class="test-contents d-none">
						<div class="detail-head">
							<div class="p-v-10 d-inline-block">
								<div class="info">
									<h5 class="test-status text-pass">tagName_LocatorTest</h5>
									<span class='badge badge-success'>08.21.2023 03:22:01</span>
									<span class='badge badge-danger'>08.21.2023 03:22:01</span>
									<span class='badge badge-default'>0h 0m 0s+33ms</span>
								</div>
								<div class="m-t-10 m-l-5">
									
								</div>
							</div>
						</div>
<div class="detail-body mt-4">                                              
<table class="table table-sm">
	<thead><tr>
		<th class="status-col">Status</th>
		<th class="timestamp-col">Timestamp</th>
		<th class="details-col">Details</th>
	</tr></thead>
	<tbody>
			<tr class="event-row">
				<td><i class="fa fa-check text-pass"></i></td>
				<td>3:22:01 AM</td>
				<td>
						passed
				</td>
			</tr>
	</tbody>
</table>
</div>
					</div>
				</li>
				<li class="test-item"  status="pass" test-id="54"
					author=""
					tag=""
					device="">
					<div class="status-avatar pass-bg">
						<i class="fa fa-check text-white"></i>
					</div>
					<div class="open-test">
						<div class="test-detail">
							<p class="name">xpath_LocatorTest</p>
							<p class="duration text-sm">0h 0m 0s+289ms</p>
							<span class="datetime">03:22:10 AM</span>
						</div>
					</div>
					<div class="test-contents d-none">
						<div class="detail-head">
							<div class="p-v-10 d-inline-block">
								<div class="info">
									<h5 class="test-status text-pass">xpath_LocatorTest</h5>
									<span class='badge badge-success'>08.21.2023 03:22:10</span>
									<span class='badge badge-danger'>08.21.2023 03:22:10</span>
									<span class='badge badge-default'>0h 0m 0s+289ms</span>
								</div>
								<div class="m-t-10 m-l-5">
									
								</div>
							</div>
						</div>
<div class="detail-body mt-4">                                              
<table class="table table-sm">
	<thead><tr>
		<th class="status-col">Status</th>
		<th class="timestamp-col">Timestamp</th>
		<th class="details-col">Details</th>
	</tr></thead>
	<tbody>
			<tr class="event-row">
				<td><i class="fa fa-check text-pass"></i></td>
				<td>3:22:10 AM</td>
				<td>
						passed
				</td>
			</tr>
	</tbody>
</table>
</div>
					</div>
				</li>
			</ul>
		</div>
	</div>
	<div class="test-content scrollable">
		<div class="test-content-tools">
			<ul>
				<li>
					<a class="back-to-test" href="javascript:void(0)">
					<i class="fa fa-arrow-left"></i>
					</a>
				</li>
			</ul>
		</div>
		<div class="test-content-detail">
			<div class="detail-body"></div>
		</div>
	</div>
</div><div class="test-wrapper row exception-view attributes-view">
	<div class="test-list">
		<div class="test-list-tools">
			<ul class="tools pull-left">
				<li>
					<a href="">
					<span class="font-size-14">Exception</span>
					</a>
				</li>
			</ul>
			<ul class="tools text-right">
				<li>
					<a href="#">
					<span class="badge badge-primary">4</span>
					</a>
				</li>
			</ul>
		</div>
		<div class="test-list-wrapper scrollable">
			<ul class="test-list-item">
				<li class="test-item">
					<div class="open-test">
						<div class="test-detail">
							<p class="name">java.io.FileNotFoundException</p>
							<p class="duration text-sm">1 tests</p>
						</div>
					</div>
					<div class="test-contents d-none">
						<div class="info">
							<h4>java.io.FileNotFoundException</h4>
						</div>
						<table class='table table-sm mt-4'>
							<thead>
								<tr>
									<th class="status-col">Status</th>
									<th class="timestamp-col">Timestamp</th>
									<th>TestName</th>
								</tr>
							</thead>
							<tbody>
								<tr>
									<td>
										<div class='status-avatar skip-bg'>
											<i class="fa fa-long-arrow-right text-white"></i>
										</div>
									</td>
									<td>03:20:10 AM</td>
									<td class='linked' test-id='14'>
										readData
									</td>
								</tr>
							</tbody>
						</table>
					</div>
				</li>
				<li class="test-item">
					<div class="open-test">
						<div class="test-detail">
							<p class="name">java.lang.IllegalArgumentException</p>
							<p class="duration text-sm">17 tests</p>
						</div>
					</div>
					<div class="test-contents d-none">
						<div class="info">
							<h4>java.lang.IllegalArgumentException</h4>
						</div>
						<table class='table table-sm mt-4'>
							<thead>
								<tr>
									<th class="status-col">Status</th>
									<th class="timestamp-col">Timestamp</th>
									<th>TestName</th>
								</tr>
							</thead>
							<tbody>
								<tr>
									<td>
										<div class='status-avatar skip-bg'>
											<i class="fa fa-long-arrow-right text-white"></i>
										</div>
									</td>
									<td>03:20:15 AM</td>
									<td class='linked' test-id='16'>
										selenium4testTakeScreenShot
									</td>
								</tr>
								<tr>
									<td>
										<div class='status-avatar skip-bg'>
											<i class="fa fa-long-arrow-right text-white"></i>
										</div>
									</td>
									<td>03:20:15 AM</td>
									<td class='linked' test-id='17'>
										testTakeScreenShot
									</td>
								</tr>
								<tr>
									<td>
										<div class='status-avatar skip-bg'>
											<i class="fa fa-long-arrow-right text-white"></i>
										</div>
									</td>
									<td>03:20:15 AM</td>
									<td class='linked' test-id='19'>
										alertClassTest
									</td>
								</tr>
								<tr>
									<td>
										<div class='status-avatar skip-bg'>
											<i class="fa fa-long-arrow-right text-white"></i>
										</div>
									</td>
									<td>03:20:22 AM</td>
									<td class='linked' test-id='22'>
										testCheckBox
									</td>
								</tr>
								<tr>
									<td>
										<div class='status-avatar skip-bg'>
											<i class="fa fa-long-arrow-right text-white"></i>
										</div>
									</td>
									<td>03:20:22 AM</td>
									<td class='linked' test-id='23'>
										testRadioButton
									</td>
								</tr>
								<tr>
									<td>
										<div class='status-avatar skip-bg'>
											<i class="fa fa-long-arrow-right text-white"></i>
										</div>
									</td>
									<td>03:20:26 AM</td>
									<td class='linked' test-id='24'>
										testChildWindowHandle
									</td>
								</tr>
								<tr>
									<td>
										<div class='status-avatar skip-bg'>
											<i class="fa fa-long-arrow-right text-white"></i>
										</div>
									</td>
									<td>03:20:52 AM</td>
									<td class='linked' test-id='28'>
										testDrawBorder
									</td>
								</tr>
								<tr>
									<td>
										<div class='status-avatar skip-bg'>
											<i class="fa fa-long-arrow-right text-white"></i>
										</div>
									</td>
									<td>03:20:56 AM</td>
									<td class='linked' test-id='36'>
										testDropdownUsingSelectClass
									</td>
								</tr>
								<tr>
									<td>
										<div class='status-avatar skip-bg'>
											<i class="fa fa-long-arrow-right text-white"></i>
										</div>
									</td>
									<td>03:20:56 AM</td>
									<td class='linked' test-id='37'>
										testDynamicDropDownList
									</td>
								</tr>
								<tr>
									<td>
										<div class='status-avatar skip-bg'>
											<i class="fa fa-long-arrow-right text-white"></i>
										</div>
									</td>
									<td>03:20:59 AM</td>
									<td class='linked' test-id='38'>
										testFluentWait
									</td>
								</tr>
								<tr>
									<td>
										<div class='status-avatar skip-bg'>
											<i class="fa fa-long-arrow-right text-white"></i>
										</div>
									</td>
									<td>03:20:59 AM</td>
									<td class='linked' test-id='39'>
										testImplicitlyWait
									</td>
								</tr>
								<tr>
									<td>
										<div class='status-avatar skip-bg'>
											<i class="fa fa-long-arrow-right text-white"></i>
										</div>
									</td>
									<td>03:20:59 AM</td>
									<td class='linked' test-id='40'>
										testWebDriverWait
									</td>
								</tr>
								<tr>
									<td>
										<div class='status-avatar skip-bg'>
											<i class="fa fa-long-arrow-right text-white"></i>
										</div>
									</td>
									<td>03:21:11 AM</td>
									<td class='linked' test-id='43'>
										testdynamicWebTable
									</td>
								</tr>
								<tr>
									<td>
										<div class='status-avatar skip-bg'>
											<i class="fa fa-long-arrow-right text-white"></i>
										</div>
									</td>
									<td>03:21:13 AM</td>
									<td class='linked' test-id='44'>
										testDynamicCalendar
									</td>
								</tr>
								<tr>
									<td>
										<div class='status-avatar skip-bg'>
											<i class="fa fa-long-arrow-right text-white"></i>
										</div>
									</td>
									<td>03:21:13 AM</td>
									<td class='linked' test-id='45'>
										testMouseHover
									</td>
								</tr>
								<tr>
									<td>
										<div class='status-avatar skip-bg'>
											<i class="fa fa-long-arrow-right text-white"></i>
										</div>
									</td>
									<td>03:21:15 AM</td>
									<td class='linked' test-id='46'>
										testJavaScriptExecutor
									</td>
								</tr>
								<tr>
									<td>
										<div class='status-avatar fail-bg'>
											<i class="fa fa-times text-white"></i>
										</div>
									</td>
									<td>03:21:26 AM</td>
									<td class='linked' test-id='48'>
										testMouseHover
									</td>
								</tr>
							</tbody>
						</table>
					</div>
				</li>
				<li class="test-item">
					<div class="open-test">
						<div class="test-detail">
							<p class="name">org.openqa.selenium.WebDriverException</p>
							<p class="duration text-sm">2 tests</p>
						</div>
					</div>
					<div class="test-contents d-none">
						<div class="info">
							<h4>org.openqa.selenium.WebDriverException</h4>
						</div>
						<table class='table table-sm mt-4'>
							<thead>
								<tr>
									<th class="status-col">Status</th>
									<th class="timestamp-col">Timestamp</th>
									<th>TestName</th>
								</tr>
							</thead>
							<tbody>
								<tr>
									<td>
										<div class='status-avatar skip-bg'>
											<i class="fa fa-long-arrow-right text-white"></i>
										</div>
									</td>
									<td>03:20:45 AM</td>
									<td class='linked' test-id='26'>
										testUsingParentKeywordByXpath
									</td>
								</tr>
								<tr>
									<td>
										<div class='status-avatar skip-bg'>
											<i class="fa fa-long-arrow-right text-white"></i>
										</div>
									</td>
									<td>03:20:45 AM</td>
									<td class='linked' test-id='27'>
										testUsingTextFunctionWithXpath
									</td>
								</tr>
							</tbody>
						</table>
					</div>
				</li>
				<li class="test-item">
					<div class="open-test">
						<div class="test-detail">
							<p class="name">java.lang.NullPointerException</p>
							<p class="duration text-sm">1 tests</p>
						</div>
					</div>
					<div class="test-contents d-none">
						<div class="info">
							<h4>java.lang.NullPointerException</h4>
						</div>
						<table class='table table-sm mt-4'>
							<thead>
								<tr>
									<th class="status-col">Status</th>
									<th class="timestamp-col">Timestamp</th>
									<th>TestName</th>
								</tr>
							</thead>
							<tbody>
								<tr>
									<td>
										<div class='status-avatar fail-bg'>
											<i class="fa fa-times text-white"></i>
										</div>
									</td>
									<td>03:21:26 AM</td>
									<td class='linked' test-id='48'>
										testMouseHover
									</td>
								</tr>
							</tbody>
						</table>
					</div>
				</li>
			</ul>
		</div>
	</div>
	<div class="test-content scrollable">
		<div class="test-content-tools">
			<ul>
				<li>
					<a class="back-to-test" href="javascript:void(0)">
					<i class="fa fa-arrow-left"></i>
					</a>
				</li>
			</ul>
		</div>
		<div class="test-content-detail">
			<div class="detail-body"></div>
		</div>
	</div>
</div>                    <!-- dashboard -->
<div class="container-fluid p-4 dashboard-view">
	<div class="row">
		<div class="col-md-6">
			<div class="card">
				<div class="card-header">
					<h6 class="card-title">Tests</h6>
				</div>
				<div class="card-body">
					<div class="">
						<canvas id='parent-analysis' width='115' height='90'></canvas>
					</div>
				</div>
				<div class="card-footer">
					<div><small data-tooltip='60.784%'>
						<b>31</b> tests passed
						</small>
					</div>
					<div>
						<small data-tooltip='1.961%'><b>1</b> tests failed, 
						<b>19</b> skipped, <b data-tooltip='0%'>0</b> others
						</small>
					</div>
				</div>
			</div>
		</div>
		<div class="col-md-6">
			<div class="card">
				<div class="card-header">
					<h6 class="card-title">Log events</h6>
				</div>
				<div class="card-body">
					<div class="">
						<canvas id='events-analysis' width='115' height='90'></canvas>
					</div>
				</div>
				<div class="card-footer">
					<div><small data-tooltip='59.615%'><b>31</b> events passed</small></div>
					<div>
						<small data-tooltip='3.846%'><b>2</b> events failed, 
						<b data-tooltip='36.538%'>19</b> others
						</small>
					</div>
				</div>
			</div>
		</div>
	</div>
	<div class="row">
		<div class="col-md-3">
			<div class="card">
				<div class="card-body box-height-150">
					<div class="media justify-content-between">
						<div class="card-header">
							<h6 class="card-title">Tests</h6>
							<h2 class="font-size-28 font-weight-light mt-3">51</h2>
							<span class="text-semibold text-success font-size-15">
							<i class="ti-arrow-up font-size-11"></i> 
							<span>60.78%</span>
							</span>
						</div>
						<div class="align-self-end">
							<i class="fa fa-align-left font-size-70 opacity-01"></i>
						</div>
					</div>
				</div>
			</div>
		</div>
		<div class="col-md-3">
			<div class="card">
				<div class="card-body box-height-150">
					<div class="media justify-content-between">
						<div class="card-header">
							<h6 class="card-title">Start</h6>
							<h4 class="font-weight-light mt-4">Aug 21, 2023 03:19:16 AM</h4>
							<span class="text-semibold text-success font-size-15">
						</div>
						<div class="align-self-end">
							<i class="fa fa-clock-o font-size-70 text-success opacity-01"></i>
						</div>
					</div>
				</div>
			</div>
		</div>
		<div class="col-md-3">
			<div class="card">
				<div class="card-body box-height-150">
					<div class="media justify-content-between">
						<div class="card-header">
							<h6 class="card-title">Duration</h6>
							<h4 class="font-weight-light mt-4">0h 7m 51s+551ms</h4>
							<span class="text-semibold font-size-15">
						</div>
						<div class="align-self-end">
							<i class="fa fa-clock-o font-size-70 opacity-01"></i>
						</div>
					</div>
				</div>
			</div>
		</div>
	</div>
	<div class="row">
		<div class="col-md-12">
			<div class="card">
				<div class="card-header">
					<h6 class="card-title">Timeline</h6>
				</div>
				<div class="card-body">
					<div class="">
						<canvas id="timeline" height="120"></canvas>
					</div>
				</div>
			</div>
		</div>
	</div>
	<div class="row">
		<div class="col-md-4">
			<div class="card">
				<div class="card-header">
					<h6 class="card-title">Environment</h6>
				</div>
				<div class="table-overflow">
					<table class="table table-sm">
						<thead>
							<tr class="bg-gray">
								<th>Name</th>
								<th>Value</th>
							</tr>
						</thead>
						<tbody>
							<tr>
								<td>Operating System </td>
								<td>Windows 11</td>
							</tr>
						</tbody>
					</table>
				</div>
			</div>
		</div>
	</div>
</div>
<script>
	var statusGroup = {
	    parentCount: 51,
		passParent: 31,
		failParent: 1,
		fatalParent: 0,
		errorParent: 0,
		warningParent: 0,
		skipParent: 19,
		exceptionsParent: 20,
		childCount: 0,
		passChild: 0,
		failChild: 0,
		fatalChild: 0,
		errorChild: 0,
		warningChild: 0,
		skipChild: 0,
		infoChild: 0,
		debugChild: 0,
		exceptionsChild: 0,
		grandChildCount: 0,
		passGrandChild: 0,
		failGrandChild: 0,
		fatalGrandChild: 0,
		errorGrandChild: 0,
		warningGrandChild: 0,
		skipGrandChild: 0,
		infoGrandChild: 0,
		debugGrandChild: 0,
		exceptionsGrandChild: 0,
		eventsCount: 52,
		passEvents: 31,
		failEvents: 2,
		fatalEvents: 0,
		errorEvents: 0,
		warningEvents: 0,
		skipEvents: 19,
		infoEvents: 0,
		debugEvents: 0,
		exceptionsEvents: 0
	};
</script>
<script>
	var timeline = {
	        "openBrowserInMobileView":7.677,"devToolsTest":10.356,"className_LocatorTest":4.252,"parentToChildTestUsingChild":0.646,"parentToChildTestUsingForwardSlash":1.009,"testGeoLocation":14.099,"cssSelector_LocatorTest":0.44,"securityCertificates":1.303,"testUsingContainsMethodWithxpath":1.933,"id_LocatorTest":0.065,"testNetwork":2.76,"printJsonData":0.746,"propertiesFileTest":0.011,"readData":0.002,"testThreadSafeDriver":27.783,"selenium4testTakeScreenShot":0.001,"testTakeScreenShot":0.001,"testBrokenListUsingHttpsURLConnection":78.667,"alertClassTest":0,"testUsingFollowingsibkingByXpath":0.438,"linkText_LocatorTest":3.261,"testCheckBox":0.002,"testRadioButton":0.002,"testChildWindowHandle":0.001,"testCssSelectorWithPartialText":0.244,"testUsingParentKeywordByXpath":0.016,"testUsingTextFunctionWithXpath":0,"testDrawBorder":0,"testExtentReport03":0.002,"testExtentReport2":0.003,"testExtentReport":0.002,"name_LocatorTest":19.076,"testDropdownUsingSelectClass":0.001,"testDynamicDropDownList":0,"testFluentWait":0.002,"testImplicitlyWait":0.001,"testWebDriverWait":0.001,"testThreadSafeDriver":9.614,"testFrame":2.787,"testdynamicWebTable":0,"testDynamicCalendar":0.001,"testMouseHover":3.508,"testJavaScriptExecutor":0,"partialLinkText_LocatorTest":2.873,"testMouseHover":2.473,"testThreadSafeDriver":5.196,"relativeLocatorBelow":1.908,"testBrokenLink":327.986,"relativeLocator_above":2.222,"tagName_LocatorTest":0.033,"xpath_LocatorTest":0.289
	};
</script>
                </div>
            </div>
        </div>
    </div>
    <script src="https://cdn.jsdelivr.net/gh/extent-framework/extent-github-cdn@ac7abbc71b4bb073da00153a5a3fdbcfe0c95e2a/spark/js/spark-script.js"></script>
<script type="text/javascript">


</script></body>
</html>